{"/Users/duma/Projects/luma/frontend/src/App.tsx": {"path":"/Users/duma/Projects/luma/frontend/src/App.tsx","statementMap":{"0":{"start":{"line":40,"column":64},"end":{"line":57,"column":null}},"1":{"start":{"line":41,"column":37},"end":{"line":41,"column":null}},"2":{"start":{"line":43,"column":2},"end":{"line":51,"column":null}},"3":{"start":{"line":44,"column":4},"end":{"line":49,"column":null}},"4":{"start":{"line":53,"column":2},"end":{"line":55,"column":null}},"5":{"start":{"line":54,"column":4},"end":{"line":54,"column":null}},"6":{"start":{"line":56,"column":2},"end":{"line":56,"column":null}},"7":{"start":{"line":59,"column":22},"end":{"line":294,"column":null}},"8":{"start":{"line":60,"column":2},"end":{"line":292,"column":null}}},"fnMap":{"0":{"name":"(anonymous_0)","decl":{"start":{"line":40,"column":64},"end":{"line":40,"column":65}},"loc":{"start":{"line":40,"column":82},"end":{"line":57,"column":null}},"line":40},"1":{"name":"(anonymous_1)","decl":{"start":{"line":59,"column":22},"end":{"line":59,"column":28}},"loc":{"start":{"line":59,"column":28},"end":{"line":294,"column":null}},"line":59}},"branchMap":{"0":{"loc":{"start":{"line":43,"column":2},"end":{"line":51,"column":null}},"type":"if","locations":[{"start":{"line":43,"column":2},"end":{"line":51,"column":null}},{"start":{},"end":{}}],"line":43},"1":{"loc":{"start":{"line":53,"column":2},"end":{"line":55,"column":null}},"type":"if","locations":[{"start":{"line":53,"column":2},"end":{"line":55,"column":null}},{"start":{},"end":{}}],"line":53}},"s":{"0":1,"1":1,"2":1,"3":0,"4":1,"5":0,"6":1,"7":1,"8":1},"f":{"0":1,"1":1},"b":{"0":[0,1],"1":[0,1]},"meta":{"lastBranch":2,"lastFunction":2,"lastStatement":9,"seen":{"s:40:64:57:Infinity":0,"f:40:64:40:65":0,"s:41:37:41:Infinity":1,"b:43:2:51:Infinity:undefined:undefined:undefined:undefined":0,"s:43:2:51:Infinity":2,"s:44:4:49:Infinity":3,"b:53:2:55:Infinity:undefined:undefined:undefined:undefined":1,"s:53:2:55:Infinity":4,"s:54:4:54:Infinity":5,"s:56:2:56:Infinity":6,"s:59:22:294:Infinity":7,"f:59:22:59:28":1,"s:60:2:292:Infinity":8}}}
,"/Users/duma/Projects/luma/frontend/src/components/AdminRoute.tsx": {"path":"/Users/duma/Projects/luma/frontend/src/components/AdminRoute.tsx","statementMap":{"0":{"start":{"line":10,"column":46},"end":{"line":31,"column":null}},"1":{"start":{"line":11,"column":45},"end":{"line":11,"column":null}},"2":{"start":{"line":13,"column":4},"end":{"line":20,"column":null}},"3":{"start":{"line":14,"column":8},"end":{"line":18,"column":null}},"4":{"start":{"line":22,"column":4},"end":{"line":24,"column":null}},"5":{"start":{"line":23,"column":8},"end":{"line":23,"column":null}},"6":{"start":{"line":26,"column":4},"end":{"line":28,"column":null}},"7":{"start":{"line":27,"column":8},"end":{"line":27,"column":null}},"8":{"start":{"line":30,"column":4},"end":{"line":30,"column":null}}},"fnMap":{"0":{"name":"(anonymous_0)","decl":{"start":{"line":10,"column":46},"end":{"line":10,"column":47}},"loc":{"start":{"line":10,"column":64},"end":{"line":31,"column":null}},"line":10}},"branchMap":{"0":{"loc":{"start":{"line":13,"column":4},"end":{"line":20,"column":null}},"type":"if","locations":[{"start":{"line":13,"column":4},"end":{"line":20,"column":null}},{"start":{},"end":{}}],"line":13},"1":{"loc":{"start":{"line":22,"column":4},"end":{"line":24,"column":null}},"type":"if","locations":[{"start":{"line":22,"column":4},"end":{"line":24,"column":null}},{"start":{},"end":{}}],"line":22},"2":{"loc":{"start":{"line":26,"column":4},"end":{"line":28,"column":null}},"type":"if","locations":[{"start":{"line":26,"column":4},"end":{"line":28,"column":null}},{"start":{},"end":{}}],"line":26}},"s":{"0":1,"1":0,"2":0,"3":0,"4":0,"5":0,"6":0,"7":0,"8":0},"f":{"0":0},"b":{"0":[0,0],"1":[0,0],"2":[0,0]},"meta":{"lastBranch":3,"lastFunction":1,"lastStatement":9,"seen":{"s:10:46:31:Infinity":0,"f:10:46:10:47":0,"s:11:45:11:Infinity":1,"b:13:4:20:Infinity:undefined:undefined:undefined:undefined":0,"s:13:4:20:Infinity":2,"s:14:8:18:Infinity":3,"b:22:4:24:Infinity:undefined:undefined:undefined:undefined":1,"s:22:4:24:Infinity":4,"s:23:8:23:Infinity":5,"b:26:4:28:Infinity:undefined:undefined:undefined:undefined":2,"s:26:4:28:Infinity":6,"s:27:8:27:Infinity":7,"s:30:4:30:Infinity":8}}}
,"/Users/duma/Projects/luma/frontend/src/components/BottomNav.tsx": {"path":"/Users/duma/Projects/luma/frontend/src/components/BottomNav.tsx","statementMap":{"0":{"start":{"line":6,"column":28},"end":{"line":106,"column":null}},"1":{"start":{"line":7,"column":10},"end":{"line":7,"column":null}},"2":{"start":{"line":8,"column":10},"end":{"line":8,"column":null}},"3":{"start":{"line":9,"column":19},"end":{"line":9,"column":null}},"4":{"start":{"line":10,"column":17},"end":{"line":10,"column":null}},"5":{"start":{"line":11,"column":42},"end":{"line":11,"column":null}},"6":{"start":{"line":13,"column":4},"end":{"line":27,"column":null}},"7":{"start":{"line":14,"column":33},"end":{"line":22,"column":null}},"8":{"start":{"line":15,"column":12},"end":{"line":21,"column":null}},"9":{"start":{"line":16,"column":48},"end":{"line":16,"column":null}},"10":{"start":{"line":17,"column":29},"end":{"line":17,"column":null}},"11":{"start":{"line":18,"column":16},"end":{"line":18,"column":null}},"12":{"start":{"line":20,"column":16},"end":{"line":20,"column":null}},"13":{"start":{"line":24,"column":8},"end":{"line":24,"column":null}},"14":{"start":{"line":25,"column":25},"end":{"line":25,"column":null}},"15":{"start":{"line":26,"column":8},"end":{"line":26,"column":null}},"16":{"start":{"line":26,"column":21},"end":{"line":26,"column":null}},"17":{"start":{"line":30,"column":4},"end":{"line":35,"column":null}},"18":{"start":{"line":31,"column":8},"end":{"line":31,"column":null}},"19":{"start":{"line":31,"column":21},"end":{"line":31,"column":null}},"20":{"start":{"line":32,"column":24},"end":{"line":32,"column":null}},"21":{"start":{"line":32,"column":30},"end":{"line":32,"column":null}},"22":{"start":{"line":32,"column":53},"end":{"line":32,"column":61}},"23":{"start":{"line":33,"column":8},"end":{"line":33,"column":null}},"24":{"start":{"line":34,"column":8},"end":{"line":34,"column":null}},"25":{"start":{"line":34,"column":23},"end":{"line":34,"column":64}},"26":{"start":{"line":37,"column":21},"end":{"line":37,"column":null}},"27":{"start":{"line":37,"column":39},"end":{"line":37,"column":null}},"28":{"start":{"line":39,"column":4},"end":{"line":104,"column":null}},"29":{"start":{"line":43,"column":31},"end":{"line":43,"column":null}},"30":{"start":{"line":51,"column":31},"end":{"line":51,"column":null}},"31":{"start":{"line":59,"column":31},"end":{"line":59,"column":null}},"32":{"start":{"line":67,"column":31},"end":{"line":67,"column":null}},"33":{"start":{"line":75,"column":31},"end":{"line":75,"column":null}},"34":{"start":{"line":89,"column":31},"end":{"line":89,"column":null}},"35":{"start":{"line":98,"column":35},"end":{"line":98,"column":null}}},"fnMap":{"0":{"name":"(anonymous_0)","decl":{"start":{"line":6,"column":28},"end":{"line":6,"column":34}},"loc":{"start":{"line":6,"column":34},"end":{"line":106,"column":null}},"line":6},"1":{"name":"(anonymous_1)","decl":{"start":{"line":13,"column":20},"end":{"line":13,"column":26}},"loc":{"start":{"line":13,"column":26},"end":{"line":27,"column":7}},"line":13},"2":{"name":"(anonymous_2)","decl":{"start":{"line":14,"column":33},"end":{"line":14,"column":45}},"loc":{"start":{"line":14,"column":45},"end":{"line":22,"column":null}},"line":14},"3":{"name":"(anonymous_3)","decl":{"start":{"line":26,"column":15},"end":{"line":26,"column":21}},"loc":{"start":{"line":26,"column":21},"end":{"line":26,"column":null}},"line":26},"4":{"name":"(anonymous_4)","decl":{"start":{"line":30,"column":20},"end":{"line":30,"column":26}},"loc":{"start":{"line":30,"column":26},"end":{"line":35,"column":7}},"line":30},"5":{"name":"(anonymous_5)","decl":{"start":{"line":32,"column":24},"end":{"line":32,"column":30}},"loc":{"start":{"line":32,"column":30},"end":{"line":32,"column":null}},"line":32},"6":{"name":"(anonymous_6)","decl":{"start":{"line":32,"column":45},"end":{"line":32,"column":53}},"loc":{"start":{"line":32,"column":53},"end":{"line":32,"column":61}},"line":32},"7":{"name":"(anonymous_7)","decl":{"start":{"line":34,"column":15},"end":{"line":34,"column":21}},"loc":{"start":{"line":34,"column":21},"end":{"line":34,"column":null}},"line":34},"8":{"name":"(anonymous_8)","decl":{"start":{"line":37,"column":21},"end":{"line":37,"column":22}},"loc":{"start":{"line":37,"column":39},"end":{"line":37,"column":null}},"line":37},"9":{"name":"(anonymous_9)","decl":{"start":{"line":43,"column":25},"end":{"line":43,"column":31}},"loc":{"start":{"line":43,"column":31},"end":{"line":43,"column":null}},"line":43},"10":{"name":"(anonymous_10)","decl":{"start":{"line":51,"column":25},"end":{"line":51,"column":31}},"loc":{"start":{"line":51,"column":31},"end":{"line":51,"column":null}},"line":51},"11":{"name":"(anonymous_11)","decl":{"start":{"line":59,"column":25},"end":{"line":59,"column":31}},"loc":{"start":{"line":59,"column":31},"end":{"line":59,"column":null}},"line":59},"12":{"name":"(anonymous_12)","decl":{"start":{"line":67,"column":25},"end":{"line":67,"column":31}},"loc":{"start":{"line":67,"column":31},"end":{"line":67,"column":null}},"line":67},"13":{"name":"(anonymous_13)","decl":{"start":{"line":75,"column":25},"end":{"line":75,"column":31}},"loc":{"start":{"line":75,"column":31},"end":{"line":75,"column":null}},"line":75},"14":{"name":"(anonymous_14)","decl":{"start":{"line":89,"column":25},"end":{"line":89,"column":31}},"loc":{"start":{"line":89,"column":31},"end":{"line":89,"column":null}},"line":89},"15":{"name":"(anonymous_15)","decl":{"start":{"line":98,"column":29},"end":{"line":98,"column":35}},"loc":{"start":{"line":98,"column":35},"end":{"line":98,"column":null}},"line":98}},"branchMap":{"0":{"loc":{"start":{"line":31,"column":8},"end":{"line":31,"column":null}},"type":"if","locations":[{"start":{"line":31,"column":8},"end":{"line":31,"column":null}},{"start":{},"end":{}}],"line":31},"1":{"loc":{"start":{"line":42,"column":39},"end":{"line":42,"column":68}},"type":"cond-expr","locations":[{"start":{"line":42,"column":55},"end":{"line":42,"column":66}},{"start":{"line":42,"column":66},"end":{"line":42,"column":68}}],"line":42},"2":{"loc":{"start":{"line":50,"column":39},"end":{"line":50,"column":74}},"type":"cond-expr","locations":[{"start":{"line":50,"column":61},"end":{"line":50,"column":72}},{"start":{"line":50,"column":72},"end":{"line":50,"column":74}}],"line":50},"3":{"loc":{"start":{"line":58,"column":39},"end":{"line":58,"column":75}},"type":"cond-expr","locations":[{"start":{"line":58,"column":62},"end":{"line":58,"column":73}},{"start":{"line":58,"column":73},"end":{"line":58,"column":75}}],"line":58},"4":{"loc":{"start":{"line":66,"column":39},"end":{"line":66,"column":76}},"type":"cond-expr","locations":[{"start":{"line":66,"column":63},"end":{"line":66,"column":74}},{"start":{"line":66,"column":74},"end":{"line":66,"column":76}}],"line":66},"5":{"loc":{"start":{"line":74,"column":39},"end":{"line":74,"column":81}},"type":"cond-expr","locations":[{"start":{"line":74,"column":68},"end":{"line":74,"column":79}},{"start":{"line":74,"column":79},"end":{"line":74,"column":81}}],"line":74},"6":{"loc":{"start":{"line":80,"column":17},"end":{"line":83,"column":null}},"type":"binary-expr","locations":[{"start":{"line":80,"column":17},"end":{"line":80,"column":null}},{"start":{"line":81,"column":20},"end":{"line":83,"column":null}}],"line":80},"7":{"loc":{"start":{"line":82,"column":25},"end":{"line":82,"column":null}},"type":"cond-expr","locations":[{"start":{"line":82,"column":44},"end":{"line":82,"column":52}},{"start":{"line":82,"column":52},"end":{"line":82,"column":null}}],"line":82},"8":{"loc":{"start":{"line":88,"column":39},"end":{"line":88,"column":75}},"type":"cond-expr","locations":[{"start":{"line":88,"column":62},"end":{"line":88,"column":73}},{"start":{"line":88,"column":73},"end":{"line":88,"column":75}}],"line":88},"9":{"loc":{"start":{"line":95,"column":13},"end":{"line":102,"column":null}},"type":"binary-expr","locations":[{"start":{"line":95,"column":13},"end":{"line":95,"column":null}},{"start":{"line":96,"column":16},"end":{"line":102,"column":null}}],"line":95},"10":{"loc":{"start":{"line":97,"column":43},"end":{"line":97,"column":77}},"type":"cond-expr","locations":[{"start":{"line":97,"column":64},"end":{"line":97,"column":75}},{"start":{"line":97,"column":75},"end":{"line":97,"column":77}}],"line":97}},"s":{"0":6,"1":152,"2":152,"3":152,"4":152,"5":152,"6":152,"7":22,"8":22,"9":22,"10":22,"11":8,"12":12,"13":22,"14":22,"15":22,"16":22,"17":152,"18":22,"19":22,"20":0,"21":0,"22":0,"23":0,"24":0,"25":0,"26":152,"27":912,"28":152,"29":0,"30":0,"31":0,"32":0,"33":0,"34":0,"35":0},"f":{"0":152,"1":22,"2":22,"3":22,"4":22,"5":0,"6":0,"7":0,"8":912,"9":0,"10":0,"11":0,"12":0,"13":0,"14":0,"15":0},"b":{"0":[22,0],"1":[20,132],"2":[0,152],"3":[12,140],"4":[0,152],"5":[0,152],"6":[152,0],"7":[0,0],"8":[30,122],"9":[152,0],"10":[0,0]},"meta":{"lastBranch":11,"lastFunction":16,"lastStatement":36,"seen":{"s:6:28:106:Infinity":0,"f:6:28:6:34":0,"s:7:10:7:Infinity":1,"s:8:10:8:Infinity":2,"s:9:19:9:Infinity":3,"s:10:17:10:Infinity":4,"s:11:42:11:Infinity":5,"s:13:4:27:Infinity":6,"f:13:20:13:26":1,"s:14:33:22:Infinity":7,"f:14:33:14:45":2,"s:15:12:21:Infinity":8,"s:16:48:16:Infinity":9,"s:17:29:17:Infinity":10,"s:18:16:18:Infinity":11,"s:20:16:20:Infinity":12,"s:24:8:24:Infinity":13,"s:25:25:25:Infinity":14,"s:26:8:26:Infinity":15,"f:26:15:26:21":3,"s:26:21:26:Infinity":16,"s:30:4:35:Infinity":17,"f:30:20:30:26":4,"b:31:8:31:Infinity:undefined:undefined:undefined:undefined":0,"s:31:8:31:Infinity":18,"s:31:21:31:Infinity":19,"s:32:24:32:Infinity":20,"f:32:24:32:30":5,"s:32:30:32:Infinity":21,"f:32:45:32:53":6,"s:32:53:32:61":22,"s:33:8:33:Infinity":23,"s:34:8:34:Infinity":24,"f:34:15:34:21":7,"s:34:23:34:64":25,"s:37:21:37:Infinity":26,"f:37:21:37:22":8,"s:37:39:37:Infinity":27,"s:39:4:104:Infinity":28,"b:42:55:42:66:42:66:42:68":1,"f:43:25:43:31":9,"s:43:31:43:Infinity":29,"b:50:61:50:72:50:72:50:74":2,"f:51:25:51:31":10,"s:51:31:51:Infinity":30,"b:58:62:58:73:58:73:58:75":3,"f:59:25:59:31":11,"s:59:31:59:Infinity":31,"b:66:63:66:74:66:74:66:76":4,"f:67:25:67:31":12,"s:67:31:67:Infinity":32,"b:74:68:74:79:74:79:74:81":5,"f:75:25:75:31":13,"s:75:31:75:Infinity":33,"b:80:17:80:Infinity:81:20:83:Infinity":6,"b:82:44:82:52:82:52:82:Infinity":7,"b:88:62:88:73:88:73:88:75":8,"f:89:25:89:31":14,"s:89:31:89:Infinity":34,"b:95:13:95:Infinity:96:16:102:Infinity":9,"b:97:64:97:75:97:75:97:77":10,"f:98:29:98:35":15,"s:98:35:98:Infinity":35}}}
,"/Users/duma/Projects/luma/frontend/src/components/ErrorBoundary.tsx": {"path":"/Users/duma/Projects/luma/frontend/src/components/ErrorBoundary.tsx","statementMap":{"0":{"start":{"line":13,"column":26},"end":{"line":16,"column":null}},"1":{"start":{"line":28,"column":27},"end":{"line":30,"column":null}},"2":{"start":{"line":32,"column":27},"end":{"line":34,"column":null}},"3":{"start":{"line":20,"column":8},"end":{"line":20,"column":null}},"4":{"start":{"line":24,"column":8},"end":{"line":24,"column":null}},"5":{"start":{"line":29,"column":8},"end":{"line":29,"column":null}},"6":{"start":{"line":33,"column":8},"end":{"line":33,"column":null}},"7":{"start":{"line":37,"column":8},"end":{"line":69,"column":null}},"8":{"start":{"line":38,"column":12},"end":{"line":67,"column":null}},"9":{"start":{"line":71,"column":8},"end":{"line":71,"column":null}}},"fnMap":{"0":{"name":"(anonymous_0)","decl":{"start":{"line":18,"column":18},"end":{"line":18,"column":43}},"loc":{"start":{"line":18,"column":64},"end":{"line":21,"column":null}},"line":18},"1":{"name":"(anonymous_1)","decl":{"start":{"line":23,"column":11},"end":{"line":23,"column":29}},"loc":{"start":{"line":23,"column":65},"end":{"line":26,"column":null}},"line":23},"2":{"name":"(anonymous_2)","decl":{"start":{"line":28,"column":27},"end":{"line":28,"column":33}},"loc":{"start":{"line":28,"column":33},"end":{"line":30,"column":null}},"line":28},"3":{"name":"(anonymous_3)","decl":{"start":{"line":32,"column":27},"end":{"line":32,"column":33}},"loc":{"start":{"line":32,"column":33},"end":{"line":34,"column":null}},"line":32},"4":{"name":"(anonymous_4)","decl":{"start":{"line":36,"column":11},"end":{"line":36,"column":20}},"loc":{"start":{"line":36,"column":20},"end":{"line":72,"column":null}},"line":36}},"branchMap":{"0":{"loc":{"start":{"line":37,"column":8},"end":{"line":69,"column":null}},"type":"if","locations":[{"start":{"line":37,"column":8},"end":{"line":69,"column":null}},{"start":{},"end":{}}],"line":37},"1":{"loc":{"start":{"line":50,"column":25},"end":{"line":55,"column":null}},"type":"binary-expr","locations":[{"start":{"line":50,"column":25},"end":{"line":50,"column":null}},{"start":{"line":51,"column":28},"end":{"line":55,"column":null}}],"line":50}},"s":{"0":0,"1":0,"2":0,"3":0,"4":0,"5":0,"6":0,"7":0,"8":0,"9":0},"f":{"0":0,"1":0,"2":0,"3":0,"4":0},"b":{"0":[0,0],"1":[0,0]},"meta":{"lastBranch":2,"lastFunction":5,"lastStatement":10,"seen":{"s:13:26:16:Infinity":0,"s:28:27:30:Infinity":1,"s:32:27:34:Infinity":2,"f:18:18:18:43":0,"s:20:8:20:Infinity":3,"f:23:11:23:29":1,"s:24:8:24:Infinity":4,"f:28:27:28:33":2,"s:29:8:29:Infinity":5,"f:32:27:32:33":3,"s:33:8:33:Infinity":6,"f:36:11:36:20":4,"b:37:8:69:Infinity:undefined:undefined:undefined:undefined":0,"s:37:8:69:Infinity":7,"s:38:12:67:Infinity":8,"b:50:25:50:Infinity:51:28:55:Infinity":1,"s:71:8:71:Infinity":9}}}
,"/Users/duma/Projects/luma/frontend/src/components/PollUI.tsx": {"path":"/Users/duma/Projects/luma/frontend/src/components/PollUI.tsx","statementMap":{"0":{"start":{"line":11,"column":38},"end":{"line":85,"column":null}},"1":{"start":{"line":12,"column":24},"end":{"line":12,"column":null}},"2":{"start":{"line":13,"column":32},"end":{"line":13,"column":null}},"3":{"start":{"line":14,"column":21},"end":{"line":14,"column":null}},"4":{"start":{"line":16,"column":23},"end":{"line":30,"column":null}},"5":{"start":{"line":17,"column":8},"end":{"line":17,"column":null}},"6":{"start":{"line":17,"column":39},"end":{"line":17,"column":null}},"7":{"start":{"line":19,"column":8},"end":{"line":29,"column":null}},"8":{"start":{"line":20,"column":12},"end":{"line":20,"column":null}},"9":{"start":{"line":21,"column":12},"end":{"line":21,"column":null}},"10":{"start":{"line":22,"column":32},"end":{"line":22,"column":null}},"11":{"start":{"line":23,"column":12},"end":{"line":23,"column":null}},"12":{"start":{"line":24,"column":12},"end":{"line":24,"column":null}},"13":{"start":{"line":24,"column":24},"end":{"line":24,"column":null}},"14":{"start":{"line":26,"column":12},"end":{"line":26,"column":null}},"15":{"start":{"line":28,"column":12},"end":{"line":28,"column":null}},"16":{"start":{"line":32,"column":4},"end":{"line":83,"column":null}},"17":{"start":{"line":37,"column":20},"end":{"line":77,"column":null}},"18":{"start":{"line":51,"column":43},"end":{"line":51,"column":null}}},"fnMap":{"0":{"name":"(anonymous_0)","decl":{"start":{"line":11,"column":38},"end":{"line":11,"column":39}},"loc":{"start":{"line":11,"column":73},"end":{"line":85,"column":null}},"line":11},"1":{"name":"(anonymous_1)","decl":{"start":{"line":16,"column":23},"end":{"line":16,"column":30}},"loc":{"start":{"line":16,"column":51},"end":{"line":30,"column":null}},"line":16},"2":{"name":"(anonymous_2)","decl":{"start":{"line":36,"column":34},"end":{"line":36,"column":null}},"loc":{"start":{"line":37,"column":20},"end":{"line":77,"column":null}},"line":37},"3":{"name":"(anonymous_3)","decl":{"start":{"line":51,"column":37},"end":{"line":51,"column":43}},"loc":{"start":{"line":51,"column":43},"end":{"line":51,"column":null}},"line":51}},"branchMap":{"0":{"loc":{"start":{"line":17,"column":8},"end":{"line":17,"column":null}},"type":"if","locations":[{"start":{"line":17,"column":8},"end":{"line":17,"column":null}},{"start":{},"end":{}}],"line":17},"1":{"loc":{"start":{"line":17,"column":12},"end":{"line":17,"column":39}},"type":"binary-expr","locations":[{"start":{"line":17,"column":12},"end":{"line":17,"column":29}},{"start":{"line":17,"column":29},"end":{"line":17,"column":39}}],"line":17},"2":{"loc":{"start":{"line":24,"column":12},"end":{"line":24,"column":null}},"type":"if","locations":[{"start":{"line":24,"column":12},"end":{"line":24,"column":null}},{"start":{},"end":{}}],"line":24},"3":{"loc":{"start":{"line":26,"column":21},"end":{"line":26,"column":89}},"type":"binary-expr","locations":[{"start":{"line":26,"column":21},"end":{"line":26,"column":54}},{"start":{"line":26,"column":54},"end":{"line":26,"column":71}},{"start":{"line":26,"column":71},"end":{"line":26,"column":89}}],"line":26},"4":{"loc":{"start":{"line":38,"column":25},"end":{"line":48,"column":null}},"type":"binary-expr","locations":[{"start":{"line":38,"column":25},"end":{"line":38,"column":null}},{"start":{"line":39,"column":28},"end":{"line":48,"column":null}}],"line":38},"5":{"loc":{"start":{"line":45,"column":44},"end":{"line":45,"column":null}},"type":"cond-expr","locations":[{"start":{"line":45,"column":79},"end":{"line":45,"column":107}},{"start":{"line":45,"column":107},"end":{"line":45,"column":null}}],"line":45},"6":{"loc":{"start":{"line":52,"column":38},"end":{"line":52,"column":null}},"type":"binary-expr","locations":[{"start":{"line":52,"column":38},"end":{"line":52,"column":55}},{"start":{"line":52,"column":55},"end":{"line":52,"column":null}}],"line":52},"7":{"loc":{"start":{"line":61,"column":40},"end":{"line":61,"column":null}},"type":"cond-expr","locations":[{"start":{"line":61,"column":56},"end":{"line":61,"column":68}},{"start":{"line":61,"column":68},"end":{"line":61,"column":null}}],"line":61},"8":{"loc":{"start":{"line":68,"column":55},"end":{"line":68,"column":100}},"type":"cond-expr","locations":[{"start":{"line":68,"column":90},"end":{"line":68,"column":96}},{"start":{"line":68,"column":96},"end":{"line":68,"column":100}}],"line":68},"9":{"loc":{"start":{"line":69,"column":44},"end":{"line":69,"column":null}},"type":"binary-expr","locations":[{"start":{"line":69,"column":44},"end":{"line":69,"column":80}},{"start":{"line":69,"column":80},"end":{"line":69,"column":null}}],"line":69},"10":{"loc":{"start":{"line":71,"column":29},"end":{"line":74,"column":null}},"type":"binary-expr","locations":[{"start":{"line":71,"column":29},"end":{"line":71,"column":null}},{"start":{"line":72,"column":32},"end":{"line":74,"column":null}}],"line":71},"11":{"loc":{"start":{"line":81,"column":39},"end":{"line":81,"column":null}},"type":"cond-expr","locations":[{"start":{"line":81,"column":63},"end":{"line":81,"column":69}},{"start":{"line":81,"column":69},"end":{"line":81,"column":null}}],"line":81}},"s":{"0":4,"1":9,"2":9,"3":9,"4":9,"5":2,"6":0,"7":2,"8":2,"9":2,"10":1,"11":1,"12":1,"13":1,"14":1,"15":2,"16":9,"17":18,"18":2},"f":{"0":9,"1":2,"2":18,"3":2},"b":{"0":[0,2],"1":[2,2],"2":[1,0],"3":[1,0,0],"4":[18,4],"5":[2,2],"6":[18,14],"7":[4,14],"8":[2,16],"9":[18,2],"10":[18,4],"11":[9,0]},"meta":{"lastBranch":12,"lastFunction":4,"lastStatement":19,"seen":{"s:11:38:85:Infinity":0,"f:11:38:11:39":0,"s:12:24:12:Infinity":1,"s:13:32:13:Infinity":2,"s:14:21:14:Infinity":3,"s:16:23:30:Infinity":4,"f:16:23:16:30":1,"b:17:8:17:Infinity:undefined:undefined:undefined:undefined":0,"s:17:8:17:Infinity":5,"b:17:12:17:29:17:29:17:39":1,"s:17:39:17:Infinity":6,"s:19:8:29:Infinity":7,"s:20:12:20:Infinity":8,"s:21:12:21:Infinity":9,"s:22:32:22:Infinity":10,"s:23:12:23:Infinity":11,"b:24:12:24:Infinity:undefined:undefined:undefined:undefined":2,"s:24:12:24:Infinity":12,"s:24:24:24:Infinity":13,"s:26:12:26:Infinity":14,"b:26:21:26:54:26:54:26:71:26:71:26:89":3,"s:28:12:28:Infinity":15,"s:32:4:83:Infinity":16,"f:36:34:36:Infinity":2,"s:37:20:77:Infinity":17,"b:38:25:38:Infinity:39:28:48:Infinity":4,"b:45:79:45:107:45:107:45:Infinity":5,"f:51:37:51:43":3,"s:51:43:51:Infinity":18,"b:52:38:52:55:52:55:52:Infinity":6,"b:61:56:61:68:61:68:61:Infinity":7,"b:68:90:68:96:68:96:68:100":8,"b:69:44:69:80:69:80:69:Infinity":9,"b:71:29:71:Infinity:72:32:74:Infinity":10,"b:81:63:81:69:81:69:81:Infinity":11}}}
,"/Users/duma/Projects/luma/frontend/src/components/Skeleton.tsx": {"path":"/Users/duma/Projects/luma/frontend/src/components/Skeleton.tsx","statementMap":{"0":{"start":{"line":13,"column":42},"end":{"line":35,"column":null}},"1":{"start":{"line":22,"column":47},"end":{"line":27,"column":null}},"2":{"start":{"line":29,"column":4},"end":{"line":33,"column":null}}},"fnMap":{"0":{"name":"(anonymous_0)","decl":{"start":{"line":13,"column":42},"end":{"line":13,"column":43}},"loc":{"start":{"line":20,"column":6},"end":{"line":35,"column":null}},"line":20}},"branchMap":{"0":{"loc":{"start":{"line":14,"column":4},"end":{"line":14,"column":null}},"type":"default-arg","locations":[{"start":{"line":14,"column":12},"end":{"line":14,"column":null}}],"line":14},"1":{"loc":{"start":{"line":15,"column":4},"end":{"line":15,"column":null}},"type":"default-arg","locations":[{"start":{"line":15,"column":13},"end":{"line":15,"column":null}}],"line":15},"2":{"loc":{"start":{"line":16,"column":4},"end":{"line":16,"column":null}},"type":"default-arg","locations":[{"start":{"line":16,"column":19},"end":{"line":16,"column":null}}],"line":16},"3":{"loc":{"start":{"line":17,"column":4},"end":{"line":17,"column":null}},"type":"default-arg","locations":[{"start":{"line":17,"column":16},"end":{"line":17,"column":null}}],"line":17},"4":{"loc":{"start":{"line":18,"column":4},"end":{"line":18,"column":null}},"type":"default-arg","locations":[{"start":{"line":18,"column":12},"end":{"line":18,"column":null}}],"line":18},"5":{"loc":{"start":{"line":19,"column":4},"end":{"line":19,"column":null}},"type":"default-arg","locations":[{"start":{"line":19,"column":14},"end":{"line":19,"column":null}}],"line":19},"6":{"loc":{"start":{"line":23,"column":15},"end":{"line":23,"column":null}},"type":"cond-expr","locations":[{"start":{"line":23,"column":43},"end":{"line":23,"column":58}},{"start":{"line":23,"column":58},"end":{"line":23,"column":null}}],"line":23},"7":{"loc":{"start":{"line":24,"column":16},"end":{"line":24,"column":null}},"type":"cond-expr","locations":[{"start":{"line":24,"column":45},"end":{"line":24,"column":61}},{"start":{"line":24,"column":61},"end":{"line":24,"column":null}}],"line":24},"8":{"loc":{"start":{"line":25,"column":22},"end":{"line":25,"column":null}},"type":"cond-expr","locations":[{"start":{"line":25,"column":47},"end":{"line":25,"column":56}},{"start":{"line":25,"column":56},"end":{"line":25,"column":null}}],"line":25},"9":{"loc":{"start":{"line":25,"column":56},"end":{"line":25,"column":null}},"type":"cond-expr","locations":[{"start":{"line":25,"column":91},"end":{"line":25,"column":113}},{"start":{"line":25,"column":113},"end":{"line":25,"column":null}}],"line":25}},"s":{"0":6,"1":30,"2":30},"f":{"0":30},"b":{"0":[30],"1":[30],"2":[30],"3":[30],"4":[30],"5":[30],"6":[0,30],"7":[30,0],"8":[0,30],"9":[0,30]},"meta":{"lastBranch":10,"lastFunction":1,"lastStatement":3,"seen":{"s:13:42:35:Infinity":0,"f:13:42:13:43":0,"b:14:12:14:Infinity":0,"b:15:13:15:Infinity":1,"b:16:19:16:Infinity":2,"b:17:16:17:Infinity":3,"b:18:12:18:Infinity":4,"b:19:14:19:Infinity":5,"s:22:47:27:Infinity":1,"b:23:43:23:58:23:58:23:Infinity":6,"b:24:45:24:61:24:61:24:Infinity":7,"b:25:47:25:56:25:56:25:Infinity":8,"b:25:91:25:113:25:113:25:Infinity":9,"s:29:4:33:Infinity":2}}}
,"/Users/duma/Projects/luma/frontend/src/components/VideoUpload.tsx": {"path":"/Users/duma/Projects/luma/frontend/src/components/VideoUpload.tsx","statementMap":{"0":{"start":{"line":10,"column":48},"end":{"line":142,"column":null}},"1":{"start":{"line":11,"column":34},"end":{"line":11,"column":null}},"2":{"start":{"line":12,"column":32},"end":{"line":12,"column":null}},"3":{"start":{"line":13,"column":26},"end":{"line":13,"column":null}},"4":{"start":{"line":14,"column":36},"end":{"line":14,"column":null}},"5":{"start":{"line":16,"column":25},"end":{"line":76,"column":null}},"6":{"start":{"line":17,"column":21},"end":{"line":17,"column":null}},"7":{"start":{"line":18,"column":8},"end":{"line":18,"column":null}},"8":{"start":{"line":18,"column":19},"end":{"line":18,"column":null}},"9":{"start":{"line":21,"column":8},"end":{"line":24,"column":null}},"10":{"start":{"line":22,"column":12},"end":{"line":22,"column":null}},"11":{"start":{"line":23,"column":12},"end":{"line":23,"column":null}},"12":{"start":{"line":27,"column":8},"end":{"line":30,"column":null}},"13":{"start":{"line":28,"column":12},"end":{"line":28,"column":null}},"14":{"start":{"line":29,"column":12},"end":{"line":29,"column":null}},"15":{"start":{"line":32,"column":25},"end":{"line":32,"column":null}},"16":{"start":{"line":33,"column":8},"end":{"line":33,"column":null}},"17":{"start":{"line":35,"column":8},"end":{"line":75,"column":null}},"18":{"start":{"line":36,"column":12},"end":{"line":36,"column":null}},"19":{"start":{"line":37,"column":12},"end":{"line":37,"column":null}},"20":{"start":{"line":38,"column":12},"end":{"line":38,"column":null}},"21":{"start":{"line":40,"column":24},"end":{"line":40,"column":null}},"22":{"start":{"line":43,"column":12},"end":{"line":48,"column":null}},"23":{"start":{"line":44,"column":16},"end":{"line":47,"column":null}},"24":{"start":{"line":45,"column":45},"end":{"line":45,"column":null}},"25":{"start":{"line":46,"column":20},"end":{"line":46,"column":null}},"26":{"start":{"line":50,"column":12},"end":{"line":60,"column":null}},"27":{"start":{"line":51,"column":16},"end":{"line":58,"column":null}},"28":{"start":{"line":52,"column":33},"end":{"line":52,"column":null}},"29":{"start":{"line":53,"column":20},"end":{"line":53,"column":null}},"30":{"start":{"line":54,"column":20},"end":{"line":54,"column":null}},"31":{"start":{"line":55,"column":20},"end":{"line":55,"column":null}},"32":{"start":{"line":57,"column":20},"end":{"line":57,"column":null}},"33":{"start":{"line":59,"column":16},"end":{"line":59,"column":null}},"34":{"start":{"line":62,"column":12},"end":{"line":65,"column":null}},"35":{"start":{"line":63,"column":16},"end":{"line":63,"column":null}},"36":{"start":{"line":64,"column":16},"end":{"line":64,"column":null}},"37":{"start":{"line":67,"column":12},"end":{"line":67,"column":null}},"38":{"start":{"line":68,"column":12},"end":{"line":68,"column":null}},"39":{"start":{"line":69,"column":12},"end":{"line":69,"column":null}},"40":{"start":{"line":72,"column":12},"end":{"line":72,"column":null}},"41":{"start":{"line":73,"column":12},"end":{"line":73,"column":null}},"42":{"start":{"line":74,"column":12},"end":{"line":74,"column":null}},"43":{"start":{"line":78,"column":25},"end":{"line":82,"column":null}},"44":{"start":{"line":79,"column":8},"end":{"line":79,"column":null}},"45":{"start":{"line":80,"column":8},"end":{"line":80,"column":null}},"46":{"start":{"line":81,"column":8},"end":{"line":81,"column":null}},"47":{"start":{"line":84,"column":4},"end":{"line":140,"column":null}}},"fnMap":{"0":{"name":"(anonymous_0)","decl":{"start":{"line":10,"column":48},"end":{"line":10,"column":49}},"loc":{"start":{"line":10,"column":90},"end":{"line":142,"column":null}},"line":10},"1":{"name":"(anonymous_1)","decl":{"start":{"line":16,"column":25},"end":{"line":16,"column":32}},"loc":{"start":{"line":16,"column":75},"end":{"line":76,"column":null}},"line":16},"2":{"name":"(anonymous_2)","decl":{"start":{"line":43,"column":52},"end":{"line":43,"column":53}},"loc":{"start":{"line":43,"column":59},"end":{"line":48,"column":13}},"line":43},"3":{"name":"(anonymous_3)","decl":{"start":{"line":50,"column":41},"end":{"line":50,"column":47}},"loc":{"start":{"line":50,"column":47},"end":{"line":60,"column":13}},"line":50},"4":{"name":"(anonymous_4)","decl":{"start":{"line":62,"column":42},"end":{"line":62,"column":48}},"loc":{"start":{"line":62,"column":48},"end":{"line":65,"column":13}},"line":62},"5":{"name":"(anonymous_5)","decl":{"start":{"line":78,"column":25},"end":{"line":78,"column":31}},"loc":{"start":{"line":78,"column":31},"end":{"line":82,"column":null}},"line":78}},"branchMap":{"0":{"loc":{"start":{"line":14,"column":64},"end":{"line":14,"column":87}},"type":"binary-expr","locations":[{"start":{"line":14,"column":64},"end":{"line":14,"column":83}},{"start":{"line":14,"column":83},"end":{"line":14,"column":87}}],"line":14},"1":{"loc":{"start":{"line":18,"column":8},"end":{"line":18,"column":null}},"type":"if","locations":[{"start":{"line":18,"column":8},"end":{"line":18,"column":null}},{"start":{},"end":{}}],"line":18},"2":{"loc":{"start":{"line":21,"column":8},"end":{"line":24,"column":null}},"type":"if","locations":[{"start":{"line":21,"column":8},"end":{"line":24,"column":null}},{"start":{},"end":{}}],"line":21},"3":{"loc":{"start":{"line":27,"column":8},"end":{"line":30,"column":null}},"type":"if","locations":[{"start":{"line":27,"column":8},"end":{"line":30,"column":null}},{"start":{},"end":{}}],"line":27},"4":{"loc":{"start":{"line":44,"column":16},"end":{"line":47,"column":null}},"type":"if","locations":[{"start":{"line":44,"column":16},"end":{"line":47,"column":null}},{"start":{},"end":{}}],"line":44},"5":{"loc":{"start":{"line":51,"column":16},"end":{"line":58,"column":null}},"type":"if","locations":[{"start":{"line":51,"column":16},"end":{"line":58,"column":null}},{"start":{"line":56,"column":23},"end":{"line":58,"column":null}}],"line":51},"6":{"loc":{"start":{"line":88,"column":13},"end":{"line":132,"column":null}},"type":"cond-expr","locations":[{"start":{"line":89,"column":16},"end":{"line":118,"column":null}},{"start":{"line":120,"column":16},"end":{"line":132,"column":null}}],"line":88},"7":{"loc":{"start":{"line":99,"column":25},"end":{"line":109,"column":null}},"type":"cond-expr","locations":[{"start":{"line":100,"column":28},"end":{"line":103,"column":null}},{"start":{"line":105,"column":28},"end":{"line":109,"column":null}}],"line":99},"8":{"loc":{"start":{"line":113,"column":21},"end":{"line":116,"column":null}},"type":"binary-expr","locations":[{"start":{"line":113,"column":21},"end":{"line":113,"column":null}},{"start":{"line":114,"column":24},"end":{"line":116,"column":null}}],"line":113},"9":{"loc":{"start":{"line":135,"column":13},"end":{"line":138,"column":null}},"type":"binary-expr","locations":[{"start":{"line":135,"column":13},"end":{"line":135,"column":null}},{"start":{"line":136,"column":16},"end":{"line":138,"column":null}}],"line":135}},"s":{"0":2,"1":0,"2":0,"3":0,"4":0,"5":0,"6":0,"7":0,"8":0,"9":0,"10":0,"11":0,"12":0,"13":0,"14":0,"15":0,"16":0,"17":0,"18":0,"19":0,"20":0,"21":0,"22":0,"23":0,"24":0,"25":0,"26":0,"27":0,"28":0,"29":0,"30":0,"31":0,"32":0,"33":0,"34":0,"35":0,"36":0,"37":0,"38":0,"39":0,"40":0,"41":0,"42":0,"43":0,"44":0,"45":0,"46":0,"47":0},"f":{"0":0,"1":0,"2":0,"3":0,"4":0,"5":0},"b":{"0":[0,0],"1":[0,0],"2":[0,0],"3":[0,0],"4":[0,0],"5":[0,0],"6":[0,0],"7":[0,0],"8":[0,0],"9":[0,0]},"meta":{"lastBranch":10,"lastFunction":6,"lastStatement":48,"seen":{"s:10:48:142:Infinity":0,"f:10:48:10:49":0,"s:11:34:11:Infinity":1,"s:12:32:12:Infinity":2,"s:13:26:13:Infinity":3,"s:14:36:14:Infinity":4,"b:14:64:14:83:14:83:14:87":0,"s:16:25:76:Infinity":5,"f:16:25:16:32":1,"s:17:21:17:Infinity":6,"b:18:8:18:Infinity:undefined:undefined:undefined:undefined":1,"s:18:8:18:Infinity":7,"s:18:19:18:Infinity":8,"b:21:8:24:Infinity:undefined:undefined:undefined:undefined":2,"s:21:8:24:Infinity":9,"s:22:12:22:Infinity":10,"s:23:12:23:Infinity":11,"b:27:8:30:Infinity:undefined:undefined:undefined:undefined":3,"s:27:8:30:Infinity":12,"s:28:12:28:Infinity":13,"s:29:12:29:Infinity":14,"s:32:25:32:Infinity":15,"s:33:8:33:Infinity":16,"s:35:8:75:Infinity":17,"s:36:12:36:Infinity":18,"s:37:12:37:Infinity":19,"s:38:12:38:Infinity":20,"s:40:24:40:Infinity":21,"s:43:12:48:Infinity":22,"f:43:52:43:53":2,"b:44:16:47:Infinity:undefined:undefined:undefined:undefined":4,"s:44:16:47:Infinity":23,"s:45:45:45:Infinity":24,"s:46:20:46:Infinity":25,"s:50:12:60:Infinity":26,"f:50:41:50:47":3,"b:51:16:58:Infinity:56:23:58:Infinity":5,"s:51:16:58:Infinity":27,"s:52:33:52:Infinity":28,"s:53:20:53:Infinity":29,"s:54:20:54:Infinity":30,"s:55:20:55:Infinity":31,"s:57:20:57:Infinity":32,"s:59:16:59:Infinity":33,"s:62:12:65:Infinity":34,"f:62:42:62:48":4,"s:63:16:63:Infinity":35,"s:64:16:64:Infinity":36,"s:67:12:67:Infinity":37,"s:68:12:68:Infinity":38,"s:69:12:69:Infinity":39,"s:72:12:72:Infinity":40,"s:73:12:73:Infinity":41,"s:74:12:74:Infinity":42,"s:78:25:82:Infinity":43,"f:78:25:78:31":5,"s:79:8:79:Infinity":44,"s:80:8:80:Infinity":45,"s:81:8:81:Infinity":46,"s:84:4:140:Infinity":47,"b:89:16:118:Infinity:120:16:132:Infinity":6,"b:100:28:103:Infinity:105:28:109:Infinity":7,"b:113:21:113:Infinity:114:24:116:Infinity":8,"b:135:13:135:Infinity:136:16:138:Infinity":9}}}
,"/Users/duma/Projects/luma/frontend/src/context/AuthContext.tsx": {"path":"/Users/duma/Projects/luma/frontend/src/context/AuthContext.tsx","statementMap":{"0":{"start":{"line":45,"column":6},"end":{"line":45,"column":null}},"1":{"start":{"line":47,"column":25},"end":{"line":66,"column":null}},"2":{"start":{"line":47,"column":58},"end":{"line":66,"column":null}},"3":{"start":{"line":68,"column":19},"end":{"line":76,"column":null}},"4":{"start":{"line":69,"column":21},"end":{"line":69,"column":null}},"5":{"start":{"line":70,"column":4},"end":{"line":74,"column":null}},"6":{"start":{"line":71,"column":8},"end":{"line":71,"column":null}},"7":{"start":{"line":72,"column":4},"end":{"line":74,"column":null}},"8":{"start":{"line":73,"column":8},"end":{"line":73,"column":null}},"9":{"start":{"line":75,"column":4},"end":{"line":75,"column":null}},"10":{"start":{"line":80,"column":4},"end":{"line":80,"column":null}},"11":{"start":{"line":80,"column":61},"end":{"line":80,"column":null}},"12":{"start":{"line":81,"column":4},"end":{"line":88,"column":null}},"13":{"start":{"line":82,"column":22},"end":{"line":82,"column":null}},"14":{"start":{"line":83,"column":8},"end":{"line":83,"column":null}},"15":{"start":{"line":83,"column":32},"end":{"line":83,"column":null}},"16":{"start":{"line":84,"column":23},"end":{"line":84,"column":null}},"17":{"start":{"line":85,"column":8},"end":{"line":85,"column":null}},"18":{"start":{"line":87,"column":8},"end":{"line":87,"column":null}},"19":{"start":{"line":93,"column":63},"end":{"line":240,"column":null}},"20":{"start":{"line":94,"column":24},"end":{"line":94,"column":null}},"21":{"start":{"line":95,"column":46},"end":{"line":95,"column":null}},"22":{"start":{"line":96,"column":34},"end":{"line":96,"column":null}},"23":{"start":{"line":97,"column":26},"end":{"line":97,"column":null}},"24":{"start":{"line":99,"column":10},"end":{"line":107,"column":null}},"25":{"start":{"line":100,"column":28},"end":{"line":100,"column":null}},"26":{"start":{"line":101,"column":22},"end":{"line":101,"column":null}},"27":{"start":{"line":102,"column":24},"end":{"line":102,"column":null}},"28":{"start":{"line":103,"column":23},"end":{"line":103,"column":null}},"29":{"start":{"line":105,"column":8},"end":{"line":105,"column":null}},"30":{"start":{"line":106,"column":8},"end":{"line":106,"column":null}},"31":{"start":{"line":110,"column":4},"end":{"line":139,"column":null}},"32":{"start":{"line":111,"column":31},"end":{"line":136,"column":null}},"33":{"start":{"line":112,"column":26},"end":{"line":112,"column":null}},"34":{"start":{"line":113,"column":33},"end":{"line":113,"column":null}},"35":{"start":{"line":115,"column":12},"end":{"line":118,"column":null}},"36":{"start":{"line":116,"column":16},"end":{"line":116,"column":null}},"37":{"start":{"line":117,"column":16},"end":{"line":117,"column":null}},"38":{"start":{"line":120,"column":12},"end":{"line":135,"column":null}},"39":{"start":{"line":122,"column":16},"end":{"line":125,"column":null}},"40":{"start":{"line":123,"column":38},"end":{"line":123,"column":null}},"41":{"start":{"line":124,"column":20},"end":{"line":124,"column":null}},"42":{"start":{"line":127,"column":16},"end":{"line":127,"column":null}},"43":{"start":{"line":128,"column":16},"end":{"line":128,"column":null}},"44":{"start":{"line":131,"column":16},"end":{"line":131,"column":null}},"45":{"start":{"line":132,"column":16},"end":{"line":132,"column":null}},"46":{"start":{"line":134,"column":16},"end":{"line":134,"column":null}},"47":{"start":{"line":138,"column":8},"end":{"line":138,"column":null}},"48":{"start":{"line":141,"column":31},"end":{"line":146,"column":null}},"49":{"start":{"line":142,"column":8},"end":{"line":142,"column":null}},"50":{"start":{"line":143,"column":8},"end":{"line":143,"column":null}},"51":{"start":{"line":144,"column":8},"end":{"line":144,"column":null}},"52":{"start":{"line":145,"column":8},"end":{"line":145,"column":null}},"53":{"start":{"line":148,"column":19},"end":{"line":161,"column":null}},"54":{"start":{"line":149,"column":8},"end":{"line":160,"column":null}},"55":{"start":{"line":150,"column":12},"end":{"line":150,"column":null}},"56":{"start":{"line":151,"column":12},"end":{"line":151,"column":null}},"57":{"start":{"line":152,"column":27},"end":{"line":152,"column":null}},"58":{"start":{"line":153,"column":12},"end":{"line":153,"column":null}},"59":{"start":{"line":155,"column":18},"end":{"line":155,"column":null}},"60":{"start":{"line":156,"column":12},"end":{"line":156,"column":null}},"61":{"start":{"line":157,"column":12},"end":{"line":157,"column":null}},"62":{"start":{"line":159,"column":12},"end":{"line":159,"column":null}},"63":{"start":{"line":163,"column":19},"end":{"line":176,"column":null}},"64":{"start":{"line":164,"column":8},"end":{"line":175,"column":null}},"65":{"start":{"line":165,"column":12},"end":{"line":165,"column":null}},"66":{"start":{"line":166,"column":12},"end":{"line":166,"column":null}},"67":{"start":{"line":167,"column":27},"end":{"line":167,"column":null}},"68":{"start":{"line":168,"column":12},"end":{"line":168,"column":null}},"69":{"start":{"line":170,"column":18},"end":{"line":170,"column":null}},"70":{"start":{"line":171,"column":12},"end":{"line":171,"column":null}},"71":{"start":{"line":172,"column":12},"end":{"line":172,"column":null}},"72":{"start":{"line":174,"column":12},"end":{"line":174,"column":null}},"73":{"start":{"line":178,"column":20},"end":{"line":188,"column":null}},"74":{"start":{"line":179,"column":29},"end":{"line":179,"column":null}},"75":{"start":{"line":180,"column":8},"end":{"line":184,"column":null}},"76":{"start":{"line":181,"column":12},"end":{"line":181,"column":null}},"77":{"start":{"line":185,"column":8},"end":{"line":185,"column":null}},"78":{"start":{"line":186,"column":8},"end":{"line":186,"column":null}},"79":{"start":{"line":187,"column":8},"end":{"line":187,"column":null}},"80":{"start":{"line":190,"column":26},"end":{"line":221,"column":null}},"81":{"start":{"line":191,"column":8},"end":{"line":220,"column":null}},"82":{"start":{"line":192,"column":12},"end":{"line":192,"column":null}},"83":{"start":{"line":193,"column":12},"end":{"line":193,"column":null}},"84":{"start":{"line":194,"column":28},"end":{"line":206,"column":null}},"85":{"start":{"line":207,"column":32},"end":{"line":207,"column":null}},"86":{"start":{"line":208,"column":12},"end":{"line":213,"column":null}},"87":{"start":{"line":209,"column":16},"end":{"line":209,"column":null}},"88":{"start":{"line":209,"column":27},"end":{"line":209,"column":null}},"89":{"start":{"line":210,"column":31},"end":{"line":210,"column":null}},"90":{"start":{"line":212,"column":16},"end":{"line":212,"column":null}},"91":{"start":{"line":215,"column":18},"end":{"line":215,"column":null}},"92":{"start":{"line":216,"column":12},"end":{"line":216,"column":null}},"93":{"start":{"line":217,"column":12},"end":{"line":217,"column":null}},"94":{"start":{"line":219,"column":12},"end":{"line":219,"column":null}},"95":{"start":{"line":223,"column":23},"end":{"line":223,"column":null}},"96":{"start":{"line":223,"column":29},"end":{"line":223,"column":null}},"97":{"start":{"line":225,"column":4},"end":{"line":238,"column":null}},"98":{"start":{"line":242,"column":23},"end":{"line":248,"column":null}},"99":{"start":{"line":243,"column":10},"end":{"line":243,"column":null}},"100":{"start":{"line":244,"column":4},"end":{"line":246,"column":null}},"101":{"start":{"line":245,"column":8},"end":{"line":245,"column":null}},"102":{"start":{"line":247,"column":4},"end":{"line":247,"column":null}}},"fnMap":{"0":{"name":"(anonymous_0)","decl":{"start":{"line":47,"column":25},"end":{"line":47,"column":26}},"loc":{"start":{"line":47,"column":58},"end":{"line":66,"column":null}},"line":47},"1":{"name":"(anonymous_1)","decl":{"start":{"line":68,"column":19},"end":{"line":68,"column":20}},"loc":{"start":{"line":68,"column":80},"end":{"line":76,"column":null}},"line":68},"2":{"name":"parseJwtPayload","decl":{"start":{"line":79,"column":9},"end":{"line":79,"column":25}},"loc":{"start":{"line":79,"column":65},"end":{"line":89,"column":null}},"line":79},"3":{"name":"(anonymous_3)","decl":{"start":{"line":93,"column":63},"end":{"line":93,"column":64}},"loc":{"start":{"line":93,"column":81},"end":{"line":240,"column":null}},"line":93},"4":{"name":"(anonymous_4)","decl":{"start":{"line":99,"column":40},"end":{"line":99,"column":52}},"loc":{"start":{"line":99,"column":52},"end":{"line":107,"column":7}},"line":99},"5":{"name":"(anonymous_5)","decl":{"start":{"line":110,"column":14},"end":{"line":110,"column":20}},"loc":{"start":{"line":110,"column":20},"end":{"line":139,"column":7}},"line":110},"6":{"name":"(anonymous_6)","decl":{"start":{"line":111,"column":31},"end":{"line":111,"column":43}},"loc":{"start":{"line":111,"column":43},"end":{"line":136,"column":null}},"line":111},"7":{"name":"(anonymous_7)","decl":{"start":{"line":141,"column":31},"end":{"line":141,"column":38}},"loc":{"start":{"line":141,"column":61},"end":{"line":146,"column":null}},"line":141},"8":{"name":"(anonymous_8)","decl":{"start":{"line":148,"column":19},"end":{"line":148,"column":26}},"loc":{"start":{"line":148,"column":65},"end":{"line":161,"column":null}},"line":148},"9":{"name":"(anonymous_9)","decl":{"start":{"line":163,"column":19},"end":{"line":163,"column":26}},"loc":{"start":{"line":163,"column":80},"end":{"line":176,"column":null}},"line":163},"10":{"name":"(anonymous_10)","decl":{"start":{"line":178,"column":20},"end":{"line":178,"column":32}},"loc":{"start":{"line":178,"column":32},"end":{"line":188,"column":null}},"line":178},"11":{"name":"(anonymous_11)","decl":{"start":{"line":190,"column":26},"end":{"line":190,"column":33}},"loc":{"start":{"line":190,"column":57},"end":{"line":221,"column":null}},"line":190},"12":{"name":"(anonymous_12)","decl":{"start":{"line":208,"column":20},"end":{"line":208,"column":28}},"loc":{"start":{"line":208,"column":28},"end":{"line":213,"column":13}},"line":208},"13":{"name":"(anonymous_13)","decl":{"start":{"line":223,"column":23},"end":{"line":223,"column":29}},"loc":{"start":{"line":223,"column":29},"end":{"line":223,"column":null}},"line":223},"14":{"name":"(anonymous_14)","decl":{"start":{"line":242,"column":23},"end":{"line":242,"column":29}},"loc":{"start":{"line":242,"column":29},"end":{"line":248,"column":null}},"line":242}},"branchMap":{"0":{"loc":{"start":{"line":57,"column":14},"end":{"line":62,"column":null}},"type":"cond-expr","locations":[{"start":{"line":57,"column":33},"end":{"line":62,"column":8}},{"start":{"line":62,"column":8},"end":{"line":62,"column":null}}],"line":57},"1":{"loc":{"start":{"line":70,"column":4},"end":{"line":74,"column":null}},"type":"if","locations":[{"start":{"line":70,"column":4},"end":{"line":74,"column":null}},{"start":{"line":72,"column":4},"end":{"line":74,"column":null}}],"line":70},"2":{"loc":{"start":{"line":70,"column":8},"end":{"line":70,"column":63}},"type":"binary-expr","locations":[{"start":{"line":70,"column":8},"end":{"line":70,"column":30}},{"start":{"line":70,"column":30},"end":{"line":70,"column":63}}],"line":70},"3":{"loc":{"start":{"line":72,"column":4},"end":{"line":74,"column":null}},"type":"if","locations":[{"start":{"line":72,"column":4},"end":{"line":74,"column":null}},{"start":{},"end":{}}],"line":72},"4":{"loc":{"start":{"line":72,"column":15},"end":{"line":72,"column":68}},"type":"binary-expr","locations":[{"start":{"line":72,"column":15},"end":{"line":72,"column":36}},{"start":{"line":72,"column":36},"end":{"line":72,"column":68}}],"line":72},"5":{"loc":{"start":{"line":80,"column":4},"end":{"line":80,"column":null}},"type":"if","locations":[{"start":{"line":80,"column":4},"end":{"line":80,"column":null}},{"start":{},"end":{}}],"line":80},"6":{"loc":{"start":{"line":80,"column":8},"end":{"line":80,"column":61}},"type":"binary-expr","locations":[{"start":{"line":80,"column":8},"end":{"line":80,"column":18}},{"start":{"line":80,"column":18},"end":{"line":80,"column":43}},{"start":{"line":80,"column":43},"end":{"line":80,"column":61}}],"line":80},"7":{"loc":{"start":{"line":83,"column":8},"end":{"line":83,"column":null}},"type":"if","locations":[{"start":{"line":83,"column":8},"end":{"line":83,"column":null}},{"start":{},"end":{}}],"line":83},"8":{"loc":{"start":{"line":102,"column":24},"end":{"line":102,"column":null}},"type":"cond-expr","locations":[{"start":{"line":102,"column":32},"end":{"line":102,"column":57}},{"start":{"line":102,"column":57},"end":{"line":102,"column":null}}],"line":102},"9":{"loc":{"start":{"line":105,"column":47},"end":{"line":105,"column":79}},"type":"binary-expr","locations":[{"start":{"line":105,"column":47},"end":{"line":105,"column":77}},{"start":{"line":105,"column":77},"end":{"line":105,"column":79}}],"line":105},"10":{"loc":{"start":{"line":115,"column":12},"end":{"line":118,"column":null}},"type":"if","locations":[{"start":{"line":115,"column":12},"end":{"line":118,"column":null}},{"start":{},"end":{}}],"line":115},"11":{"loc":{"start":{"line":115,"column":16},"end":{"line":115,"column":41}},"type":"binary-expr","locations":[{"start":{"line":115,"column":16},"end":{"line":115,"column":26}},{"start":{"line":115,"column":26},"end":{"line":115,"column":41}}],"line":115},"12":{"loc":{"start":{"line":122,"column":16},"end":{"line":125,"column":null}},"type":"if","locations":[{"start":{"line":122,"column":16},"end":{"line":125,"column":null}},{"start":{},"end":{}}],"line":122},"13":{"loc":{"start":{"line":122,"column":20},"end":{"line":122,"column":62}},"type":"binary-expr","locations":[{"start":{"line":122,"column":20},"end":{"line":122,"column":48}},{"start":{"line":122,"column":48},"end":{"line":122,"column":62}}],"line":122},"14":{"loc":{"start":{"line":181,"column":38},"end":{"line":181,"column":63}},"type":"binary-expr","locations":[{"start":{"line":181,"column":38},"end":{"line":181,"column":54}},{"start":{"line":181,"column":54},"end":{"line":181,"column":63}}],"line":181},"15":{"loc":{"start":{"line":200,"column":26},"end":{"line":205,"column":null}},"type":"cond-expr","locations":[{"start":{"line":200,"column":42},"end":{"line":205,"column":20}},{"start":{"line":205,"column":20},"end":{"line":205,"column":null}}],"line":200},"16":{"loc":{"start":{"line":209,"column":16},"end":{"line":209,"column":null}},"type":"if","locations":[{"start":{"line":209,"column":16},"end":{"line":209,"column":null}},{"start":{},"end":{}}],"line":209},"17":{"loc":{"start":{"line":244,"column":4},"end":{"line":246,"column":null}},"type":"if","locations":[{"start":{"line":244,"column":4},"end":{"line":246,"column":null}},{"start":{},"end":{}}],"line":244}},"s":{"0":3,"1":3,"2":1,"3":3,"4":1,"5":1,"6":0,"7":1,"8":1,"9":1,"10":1,"11":0,"12":1,"13":1,"14":1,"15":1,"16":0,"17":0,"18":0,"19":3,"20":4,"21":4,"22":4,"23":4,"24":4,"25":1,"26":1,"27":1,"28":1,"29":1,"30":1,"31":4,"32":2,"33":2,"34":2,"35":2,"36":1,"37":1,"38":1,"39":1,"40":0,"41":0,"42":1,"43":1,"44":0,"45":0,"46":1,"47":2,"48":4,"49":0,"50":0,"51":0,"52":0,"53":4,"54":0,"55":0,"56":0,"57":0,"58":0,"59":0,"60":0,"61":0,"62":0,"63":4,"64":0,"65":0,"66":0,"67":0,"68":0,"69":0,"70":0,"71":0,"72":0,"73":4,"74":0,"75":0,"76":0,"77":0,"78":0,"79":0,"80":4,"81":0,"82":0,"83":0,"84":0,"85":0,"86":0,"87":0,"88":0,"89":0,"90":0,"91":0,"92":0,"93":0,"94":0,"95":4,"96":0,"97":4,"98":3,"99":4,"100":4,"101":0,"102":4},"f":{"0":1,"1":1,"2":1,"3":4,"4":1,"5":2,"6":2,"7":0,"8":0,"9":0,"10":0,"11":0,"12":0,"13":0,"14":4},"b":{"0":[0,1],"1":[0,1],"2":[1,0],"3":[1,0],"4":[1,1],"5":[0,1],"6":[1,1,1],"7":[1,0],"8":[1,0],"9":[1,1],"10":[1,1],"11":[2,1],"12":[0,1],"13":[1,0],"14":[0,0],"15":[0,0],"16":[0,0],"17":[0,4]},"meta":{"lastBranch":18,"lastFunction":15,"lastStatement":103,"seen":{"s:45:6:45:Infinity":0,"s:47:25:66:Infinity":1,"f:47:25:47:26":0,"s:47:58:66:Infinity":2,"b:57:33:62:8:62:8:62:Infinity":0,"s:68:19:76:Infinity":3,"f:68:19:68:20":1,"s:69:21:69:Infinity":4,"b:70:4:74:Infinity:72:4:74:Infinity":1,"s:70:4:74:Infinity":5,"b:70:8:70:30:70:30:70:63":2,"s:71:8:71:Infinity":6,"b:72:4:74:Infinity:undefined:undefined:undefined:undefined":3,"s:72:4:74:Infinity":7,"b:72:15:72:36:72:36:72:68":4,"s:73:8:73:Infinity":8,"s:75:4:75:Infinity":9,"f:79:9:79:25":2,"b:80:4:80:Infinity:undefined:undefined:undefined:undefined":5,"s:80:4:80:Infinity":10,"b:80:8:80:18:80:18:80:43:80:43:80:61":6,"s:80:61:80:Infinity":11,"s:81:4:88:Infinity":12,"s:82:22:82:Infinity":13,"b:83:8:83:Infinity:undefined:undefined:undefined:undefined":7,"s:83:8:83:Infinity":14,"s:83:32:83:Infinity":15,"s:84:23:84:Infinity":16,"s:85:8:85:Infinity":17,"s:87:8:87:Infinity":18,"s:93:63:240:Infinity":19,"f:93:63:93:64":3,"s:94:24:94:Infinity":20,"s:95:46:95:Infinity":21,"s:96:34:96:Infinity":22,"s:97:26:97:Infinity":23,"s:99:10:107:Infinity":24,"f:99:40:99:52":4,"s:100:28:100:Infinity":25,"s:101:22:101:Infinity":26,"s:102:24:102:Infinity":27,"b:102:32:102:57:102:57:102:Infinity":8,"s:103:23:103:Infinity":28,"s:105:8:105:Infinity":29,"b:105:47:105:77:105:77:105:79":9,"s:106:8:106:Infinity":30,"s:110:4:139:Infinity":31,"f:110:14:110:20":5,"s:111:31:136:Infinity":32,"f:111:31:111:43":6,"s:112:26:112:Infinity":33,"s:113:33:113:Infinity":34,"b:115:12:118:Infinity:undefined:undefined:undefined:undefined":10,"s:115:12:118:Infinity":35,"b:115:16:115:26:115:26:115:41":11,"s:116:16:116:Infinity":36,"s:117:16:117:Infinity":37,"s:120:12:135:Infinity":38,"b:122:16:125:Infinity:undefined:undefined:undefined:undefined":12,"s:122:16:125:Infinity":39,"b:122:20:122:48:122:48:122:62":13,"s:123:38:123:Infinity":40,"s:124:20:124:Infinity":41,"s:127:16:127:Infinity":42,"s:128:16:128:Infinity":43,"s:131:16:131:Infinity":44,"s:132:16:132:Infinity":45,"s:134:16:134:Infinity":46,"s:138:8:138:Infinity":47,"s:141:31:146:Infinity":48,"f:141:31:141:38":7,"s:142:8:142:Infinity":49,"s:143:8:143:Infinity":50,"s:144:8:144:Infinity":51,"s:145:8:145:Infinity":52,"s:148:19:161:Infinity":53,"f:148:19:148:26":8,"s:149:8:160:Infinity":54,"s:150:12:150:Infinity":55,"s:151:12:151:Infinity":56,"s:152:27:152:Infinity":57,"s:153:12:153:Infinity":58,"s:155:18:155:Infinity":59,"s:156:12:156:Infinity":60,"s:157:12:157:Infinity":61,"s:159:12:159:Infinity":62,"s:163:19:176:Infinity":63,"f:163:19:163:26":9,"s:164:8:175:Infinity":64,"s:165:12:165:Infinity":65,"s:166:12:166:Infinity":66,"s:167:27:167:Infinity":67,"s:168:12:168:Infinity":68,"s:170:18:170:Infinity":69,"s:171:12:171:Infinity":70,"s:172:12:172:Infinity":71,"s:174:12:174:Infinity":72,"s:178:20:188:Infinity":73,"f:178:20:178:32":10,"s:179:29:179:Infinity":74,"s:180:8:184:Infinity":75,"s:181:12:181:Infinity":76,"b:181:38:181:54:181:54:181:63":14,"s:185:8:185:Infinity":77,"s:186:8:186:Infinity":78,"s:187:8:187:Infinity":79,"s:190:26:221:Infinity":80,"f:190:26:190:33":11,"s:191:8:220:Infinity":81,"s:192:12:192:Infinity":82,"s:193:12:193:Infinity":83,"s:194:28:206:Infinity":84,"b:200:42:205:20:205:20:205:Infinity":15,"s:207:32:207:Infinity":85,"s:208:12:213:Infinity":86,"f:208:20:208:28":12,"b:209:16:209:Infinity:undefined:undefined:undefined:undefined":16,"s:209:16:209:Infinity":87,"s:209:27:209:Infinity":88,"s:210:31:210:Infinity":89,"s:212:16:212:Infinity":90,"s:215:18:215:Infinity":91,"s:216:12:216:Infinity":92,"s:217:12:217:Infinity":93,"s:219:12:219:Infinity":94,"s:223:23:223:Infinity":95,"f:223:23:223:29":13,"s:223:29:223:Infinity":96,"s:225:4:238:Infinity":97,"s:242:23:248:Infinity":98,"f:242:23:242:29":14,"s:243:10:243:Infinity":99,"b:244:4:246:Infinity:undefined:undefined:undefined:undefined":17,"s:244:4:246:Infinity":100,"s:245:8:245:Infinity":101,"s:247:4:247:Infinity":102}}}
,"/Users/duma/Projects/luma/frontend/src/context/GroupContext.tsx": {"path":"/Users/duma/Projects/luma/frontend/src/context/GroupContext.tsx","statementMap":{"0":{"start":{"line":31,"column":6},"end":{"line":31,"column":null}},"1":{"start":{"line":33,"column":70},"end":{"line":292,"column":null}},"2":{"start":{"line":34,"column":28},"end":{"line":34,"column":null}},"3":{"start":{"line":35,"column":19},"end":{"line":35,"column":null}},"4":{"start":{"line":36,"column":28},"end":{"line":36,"column":null}},"5":{"start":{"line":37,"column":36},"end":{"line":37,"column":null}},"6":{"start":{"line":38,"column":24},"end":{"line":38,"column":null}},"7":{"start":{"line":39,"column":34},"end":{"line":39,"column":null}},"8":{"start":{"line":40,"column":26},"end":{"line":40,"column":null}},"9":{"start":{"line":43,"column":10},"end":{"line":68,"column":null}},"10":{"start":{"line":54,"column":8},"end":{"line":54,"column":null}},"11":{"start":{"line":54,"column":30},"end":{"line":54,"column":null}},"12":{"start":{"line":56,"column":8},"end":{"line":67,"column":null}},"13":{"start":{"line":57,"column":12},"end":{"line":57,"column":null}},"14":{"start":{"line":58,"column":12},"end":{"line":58,"column":null}},"15":{"start":{"line":59,"column":33},"end":{"line":59,"column":null}},"16":{"start":{"line":60,"column":29},"end":{"line":60,"column":null}},"17":{"start":{"line":61,"column":12},"end":{"line":61,"column":null}},"18":{"start":{"line":63,"column":18},"end":{"line":63,"column":null}},"19":{"start":{"line":64,"column":12},"end":{"line":64,"column":null}},"20":{"start":{"line":66,"column":12},"end":{"line":66,"column":null}},"21":{"start":{"line":71,"column":10},"end":{"line":80,"column":null}},"22":{"start":{"line":72,"column":8},"end":{"line":72,"column":null}},"23":{"start":{"line":72,"column":30},"end":{"line":72,"column":null}},"24":{"start":{"line":74,"column":8},"end":{"line":79,"column":null}},"25":{"start":{"line":75,"column":29},"end":{"line":75,"column":null}},"26":{"start":{"line":76,"column":12},"end":{"line":76,"column":null}},"27":{"start":{"line":78,"column":12},"end":{"line":78,"column":null}},"28":{"start":{"line":83,"column":10},"end":{"line":92,"column":null}},"29":{"start":{"line":84,"column":8},"end":{"line":84,"column":null}},"30":{"start":{"line":84,"column":30},"end":{"line":84,"column":null}},"31":{"start":{"line":86,"column":8},"end":{"line":91,"column":null}},"32":{"start":{"line":87,"column":29},"end":{"line":87,"column":null}},"33":{"start":{"line":88,"column":12},"end":{"line":88,"column":null}},"34":{"start":{"line":90,"column":12},"end":{"line":90,"column":null}},"35":{"start":{"line":95,"column":4},"end":{"line":101,"column":null}},"36":{"start":{"line":96,"column":8},"end":{"line":100,"column":null}},"37":{"start":{"line":97,"column":12},"end":{"line":97,"column":null}},"38":{"start":{"line":98,"column":12},"end":{"line":98,"column":null}},"39":{"start":{"line":99,"column":12},"end":{"line":99,"column":null}},"40":{"start":{"line":104,"column":4},"end":{"line":117,"column":null}},"41":{"start":{"line":105,"column":8},"end":{"line":105,"column":null}},"42":{"start":{"line":105,"column":21},"end":{"line":105,"column":null}},"43":{"start":{"line":107,"column":34},"end":{"line":110,"column":null}},"44":{"start":{"line":108,"column":12},"end":{"line":108,"column":null}},"45":{"start":{"line":109,"column":12},"end":{"line":109,"column":null}},"46":{"start":{"line":112,"column":8},"end":{"line":112,"column":null}},"47":{"start":{"line":114,"column":8},"end":{"line":116,"column":null}},"48":{"start":{"line":115,"column":12},"end":{"line":115,"column":null}},"49":{"start":{"line":119,"column":22},"end":{"line":130,"column":null}},"50":{"start":{"line":120,"column":8},"end":{"line":129,"column":null}},"51":{"start":{"line":121,"column":12},"end":{"line":121,"column":null}},"52":{"start":{"line":122,"column":12},"end":{"line":122,"column":null}},"53":{"start":{"line":124,"column":12},"end":{"line":124,"column":null}},"54":{"start":{"line":126,"column":18},"end":{"line":126,"column":null}},"55":{"start":{"line":127,"column":12},"end":{"line":127,"column":null}},"56":{"start":{"line":128,"column":12},"end":{"line":128,"column":null}},"57":{"start":{"line":132,"column":23},"end":{"line":143,"column":null}},"58":{"start":{"line":133,"column":8},"end":{"line":142,"column":null}},"59":{"start":{"line":134,"column":12},"end":{"line":134,"column":null}},"60":{"start":{"line":135,"column":12},"end":{"line":135,"column":null}},"61":{"start":{"line":137,"column":12},"end":{"line":137,"column":null}},"62":{"start":{"line":139,"column":18},"end":{"line":139,"column":null}},"63":{"start":{"line":140,"column":12},"end":{"line":140,"column":null}},"64":{"start":{"line":141,"column":12},"end":{"line":141,"column":null}},"65":{"start":{"line":145,"column":24},"end":{"line":168,"column":null}},"66":{"start":{"line":146,"column":8},"end":{"line":167,"column":null}},"67":{"start":{"line":147,"column":12},"end":{"line":147,"column":null}},"68":{"start":{"line":148,"column":12},"end":{"line":148,"column":null}},"69":{"start":{"line":149,"column":12},"end":{"line":158,"column":null}},"70":{"start":{"line":160,"column":12},"end":{"line":160,"column":null}},"71":{"start":{"line":162,"column":18},"end":{"line":162,"column":null}},"72":{"start":{"line":163,"column":12},"end":{"line":163,"column":null}},"73":{"start":{"line":164,"column":12},"end":{"line":164,"column":null}},"74":{"start":{"line":166,"column":12},"end":{"line":166,"column":null}},"75":{"start":{"line":170,"column":23},"end":{"line":181,"column":null}},"76":{"start":{"line":171,"column":8},"end":{"line":180,"column":null}},"77":{"start":{"line":172,"column":12},"end":{"line":172,"column":null}},"78":{"start":{"line":173,"column":12},"end":{"line":173,"column":null}},"79":{"start":{"line":175,"column":12},"end":{"line":175,"column":null}},"80":{"start":{"line":177,"column":18},"end":{"line":177,"column":null}},"81":{"start":{"line":178,"column":12},"end":{"line":178,"column":null}},"82":{"start":{"line":179,"column":12},"end":{"line":179,"column":null}},"83":{"start":{"line":183,"column":23},"end":{"line":194,"column":null}},"84":{"start":{"line":184,"column":8},"end":{"line":193,"column":null}},"85":{"start":{"line":185,"column":12},"end":{"line":185,"column":null}},"86":{"start":{"line":186,"column":12},"end":{"line":186,"column":null}},"87":{"start":{"line":188,"column":12},"end":{"line":188,"column":null}},"88":{"start":{"line":190,"column":18},"end":{"line":190,"column":null}},"89":{"start":{"line":191,"column":12},"end":{"line":191,"column":null}},"90":{"start":{"line":192,"column":12},"end":{"line":192,"column":null}},"91":{"start":{"line":196,"column":21},"end":{"line":211,"column":null}},"92":{"start":{"line":197,"column":8},"end":{"line":210,"column":null}},"93":{"start":{"line":198,"column":12},"end":{"line":198,"column":null}},"94":{"start":{"line":199,"column":12},"end":{"line":199,"column":null}},"95":{"start":{"line":201,"column":12},"end":{"line":205,"column":null}},"96":{"start":{"line":201,"column":28},"end":{"line":205,"column":13}},"97":{"start":{"line":202,"column":16},"end":{"line":204,"column":null}},"98":{"start":{"line":207,"column":18},"end":{"line":207,"column":null}},"99":{"start":{"line":208,"column":12},"end":{"line":208,"column":null}},"100":{"start":{"line":209,"column":12},"end":{"line":209,"column":null}},"101":{"start":{"line":213,"column":23},"end":{"line":228,"column":null}},"102":{"start":{"line":214,"column":8},"end":{"line":227,"column":null}},"103":{"start":{"line":215,"column":12},"end":{"line":215,"column":null}},"104":{"start":{"line":216,"column":12},"end":{"line":216,"column":null}},"105":{"start":{"line":218,"column":12},"end":{"line":222,"column":null}},"106":{"start":{"line":218,"column":28},"end":{"line":222,"column":13}},"107":{"start":{"line":219,"column":16},"end":{"line":221,"column":null}},"108":{"start":{"line":224,"column":18},"end":{"line":224,"column":null}},"109":{"start":{"line":225,"column":12},"end":{"line":225,"column":null}},"110":{"start":{"line":226,"column":12},"end":{"line":226,"column":null}},"111":{"start":{"line":230,"column":21},"end":{"line":240,"column":null}},"112":{"start":{"line":231,"column":8},"end":{"line":239,"column":null}},"113":{"start":{"line":232,"column":12},"end":{"line":232,"column":null}},"114":{"start":{"line":233,"column":26},"end":{"line":233,"column":null}},"115":{"start":{"line":234,"column":12},"end":{"line":234,"column":null}},"116":{"start":{"line":236,"column":18},"end":{"line":236,"column":null}},"117":{"start":{"line":237,"column":12},"end":{"line":237,"column":null}},"118":{"start":{"line":238,"column":12},"end":{"line":238,"column":null}},"119":{"start":{"line":242,"column":26},"end":{"line":252,"column":null}},"120":{"start":{"line":243,"column":8},"end":{"line":251,"column":null}},"121":{"start":{"line":244,"column":12},"end":{"line":244,"column":null}},"122":{"start":{"line":245,"column":29},"end":{"line":245,"column":null}},"123":{"start":{"line":246,"column":12},"end":{"line":246,"column":null}},"124":{"start":{"line":248,"column":18},"end":{"line":248,"column":null}},"125":{"start":{"line":249,"column":12},"end":{"line":249,"column":null}},"126":{"start":{"line":250,"column":12},"end":{"line":250,"column":null}},"127":{"start":{"line":254,"column":28},"end":{"line":264,"column":null}},"128":{"start":{"line":255,"column":8},"end":{"line":263,"column":null}},"129":{"start":{"line":256,"column":12},"end":{"line":256,"column":null}},"130":{"start":{"line":257,"column":29},"end":{"line":257,"column":null}},"131":{"start":{"line":258,"column":12},"end":{"line":258,"column":null}},"132":{"start":{"line":260,"column":18},"end":{"line":260,"column":null}},"133":{"start":{"line":261,"column":12},"end":{"line":261,"column":null}},"134":{"start":{"line":262,"column":12},"end":{"line":262,"column":null}},"135":{"start":{"line":266,"column":23},"end":{"line":266,"column":null}},"136":{"start":{"line":266,"column":29},"end":{"line":266,"column":null}},"137":{"start":{"line":268,"column":4},"end":{"line":290,"column":null}},"138":{"start":{"line":294,"column":24},"end":{"line":300,"column":null}},"139":{"start":{"line":295,"column":10},"end":{"line":295,"column":null}},"140":{"start":{"line":296,"column":4},"end":{"line":298,"column":null}},"141":{"start":{"line":297,"column":8},"end":{"line":297,"column":null}},"142":{"start":{"line":299,"column":4},"end":{"line":299,"column":null}}},"fnMap":{"0":{"name":"(anonymous_0)","decl":{"start":{"line":33,"column":70},"end":{"line":33,"column":71}},"loc":{"start":{"line":33,"column":88},"end":{"line":292,"column":null}},"line":33},"1":{"name":"(anonymous_1)","decl":{"start":{"line":43,"column":38},"end":{"line":43,"column":45}},"loc":{"start":{"line":53,"column":10},"end":{"line":68,"column":7}},"line":53},"2":{"name":"(anonymous_2)","decl":{"start":{"line":71,"column":42},"end":{"line":71,"column":54}},"loc":{"start":{"line":71,"column":54},"end":{"line":80,"column":7}},"line":71},"3":{"name":"(anonymous_3)","decl":{"start":{"line":83,"column":36},"end":{"line":83,"column":48}},"loc":{"start":{"line":83,"column":48},"end":{"line":92,"column":7}},"line":83},"4":{"name":"(anonymous_4)","decl":{"start":{"line":95,"column":14},"end":{"line":95,"column":20}},"loc":{"start":{"line":95,"column":20},"end":{"line":101,"column":7}},"line":95},"5":{"name":"(anonymous_5)","decl":{"start":{"line":104,"column":14},"end":{"line":104,"column":20}},"loc":{"start":{"line":104,"column":20},"end":{"line":117,"column":7}},"line":104},"6":{"name":"(anonymous_6)","decl":{"start":{"line":107,"column":34},"end":{"line":107,"column":40}},"loc":{"start":{"line":107,"column":40},"end":{"line":110,"column":null}},"line":107},"7":{"name":"(anonymous_7)","decl":{"start":{"line":114,"column":15},"end":{"line":114,"column":21}},"loc":{"start":{"line":114,"column":21},"end":{"line":116,"column":null}},"line":114},"8":{"name":"(anonymous_8)","decl":{"start":{"line":119,"column":22},"end":{"line":119,"column":29}},"loc":{"start":{"line":119,"column":49},"end":{"line":130,"column":null}},"line":119},"9":{"name":"(anonymous_9)","decl":{"start":{"line":132,"column":23},"end":{"line":132,"column":30}},"loc":{"start":{"line":132,"column":50},"end":{"line":143,"column":null}},"line":132},"10":{"name":"(anonymous_10)","decl":{"start":{"line":145,"column":24},"end":{"line":145,"column":31}},"loc":{"start":{"line":145,"column":194},"end":{"line":168,"column":null}},"line":145},"11":{"name":"(anonymous_11)","decl":{"start":{"line":170,"column":23},"end":{"line":170,"column":30}},"loc":{"start":{"line":170,"column":148},"end":{"line":181,"column":null}},"line":170},"12":{"name":"(anonymous_12)","decl":{"start":{"line":183,"column":23},"end":{"line":183,"column":30}},"loc":{"start":{"line":183,"column":66},"end":{"line":194,"column":null}},"line":183},"13":{"name":"(anonymous_13)","decl":{"start":{"line":196,"column":21},"end":{"line":196,"column":28}},"loc":{"start":{"line":196,"column":47},"end":{"line":211,"column":null}},"line":196},"14":{"name":"(anonymous_14)","decl":{"start":{"line":201,"column":20},"end":{"line":201,"column":28}},"loc":{"start":{"line":201,"column":28},"end":{"line":205,"column":13}},"line":201},"15":{"name":"(anonymous_15)","decl":{"start":{"line":201,"column":37},"end":{"line":201,"column":null}},"loc":{"start":{"line":202,"column":16},"end":{"line":204,"column":null}},"line":202},"16":{"name":"(anonymous_16)","decl":{"start":{"line":213,"column":23},"end":{"line":213,"column":30}},"loc":{"start":{"line":213,"column":49},"end":{"line":228,"column":null}},"line":213},"17":{"name":"(anonymous_17)","decl":{"start":{"line":218,"column":20},"end":{"line":218,"column":28}},"loc":{"start":{"line":218,"column":28},"end":{"line":222,"column":13}},"line":218},"18":{"name":"(anonymous_18)","decl":{"start":{"line":218,"column":37},"end":{"line":218,"column":null}},"loc":{"start":{"line":219,"column":16},"end":{"line":221,"column":null}},"line":219},"19":{"name":"(anonymous_19)","decl":{"start":{"line":230,"column":21},"end":{"line":230,"column":28}},"loc":{"start":{"line":230,"column":71},"end":{"line":240,"column":null}},"line":230},"20":{"name":"(anonymous_20)","decl":{"start":{"line":242,"column":26},"end":{"line":242,"column":33}},"loc":{"start":{"line":242,"column":70},"end":{"line":252,"column":null}},"line":242},"21":{"name":"(anonymous_21)","decl":{"start":{"line":254,"column":28},"end":{"line":254,"column":35}},"loc":{"start":{"line":254,"column":74},"end":{"line":264,"column":null}},"line":254},"22":{"name":"(anonymous_22)","decl":{"start":{"line":266,"column":23},"end":{"line":266,"column":29}},"loc":{"start":{"line":266,"column":29},"end":{"line":266,"column":null}},"line":266},"23":{"name":"(anonymous_23)","decl":{"start":{"line":294,"column":24},"end":{"line":294,"column":30}},"loc":{"start":{"line":294,"column":30},"end":{"line":300,"column":null}},"line":294}},"branchMap":{"0":{"loc":{"start":{"line":54,"column":8},"end":{"line":54,"column":null}},"type":"if","locations":[{"start":{"line":54,"column":8},"end":{"line":54,"column":null}},{"start":{},"end":{}}],"line":54},"1":{"loc":{"start":{"line":72,"column":8},"end":{"line":72,"column":null}},"type":"if","locations":[{"start":{"line":72,"column":8},"end":{"line":72,"column":null}},{"start":{},"end":{}}],"line":72},"2":{"loc":{"start":{"line":84,"column":8},"end":{"line":84,"column":null}},"type":"if","locations":[{"start":{"line":84,"column":8},"end":{"line":84,"column":null}},{"start":{},"end":{}}],"line":84},"3":{"loc":{"start":{"line":96,"column":8},"end":{"line":100,"column":null}},"type":"if","locations":[{"start":{"line":96,"column":8},"end":{"line":100,"column":null}},{"start":{},"end":{}}],"line":96},"4":{"loc":{"start":{"line":105,"column":8},"end":{"line":105,"column":null}},"type":"if","locations":[{"start":{"line":105,"column":8},"end":{"line":105,"column":null}},{"start":{},"end":{}}],"line":105},"5":{"loc":{"start":{"line":152,"column":29},"end":{"line":152,"column":null}},"type":"binary-expr","locations":[{"start":{"line":152,"column":29},"end":{"line":152,"column":38}},{"start":{"line":152,"column":38},"end":{"line":152,"column":null}}],"line":152},"6":{"loc":{"start":{"line":202,"column":16},"end":{"line":204,"column":null}},"type":"cond-expr","locations":[{"start":{"line":203,"column":22},"end":{"line":203,"column":null}},{"start":{"line":204,"column":22},"end":{"line":204,"column":null}}],"line":202},"7":{"loc":{"start":{"line":219,"column":16},"end":{"line":221,"column":null}},"type":"cond-expr","locations":[{"start":{"line":220,"column":22},"end":{"line":220,"column":null}},{"start":{"line":221,"column":22},"end":{"line":221,"column":null}}],"line":219},"8":{"loc":{"start":{"line":296,"column":4},"end":{"line":298,"column":null}},"type":"if","locations":[{"start":{"line":296,"column":4},"end":{"line":298,"column":null}},{"start":{},"end":{}}],"line":296}},"s":{"0":0,"1":0,"2":0,"3":0,"4":0,"5":0,"6":0,"7":0,"8":0,"9":0,"10":0,"11":0,"12":0,"13":0,"14":0,"15":0,"16":0,"17":0,"18":0,"19":0,"20":0,"21":0,"22":0,"23":0,"24":0,"25":0,"26":0,"27":0,"28":0,"29":0,"30":0,"31":0,"32":0,"33":0,"34":0,"35":0,"36":0,"37":0,"38":0,"39":0,"40":0,"41":0,"42":0,"43":0,"44":0,"45":0,"46":0,"47":0,"48":0,"49":0,"50":0,"51":0,"52":0,"53":0,"54":0,"55":0,"56":0,"57":0,"58":0,"59":0,"60":0,"61":0,"62":0,"63":0,"64":0,"65":0,"66":0,"67":0,"68":0,"69":0,"70":0,"71":0,"72":0,"73":0,"74":0,"75":0,"76":0,"77":0,"78":0,"79":0,"80":0,"81":0,"82":0,"83":0,"84":0,"85":0,"86":0,"87":0,"88":0,"89":0,"90":0,"91":0,"92":0,"93":0,"94":0,"95":0,"96":0,"97":0,"98":0,"99":0,"100":0,"101":0,"102":0,"103":0,"104":0,"105":0,"106":0,"107":0,"108":0,"109":0,"110":0,"111":0,"112":0,"113":0,"114":0,"115":0,"116":0,"117":0,"118":0,"119":0,"120":0,"121":0,"122":0,"123":0,"124":0,"125":0,"126":0,"127":0,"128":0,"129":0,"130":0,"131":0,"132":0,"133":0,"134":0,"135":0,"136":0,"137":0,"138":0,"139":0,"140":0,"141":0,"142":0},"f":{"0":0,"1":0,"2":0,"3":0,"4":0,"5":0,"6":0,"7":0,"8":0,"9":0,"10":0,"11":0,"12":0,"13":0,"14":0,"15":0,"16":0,"17":0,"18":0,"19":0,"20":0,"21":0,"22":0,"23":0},"b":{"0":[0,0],"1":[0,0],"2":[0,0],"3":[0,0],"4":[0,0],"5":[0,0],"6":[0,0],"7":[0,0],"8":[0,0]},"meta":{"lastBranch":9,"lastFunction":24,"lastStatement":143,"seen":{"s:31:6:31:Infinity":0,"s:33:70:292:Infinity":1,"f:33:70:33:71":0,"s:34:28:34:Infinity":2,"s:35:19:35:Infinity":3,"s:36:28:36:Infinity":4,"s:37:36:37:Infinity":5,"s:38:24:38:Infinity":6,"s:39:34:39:Infinity":7,"s:40:26:40:Infinity":8,"s:43:10:68:Infinity":9,"f:43:38:43:45":1,"b:54:8:54:Infinity:undefined:undefined:undefined:undefined":0,"s:54:8:54:Infinity":10,"s:54:30:54:Infinity":11,"s:56:8:67:Infinity":12,"s:57:12:57:Infinity":13,"s:58:12:58:Infinity":14,"s:59:33:59:Infinity":15,"s:60:29:60:Infinity":16,"s:61:12:61:Infinity":17,"s:63:18:63:Infinity":18,"s:64:12:64:Infinity":19,"s:66:12:66:Infinity":20,"s:71:10:80:Infinity":21,"f:71:42:71:54":2,"b:72:8:72:Infinity:undefined:undefined:undefined:undefined":1,"s:72:8:72:Infinity":22,"s:72:30:72:Infinity":23,"s:74:8:79:Infinity":24,"s:75:29:75:Infinity":25,"s:76:12:76:Infinity":26,"s:78:12:78:Infinity":27,"s:83:10:92:Infinity":28,"f:83:36:83:48":3,"b:84:8:84:Infinity:undefined:undefined:undefined:undefined":2,"s:84:8:84:Infinity":29,"s:84:30:84:Infinity":30,"s:86:8:91:Infinity":31,"s:87:29:87:Infinity":32,"s:88:12:88:Infinity":33,"s:90:12:90:Infinity":34,"s:95:4:101:Infinity":35,"f:95:14:95:20":4,"b:96:8:100:Infinity:undefined:undefined:undefined:undefined":3,"s:96:8:100:Infinity":36,"s:97:12:97:Infinity":37,"s:98:12:98:Infinity":38,"s:99:12:99:Infinity":39,"s:104:4:117:Infinity":40,"f:104:14:104:20":5,"b:105:8:105:Infinity:undefined:undefined:undefined:undefined":4,"s:105:8:105:Infinity":41,"s:105:21:105:Infinity":42,"s:107:34:110:Infinity":43,"f:107:34:107:40":6,"s:108:12:108:Infinity":44,"s:109:12:109:Infinity":45,"s:112:8:112:Infinity":46,"s:114:8:116:Infinity":47,"f:114:15:114:21":7,"s:115:12:115:Infinity":48,"s:119:22:130:Infinity":49,"f:119:22:119:29":8,"s:120:8:129:Infinity":50,"s:121:12:121:Infinity":51,"s:122:12:122:Infinity":52,"s:124:12:124:Infinity":53,"s:126:18:126:Infinity":54,"s:127:12:127:Infinity":55,"s:128:12:128:Infinity":56,"s:132:23:143:Infinity":57,"f:132:23:132:30":9,"s:133:8:142:Infinity":58,"s:134:12:134:Infinity":59,"s:135:12:135:Infinity":60,"s:137:12:137:Infinity":61,"s:139:18:139:Infinity":62,"s:140:12:140:Infinity":63,"s:141:12:141:Infinity":64,"s:145:24:168:Infinity":65,"f:145:24:145:31":10,"s:146:8:167:Infinity":66,"s:147:12:147:Infinity":67,"s:148:12:148:Infinity":68,"s:149:12:158:Infinity":69,"b:152:29:152:38:152:38:152:Infinity":5,"s:160:12:160:Infinity":70,"s:162:18:162:Infinity":71,"s:163:12:163:Infinity":72,"s:164:12:164:Infinity":73,"s:166:12:166:Infinity":74,"s:170:23:181:Infinity":75,"f:170:23:170:30":11,"s:171:8:180:Infinity":76,"s:172:12:172:Infinity":77,"s:173:12:173:Infinity":78,"s:175:12:175:Infinity":79,"s:177:18:177:Infinity":80,"s:178:12:178:Infinity":81,"s:179:12:179:Infinity":82,"s:183:23:194:Infinity":83,"f:183:23:183:30":12,"s:184:8:193:Infinity":84,"s:185:12:185:Infinity":85,"s:186:12:186:Infinity":86,"s:188:12:188:Infinity":87,"s:190:18:190:Infinity":88,"s:191:12:191:Infinity":89,"s:192:12:192:Infinity":90,"s:196:21:211:Infinity":91,"f:196:21:196:28":13,"s:197:8:210:Infinity":92,"s:198:12:198:Infinity":93,"s:199:12:199:Infinity":94,"s:201:12:205:Infinity":95,"f:201:20:201:28":14,"s:201:28:205:13":96,"f:201:37:201:Infinity":15,"s:202:16:204:Infinity":97,"b:203:22:203:Infinity:204:22:204:Infinity":6,"s:207:18:207:Infinity":98,"s:208:12:208:Infinity":99,"s:209:12:209:Infinity":100,"s:213:23:228:Infinity":101,"f:213:23:213:30":16,"s:214:8:227:Infinity":102,"s:215:12:215:Infinity":103,"s:216:12:216:Infinity":104,"s:218:12:222:Infinity":105,"f:218:20:218:28":17,"s:218:28:222:13":106,"f:218:37:218:Infinity":18,"s:219:16:221:Infinity":107,"b:220:22:220:Infinity:221:22:221:Infinity":7,"s:224:18:224:Infinity":108,"s:225:12:225:Infinity":109,"s:226:12:226:Infinity":110,"s:230:21:240:Infinity":111,"f:230:21:230:28":19,"s:231:8:239:Infinity":112,"s:232:12:232:Infinity":113,"s:233:26:233:Infinity":114,"s:234:12:234:Infinity":115,"s:236:18:236:Infinity":116,"s:237:12:237:Infinity":117,"s:238:12:238:Infinity":118,"s:242:26:252:Infinity":119,"f:242:26:242:33":20,"s:243:8:251:Infinity":120,"s:244:12:244:Infinity":121,"s:245:29:245:Infinity":122,"s:246:12:246:Infinity":123,"s:248:18:248:Infinity":124,"s:249:12:249:Infinity":125,"s:250:12:250:Infinity":126,"s:254:28:264:Infinity":127,"f:254:28:254:35":21,"s:255:8:263:Infinity":128,"s:256:12:256:Infinity":129,"s:257:29:257:Infinity":130,"s:258:12:258:Infinity":131,"s:260:18:260:Infinity":132,"s:261:12:261:Infinity":133,"s:262:12:262:Infinity":134,"s:266:23:266:Infinity":135,"f:266:23:266:29":22,"s:266:29:266:Infinity":136,"s:268:4:290:Infinity":137,"s:294:24:300:Infinity":138,"f:294:24:294:30":23,"s:295:10:295:Infinity":139,"b:296:4:298:Infinity:undefined:undefined:undefined:undefined":8,"s:296:4:298:Infinity":140,"s:297:8:297:Infinity":141,"s:299:4:299:Infinity":142}}}
[...]
},"end":{"line":52,"column":null}},"2":{"start":{"line":53,"column":8},"end":{"line":53,"column":null}},"3":{"start":{"line":57,"column":25},"end":{"line":57,"column":null}},"4":{"start":{"line":58,"column":8},"end":{"line":58,"column":null}},"5":{"start":{"line":62,"column":25},"end":{"line":62,"column":null}},"6":{"start":{"line":63,"column":8},"end":{"line":63,"column":null}},"7":{"start":{"line":67,"column":25},"end":{"line":67,"column":null}},"8":{"start":{"line":68,"column":8},"end":{"line":68,"column":null}},"9":{"start":{"line":72,"column":25},"end":{"line":72,"column":null}},"10":{"start":{"line":73,"column":8},"end":{"line":73,"column":null}}},"fnMap":{"0":{"name":"(anonymous_0)","decl":{"start":{"line":41,"column":15},"end":{"line":41,"column":22}},"loc":{"start":{"line":51,"column":35},"end":{"line":54,"column":null}},"line":51},"1":{"name":"(anonymous_1)","decl":{"start":{"line":56,"column":14},"end":{"line":56,"column":21}},"loc":{"start":{"line":56,"column":57},"end":{"line":59,"column":null}},"line":56},"2":{"name":"(anonymous_2)","decl":{"start":{"line":61,"column":17},"end":{"line":61,"column":24}},"loc":{"start":{"line":61,"column":66},"end":{"line":64,"column":null}},"line":61},"3":{"name":"(anonymous_3)","decl":{"start":{"line":66,"column":15},"end":{"line":66,"column":22}},"loc":{"start":{"line":66,"column":90},"end":{"line":69,"column":null}},"line":66},"4":{"name":"(anonymous_4)","decl":{"start":{"line":71,"column":16},"end":{"line":71,"column":23}},"loc":{"start":{"line":71,"column":91},"end":{"line":74,"column":null}},"line":71}},"branchMap":{},"s":{"0":5,"1":1,"2":1,"3":1,"4":1,"5":1,"6":1,"7":1,"8":1,"9":1,"10":1},"f":{"0":1,"1":1,"2":1,"3":1,"4":1},"b":{},"meta":{"lastBranch":0,"lastFunction":5,"lastStatement":11,"seen":{"s:40:29:75:Infinity":0,"f:41:15:41:22":0,"s:52:25:52:Infinity":1,"s:53:8:53:Infinity":2,"f:56:14:56:21":1,"s:57:25:57:Infinity":3,"s:58:8:58:Infinity":4,"f:61:17:61:24":2,"s:62:25:62:Infinity":5,"s:63:8:63:Infinity":6,"f:66:15:66:22":3,"s:67:25:67:Infinity":7,"s:68:8:68:Infinity":8,"f:71:16:71:23":4,"s:72:25:72:Infinity":9,"s:73:8:73:Infinity":10}}}
,"/Users/duma/Projects/luma/frontend/src/services/keycloak.ts": {"path":"/Users/duma/Projects/luma/frontend/src/services/keycloak.ts","statementMap":{"0":{"start":{"line":3,"column":17},"end":{"line":7,"column":null}}},"fnMap":{},"branchMap":{},"s":{"0":0},"f":{},"b":{},"meta":{"lastBranch":0,"lastFunction":0,"lastStatement":1,"seen":{"s:3:17:7:Infinity":0}}}
,"/Users/duma/Projects/luma/frontend/src/services/marketplace.service.ts": {"path":"/Users/duma/Projects/luma/frontend/src/services/marketplace.service.ts","statementMap":{"0":{"start":{"line":24,"column":34},"end":{"line":40,"column":null}},"1":{"start":{"line":26,"column":25},"end":{"line":26,"column":null}},"2":{"start":{"line":27,"column":8},"end":{"line":27,"column":null}},"3":{"start":{"line":30,"column":25},"end":{"line":30,"column":null}},"4":{"start":{"line":31,"column":8},"end":{"line":31,"column":null}},"5":{"start":{"line":34,"column":25},"end":{"line":34,"column":null}},"6":{"start":{"line":35,"column":8},"end":{"line":35,"column":null}},"7":{"start":{"line":38,"column":8},"end":{"line":38,"column":null}}},"fnMap":{"0":{"name":"(anonymous_0)","decl":{"start":{"line":25,"column":14},"end":{"line":25,"column":21}},"loc":{"start":{"line":25,"column":152},"end":{"line":28,"column":null}},"line":25},"1":{"name":"(anonymous_1)","decl":{"start":{"line":29,"column":16},"end":{"line":29,"column":23}},"loc":{"start":{"line":29,"column":84},"end":{"line":32,"column":null}},"line":29},"2":{"name":"(anonymous_2)","decl":{"start":{"line":33,"column":22},"end":{"line":33,"column":29}},"loc":{"start":{"line":33,"column":86},"end":{"line":36,"column":null}},"line":33},"3":{"name":"(anonymous_3)","decl":{"start":{"line":37,"column":16},"end":{"line":37,"column":23}},"loc":{"start":{"line":37,"column":53},"end":{"line":39,"column":null}},"line":37}},"branchMap":{},"s":{"0":1,"1":0,"2":0,"3":0,"4":0,"5":0,"6":0,"7":0},"f":{"0":0,"1":0,"2":0,"3":0},"b":{},"meta":{"lastBranch":0,"lastFunction":4,"lastStatement":8,"seen":{"s:24:34:40:Infinity":0,"f:25:14:25:21":0,"s:26:25:26:Infinity":1,"s:27:8:27:Infinity":2,"f:29:16:29:23":1,"s:30:25:30:Infinity":3,"s:31:8:31:Infinity":4,"f:33:22:33:29":2,"s:34:25:34:Infinity":5,"s:35:8:35:Infinity":6,"f:37:16:37:23":3,"s:38:8:38:Infinity":7}}}
,"/Users/duma/Projects/luma/frontend/src/services/notification.service.ts": {"path":"/Users/duma/Projects/luma/frontend/src/services/notification.service.ts","statementMap":{"0":{"start":{"line":4,"column":35},"end":{"line":17,"column":null}},"1":{"start":{"line":6,"column":25},"end":{"line":6,"column":null}},"2":{"start":{"line":7,"column":8},"end":{"line":7,"column":null}},"3":{"start":{"line":11,"column":8},"end":{"line":11,"column":null}},"4":{"start":{"line":15,"column":8},"end":{"line":15,"column":null}}},"fnMap":{"0":{"name":"(anonymous_0)","decl":{"start":{"line":5,"column":12},"end":{"line":5,"column":19}},"loc":{"start":{"line":5,"column":99},"end":{"line":8,"column":null}},"line":5},"1":{"name":"(anonymous_1)","decl":{"start":{"line":10,"column":16},"end":{"line":10,"column":23}},"loc":{"start":{"line":10,"column":53},"end":{"line":12,"column":null}},"line":10},"2":{"name":"(anonymous_2)","decl":{"start":{"line":14,"column":19},"end":{"line":14,"column":46}},"loc":{"start":{"line":14,"column":46},"end":{"line":16,"column":null}},"line":14}},"branchMap":{},"s":{"0":6,"1":22,"2":12,"3":1,"4":1},"f":{"0":22,"1":1,"2":1},"b":{},"meta":{"lastBranch":0,"lastFunction":3,"lastStatement":5,"seen":{"s:4:35:17:Infinity":0,"f:5:12:5:19":0,"s:6:25:6:Infinity":1,"s:7:8:7:Infinity":2,"f:10:16:10:23":1,"s:11:8:11:Infinity":3,"f:14:19:14:46":2,"s:15:8:15:Infinity":4}}}
,"/Users/duma/Projects/luma/frontend/src/services/polls.service.ts": {"path":"/Users/duma/Projects/luma/frontend/src/services/polls.service.ts","statementMap":{"0":{"start":{"line":4,"column":28},"end":{"line":13,"column":null}},"1":{"start":{"line":6,"column":25},"end":{"line":6,"column":null}},"2":{"start":{"line":7,"column":8},"end":{"line":7,"column":null}},"3":{"start":{"line":11,"column":8},"end":{"line":11,"column":null}}},"fnMap":{"0":{"name":"(anonymous_0)","decl":{"start":{"line":5,"column":13},"end":{"line":5,"column":20}},"loc":{"start":{"line":5,"column":54},"end":{"line":8,"column":null}},"line":5},"1":{"name":"(anonymous_1)","decl":{"start":{"line":10,"column":14},"end":{"line":10,"column":21}},"loc":{"start":{"line":10,"column":73},"end":{"line":12,"column":null}},"line":10}},"branchMap":{},"s":{"0":4,"1":1,"2":1,"3":1},"f":{"0":1,"1":1},"b":{},"meta":{"lastBranch":0,"lastFunction":2,"lastStatement":4,"seen":{"s:4:28:13:Infinity":0,"f:5:13:5:20":0,"s:6:25:6:Infinity":1,"s:7:8:7:Infinity":2,"f:10:14:10:21":1,"s:11:8:11:Infinity":3}}}
,"/Users/duma/Projects/luma/frontend/src/services/posts.service.ts": {"path":"/Users/duma/Projects/luma/frontend/src/services/posts.service.ts","statementMap":{"0":{"start":{"line":64,"column":28},"end":{"line":105,"column":null}},"1":{"start":{"line":69,"column":25},"end":{"line":69,"column":null}},"2":{"start":{"line":70,"column":8},"end":{"line":70,"column":null}},"3":{"start":{"line":74,"column":25},"end":{"line":74,"column":null}},"4":{"start":{"line":75,"column":8},"end":{"line":75,"column":null}},"5":{"start":{"line":79,"column":25},"end":{"line":79,"column":null}},"6":{"start":{"line":80,"column":8},"end":{"line":80,"column":null}},"7":{"start":{"line":84,"column":25},"end":{"line":84,"column":null}},"8":{"start":{"line":85,"column":8},"end":{"line":85,"column":null}},"9":{"start":{"line":92,"column":25},"end":{"line":92,"column":null}},"10":{"start":{"line":93,"column":8},"end":{"line":93,"column":null}},"11":{"start":{"line":97,"column":25},"end":{"line":97,"column":null}},"12":{"start":{"line":98,"column":8},"end":{"line":98,"column":null}},"13":{"start":{"line":102,"column":25},"end":{"line":102,"column":null}},"14":{"start":{"line":103,"column":8},"end":{"line":103,"column":null}}},"fnMap":{"0":{"name":"(anonymous_0)","decl":{"start":{"line":65,"column":19},"end":{"line":65,"column":null}},"loc":{"start":{"line":68,"column":33},"end":{"line":71,"column":null}},"line":68},"1":{"name":"(anonymous_1)","decl":{"start":{"line":73,"column":16},"end":{"line":73,"column":23}},"loc":{"start":{"line":73,"column":156},"end":{"line":76,"column":null}},"line":73},"2":{"name":"(anonymous_2)","decl":{"start":{"line":78,"column":14},"end":{"line":78,"column":21}},"loc":{"start":{"line":78,"column":92},"end":{"line":81,"column":null}},"line":78},"3":{"name":"(anonymous_3)","decl":{"start":{"line":83,"column":16},"end":{"line":83,"column":23}},"loc":{"start":{"line":83,"column":94},"end":{"line":86,"column":null}},"line":83},"4":{"name":"(anonymous_4)","decl":{"start":{"line":88,"column":17},"end":{"line":88,"column":null}},"loc":{"start":{"line":91,"column":36},"end":{"line":94,"column":null}},"line":91},"5":{"name":"(anonymous_5)","decl":{"start":{"line":96,"column":19},"end":{"line":96,"column":26}},"loc":{"start":{"line":96,"column":80},"end":{"line":99,"column":null}},"line":96},"6":{"name":"(anonymous_6)","decl":{"start":{"line":101,"column":16},"end":{"line":101,"column":23}},"loc":{"start":{"line":101,"column":73},"end":{"line":104,"column":null}},"line":101}},"branchMap":{},"s":{"0":7,"1":1,"2":1,"3":1,"4":1,"5":1,"6":1,"7":1,"8":1,"9":1,"10":1,"11":1,"12":1,"13":0,"14":0},"f":{"0":1,"1":1,"2":1,"3":1,"4":1,"5":1,"6":0},"b":{},"meta":{"lastBranch":0,"lastFunction":7,"lastStatement":15,"seen":{"s:64:28:105:Infinity":0,"f:65:19:65:Infinity":0,"s:69:25:69:Infinity":1,"s:70:8:70:Infinity":2,"f:73:16:73:23":1,"s:74:25:74:Infinity":3,"s:75:8:75:Infinity":4,"f:78:14:78:21":2,"s:79:25:79:Infinity":5,"s:80:8:80:Infinity":6,"f:83:16:83:23":3,"s:84:25:84:Infinity":7,"s:85:8:85:Infinity":8,"f:88:17:88:Infinity":4,"s:92:25:92:Infinity":9,"s:93:8:93:Infinity":10,"f:96:19:96:26":5,"s:97:25:97:Infinity":11,"s:98:8:98:Infinity":12,"f:101:16:101:23":6,"s:102:25:102:Infinity":13,"s:103:8:103:Infinity":14}}}
,"/Users/duma/Projects/luma/frontend/src/services/submission.service.ts": {"path":"/Users/duma/Projects/luma/frontend/src/services/submission.service.ts","statementMap":{"0":{"start":{"line":17,"column":33},"end":{"line":38,"column":null}},"1":{"start":{"line":19,"column":20},"end":{"line":19,"column":null}},"2":{"start":{"line":20,"column":8},"end":{"line":20,"column":null}},"3":{"start":{"line":23,"column":20},"end":{"line":23,"column":null}},"4":{"start":{"line":24,"column":8},"end":{"line":24,"column":null}},"5":{"start":{"line":27,"column":20},"end":{"line":27,"column":null}},"6":{"start":{"line":28,"column":8},"end":{"line":28,"column":null}},"7":{"start":{"line":31,"column":20},"end":{"line":31,"column":null}},"8":{"start":{"line":32,"column":8},"end":{"line":32,"column":null}},"9":{"start":{"line":35,"column":20},"end":{"line":35,"column":null}},"10":{"start":{"line":36,"column":8},"end":{"line":36,"column":null}}},"fnMap":{"0":{"name":"(anonymous_0)","decl":{"start":{"line":18,"column":12},"end":{"line":18,"column":19}},"loc":{"start":{"line":18,"column":79},"end":{"line":21,"column":null}},"line":18},"1":{"name":"(anonymous_1)","decl":{"start":{"line":22,"column":13},"end":{"line":22,"column":25}},"loc":{"start":{"line":22,"column":25},"end":{"line":25,"column":null}},"line":22},"2":{"name":"(anonymous_2)","decl":{"start":{"line":26,"column":12},"end":{"line":26,"column":19}},"loc":{"start":{"line":26,"column":39},"end":{"line":29,"column":null}},"line":26},"3":{"name":"(anonymous_3)","decl":{"start":{"line":30,"column":13},"end":{"line":30,"column":20}},"loc":{"start":{"line":30,"column":35},"end":{"line":33,"column":null}},"line":30},"4":{"name":"(anonymous_4)","decl":{"start":{"line":34,"column":12},"end":{"line":34,"column":19}},"loc":{"start":{"line":34,"column":51},"end":{"line":37,"column":null}},"line":34}},"branchMap":{"0":{"loc":{"start":{"line":27,"column":80},"end":{"line":27,"column":112}},"type":"cond-expr","locations":[{"start":{"line":27,"column":89},"end":{"line":27,"column":102}},{"start":{"line":27,"column":102},"end":{"line":27,"column":112}}],"line":27}},"s":{"0":1,"1":0,"2":0,"3":0,"4":0,"5":0,"6":0,"7":0,"8":0,"9":0,"10":0},"f":{"0":0,"1":0,"2":0,"3":0,"4":0},"b":{"0":[0,0]},"meta":{"lastBranch":1,"lastFunction":5,"lastStatement":11,"seen":{"s:17:33:38:Infinity":0,"f:18:12:18:19":0,"s:19:20:19:Infinity":1,"s:20:8:20:Infinity":2,"f:22:13:22:25":1,"s:23:20:23:Infinity":3,"s:24:8:24:Infinity":4,"f:26:12:26:19":2,"s:27:20:27:Infinity":5,"b:27:89:27:102:27:102:27:112":0,"s:28:8:28:Infinity":6,"f:30:13:30:20":3,"s:31:20:31:Infinity":7,"s:32:8:32:Infinity":8,"f:34:12:34:19":4,"s:35:20:35:Infinity":9,"s:36:8:36:Infinity":10}}}
,"/Users/duma/Projects/luma/frontend/src/services/subscription.service.ts": {"path":"/Users/duma/Projects/luma/frontend/src/services/subscription.service.ts","statementMap":{"0":{"start":{"line":13,"column":35},"end":{"line":28,"column":null}},"1":{"start":{"line":15,"column":25},"end":{"line":15,"column":null}},"2":{"start":{"line":16,"column":8},"end":{"line":16,"column":null}},"3":{"start":{"line":20,"column":25},"end":{"line":20,"column":null}},"4":{"start":{"line":21,"column":8},"end":{"line":21,"column":null}},"5":{"start":{"line":25,"column":25},"end":{"line":25,"column":null}},"6":{"start":{"line":26,"column":8},"end":{"line":26,"column":null}}},"fnMap":{"0":{"name":"(anonymous_0)","decl":{"start":{"line":14,"column":15},"end":{"line":14,"column":22}},"loc":{"start":{"line":14,"column":133},"end":{"line":17,"column":null}},"line":14},"1":{"name":"(anonymous_1)","decl":{"start":{"line":19,"column":12},"end":{"line":19,"column":47}},"loc":{"start":{"line":19,"column":47},"end":{"line":22,"column":null}},"line":19},"2":{"name":"(anonymous_2)","decl":{"start":{"line":24,"column":15},"end":{"line":24,"column":50}},"loc":{"start":{"line":24,"column":50},"end":{"line":27,"column":null}},"line":24}},"branchMap":{"0":{"loc":{"start":{"line":14,"column":65},"end":{"line":14,"column":133}},"type":"default-arg","locations":[{"start":{"line":14,"column":96},"end":{"line":14,"column":133}}],"line":14}},"s":{"0":0,"1":0,"2":0,"3":0,"4":0,"5":0,"6":0},"f":{"0":0,"1":0,"2":0},"b":{"0":[0]},"meta":{"lastBranch":1,"lastFunction":3,"lastStatement":7,"seen":{"s:13:35:28:Infinity":0,"f:14:15:14:22":0,"b:14:96:14:133":0,"s:15:25:15:Infinity":1,"s:16:8:16:Infinity":2,"f:19:12:19:47":1,"s:20:25:20:Infinity":3,"s:21:8:21:Infinity":4,"f:24:15:24:50":2,"s:25:25:25:Infinity":5,"s:26:8:26:Infinity":6}}}
,"/Users/duma/Projects/luma/frontend/src/services/user.service.ts": {"path":"/Users/duma/Projects/luma/frontend/src/services/user.service.ts","statementMap":{"0":{"start":{"line":75,"column":27},"end":{"line":105,"column":null}},"1":{"start":{"line":77,"column":25},"end":{"line":77,"column":null}},"2":{"start":{"line":78,"column":8},"end":{"line":78,"column":null}},"3":{"start":{"line":82,"column":25},"end":{"line":82,"column":null}},"4":{"start":{"line":83,"column":8},"end":{"line":83,"column":null}},"5":{"start":{"line":87,"column":25},"end":{"line":87,"column":null}},"6":{"start":{"line":88,"column":8},"end":{"line":88,"column":null}},"7":{"start":{"line":92,"column":25},"end":{"line":92,"column":null}},"8":{"start":{"line":93,"column":8},"end":{"line":93,"column":null}},"9":{"start":{"line":97,"column":25},"end":{"line":97,"column":null}},"10":{"start":{"line":98,"column":8},"end":{"line":98,"column":null}},"11":{"start":{"line":102,"column":25},"end":{"line":102,"column":null}},"12":{"start":{"line":103,"column":8},"end":{"line":103,"column":null}}},"fnMap":{"0":{"name":"(anonymous_0)","decl":{"start":{"line":76,"column":20},"end":{"line":76,"column":54}},"loc":{"start":{"line":76,"column":54},"end":{"line":79,"column":null}},"line":76},"1":{"name":"(anonymous_1)","decl":{"start":{"line":81,"column":23},"end":{"line":81,"column":30}},"loc":{"start":{"line":81,"column":80},"end":{"line":84,"column":null}},"line":81},"2":{"name":"(anonymous_2)","decl":{"start":{"line":86,"column":17},"end":{"line":86,"column":24}},"loc":{"start":{"line":86,"column":71},"end":{"line":89,"column":null}},"line":86},"3":{"name":"(anonymous_3)","decl":{"start":{"line":91,"column":22},"end":{"line":91,"column":29}},"loc":{"start":{"line":91,"column":68},"end":{"line":94,"column":null}},"line":91},"4":{"name":"(anonymous_4)","decl":{"start":{"line":96,"column":20},"end":{"line":96,"column":61}},"loc":{"start":{"line":96,"column":61},"end":{"line":99,"column":null}},"line":96},"5":{"name":"(anonymous_5)","decl":{"start":{"line":101,"column":16},"end":{"line":101,"column":23}},"loc":{"start":{"line":101,"column":129},"end":{"line":104,"column":null}},"line":101}},"branchMap":{},"s":{"0":4,"1":1,"2":1,"3":1,"4":1,"5":1,"6":1,"7":1,"8":1,"9":1,"10":1,"11":0,"12":0},"f":{"0":1,"1":1,"2":1,"3":1,"4":1,"5":0},"b":{},"meta":{"lastBranch":0,"lastFunction":6,"lastStatement":13,"seen":{"s:75:27:105:Infinity":0,"f:76:20:76:54":0,"s:77:25:77:Infinity":1,"s:78:8:78:Infinity":2,"f:81:23:81:30":1,"s:82:25:82:Infinity":3,"s:83:8:83:Infinity":4,"f:86:17:86:24":2,"s:87:25:87:Infinity":5,"s:88:8:88:Infinity":6,"f:91:22:91:29":3,"s:92:25:92:Infinity":7,"s:93:8:93:Infinity":8,"f:96:20:96:61":4,"s:97:25:97:Infinity":9,"s:98:8:98:Infinity":10,"f:101:16:101:23":5,"s:102:25:102:Infinity":11,"s:103:8:103:Infinity":12}}}
,"/Users/duma/Projects/luma/frontend/src/utils/share.ts": {"path":"/Users/duma/Projects/luma/frontend/src/utils/share.ts","statementMap":{"0":{"start":{"line":5,"column":28},"end":{"line":37,"column":null}},"1":{"start":{"line":10,"column":21},"end":{"line":10,"column":null}},"2":{"start":{"line":12,"column":4},"end":{"line":36,"column":null}},"3":{"start":{"line":13,"column":8},"end":{"line":24,"column":null}},"4":{"start":{"line":14,"column":12},"end":{"line":18,"column":null}},"5":{"start":{"line":19,"column":12},"end":{"line":19,"column":null}},"6":{"start":{"line":22,"column":12},"end":{"line":22,"column":null}},"7":{"start":{"line":23,"column":12},"end":{"line":23,"column":null}},"8":{"start":{"line":27,"column":8},"end":{"line":35,"column":null}},"9":{"start":{"line":28,"column":12},"end":{"line":28,"column":null}},"10":{"start":{"line":29,"column":12},"end":{"line":29,"column":null}},"11":{"start":{"line":30,"column":12},"end":{"line":30,"column":null}},"12":{"start":{"line":32,"column":12},"end":{"line":32,"column":null}},"13":{"start":{"line":33,"column":12},"end":{"line":33,"column":null}},"14":{"start":{"line":34,"column":12},"end":{"line":34,"column":null}}},"fnMap":{"0":{"name":"(anonymous_0)","decl":{"start":{"line":5,"column":28},"end":{"line":5,"column":null}},"loc":{"start":{"line":9,"column":23},"end":{"line":37,"column":null}},"line":9}},"branchMap":{"0":{"loc":{"start":{"line":10,"column":21},"end":{"line":10,"column":null}},"type":"binary-expr","locations":[{"start":{"line":10,"column":21},"end":{"line":10,"column":28}},{"start":{"line":10,"column":28},"end":{"line":10,"column":null}}],"line":10},"1":{"loc":{"start":{"line":12,"column":4},"end":{"line":36,"column":null}},"type":"if","locations":[{"start":{"line":12,"column":4},"end":{"line":36,"column":null}},{"start":{"line":25,"column":11},"end":{"line":36,"column":null}}],"line":12}},"s":{"0":3,"1":0,"2":0,"3":0,"4":0,"5":0,"6":0,"7":0,"8":0,"9":0,"10":0,"11":0,"12":0,"13":0,"14":0},"f":{"0":0},"b":{"0":[0,0],"1":[0,0]},"meta":{"lastBranch":2,"lastFunction":1,"lastStatement":15,"seen":{"s:5:28:37:Infinity":0,"f:5:28:5:Infinity":0,"s:10:21:10:Infinity":1,"b:10:21:10:28:10:28:10:Infinity":0,"b:12:4:36:Infinity:25:11:36:Infinity":1,"s:12:4:36:Infinity":2,"s:13:8:24:Infinity":3,"s:14:12:18:Infinity":4,"s:19:12:19:Infinity":5,"s:22:12:22:Infinity":6,"s:23:12:23:Infinity":7,"s:27:8:35:Infinity":8,"s:28:12:28:Infinity":9,"s:29:12:29:Infinity":10,"s:30:12:30:Infinity":11,"s:32:12:32:Infinity":12,"s:33:12:33:Infinity":13,"s:34:12:34:Infinity":14}}}
}
