{"/Users/duma/Projects/luma/backend/src/controllers/auth.controller.ts": {"path":"/Users/duma/Projects/luma/backend/src/controllers/auth.controller.ts","statementMap":{"0":{"start":{"line":6,"column":21},"end":{"line":6,"column":null}},"1":{"start":{"line":7,"column":23},"end":{"line":7,"column":null}},"2":{"start":{"line":8,"column":27},"end":{"line":8,"column":null}},"3":{"start":{"line":9,"column":28},"end":{"line":9,"column":null}},"4":{"start":{"line":10,"column":32},"end":{"line":10,"column":null}},"5":{"start":{"line":12,"column":21},"end":{"line":16,"column":null}},"6":{"start":{"line":18,"column":21},"end":{"line":21,"column":null}},"7":{"start":{"line":23,"column":22},"end":{"line":25,"column":null}},"8":{"start":{"line":29,"column":17},"end":{"line":34,"column":null}},"9":{"start":{"line":35,"column":21},"end":{"line":39,"column":null}},"10":{"start":{"line":40,"column":4},"end":{"line":40,"column":null}},"11":{"start":{"line":45,"column":17},"end":{"line":50,"column":null}},"12":{"start":{"line":51,"column":21},"end":{"line":55,"column":null}},"13":{"start":{"line":56,"column":4},"end":{"line":61,"column":null}},"14":{"start":{"line":64,"column":22},"end":{"line":220,"column":null}},"15":{"start":{"line":65,"column":4},"end":{"line":219,"column":null}},"16":{"start":{"line":66,"column":46},"end":{"line":66,"column":null}},"17":{"start":{"line":70,"column":8},"end":{"line":79,"column":null}},"18":{"start":{"line":71,"column":12},"end":{"line":71,"column":null}},"19":{"start":{"line":73,"column":12},"end":{"line":77,"column":null}},"20":{"start":{"line":78,"column":12},"end":{"line":78,"column":null}},"21":{"start":{"line":82,"column":30},"end":{"line":85,"column":null}},"22":{"start":{"line":87,"column":8},"end":{"line":94,"column":null}},"23":{"start":{"line":88,"column":12},"end":{"line":92,"column":null}},"24":{"start":{"line":93,"column":12},"end":{"line":93,"column":null}},"25":{"start":{"line":97,"column":27},"end":{"line":100,"column":null}},"26":{"start":{"line":102,"column":8},"end":{"line":109,"column":null}},"27":{"start":{"line":103,"column":12},"end":{"line":107,"column":null}},"28":{"start":{"line":108,"column":12},"end":{"line":108,"column":null}},"29":{"start":{"line":112,"column":31},"end":{"line":129,"column":null}},"30":{"start":{"line":132,"column":31},"end":{"line":132,"column":null}},"31":{"start":{"line":133,"column":31},"end":{"line":133,"column":null}},"32":{"start":{"line":135,"column":8},"end":{"line":165,"column":null}},"33":{"start":{"line":138,"column":12},"end":{"line":146,"column":null}},"34":{"start":{"line":139,"column":16},"end":{"line":143,"column":null}},"35":{"start":{"line":145,"column":16},"end":{"line":145,"column":null}},"36":{"start":{"line":149,"column":12},"end":{"line":164,"column":null}},"37":{"start":{"line":150,"column":38},"end":{"line":153,"column":null}},"38":{"start":{"line":154,"column":36},"end":{"line":154,"column":null}},"39":{"start":{"line":154,"column":72},"end":{"line":154,"column":93}},"40":{"start":{"line":155,"column":16},"end":{"line":161,"column":null}},"41":{"start":{"line":156,"column":20},"end":{"line":160,"column":null}},"42":{"start":{"line":163,"column":16},"end":{"line":163,"column":null}},"43":{"start":{"line":173,"column":8},"end":{"line":184,"column":null}},"44":{"start":{"line":174,"column":12},"end":{"line":174,"column":null}},"45":{"start":{"line":176,"column":28},"end":{"line":176,"column":null}},"46":{"start":{"line":177,"column":12},"end":{"line":177,"column":null}},"47":{"start":{"line":178,"column":12},"end":{"line":182,"column":null}},"48":{"start":{"line":183,"column":12},"end":{"line":183,"column":null}},"49":{"start":{"line":186,"column":8},"end":{"line":192,"column":null}},"50":{"start":{"line":194,"column":8},"end":{"line":202,"column":null}},"51":{"start":{"line":195,"column":12},"end":{"line":200,"column":null}},"52":{"start":{"line":201,"column":12},"end":{"line":201,"column":null}},"53":{"start":{"line":205,"column":25},"end":{"line":205,"column":null}},"54":{"start":{"line":206,"column":22},"end":{"line":206,"column":null}},"55":{"start":{"line":208,"column":8},"end":{"line":211,"column":null}},"56":{"start":{"line":209,"column":12},"end":{"line":209,"column":null}},"57":{"start":{"line":210,"column":12},"end":{"line":210,"column":null}},"58":{"start":{"line":213,"column":8},"end":{"line":213,"column":null}},"59":{"start":{"line":214,"column":8},"end":{"line":218,"column":null}},"60":{"start":{"line":222,"column":22},"end":{"line":270,"column":null}},"61":{"start":{"line":223,"column":4},"end":{"line":269,"column":null}},"62":{"start":{"line":224,"column":39},"end":{"line":224,"column":null}},"63":{"start":{"line":227,"column":8},"end":{"line":245,"column":null}},"64":{"start":{"line":228,"column":12},"end":{"line":228,"column":null}},"65":{"start":{"line":230,"column":28},"end":{"line":230,"column":null}},"66":{"start":{"line":231,"column":12},"end":{"line":238,"column":null}},"67":{"start":{"line":232,"column":16},"end":{"line":236,"column":null}},"68":{"start":{"line":237,"column":16},"end":{"line":237,"column":null}},"69":{"start":{"line":239,"column":12},"end":{"line":243,"column":null}},"70":{"start":{"line":244,"column":12},"end":{"line":244,"column":null}},"71":{"start":{"line":247,"column":8},"end":{"line":252,"column":null}},"72":{"start":{"line":254,"column":8},"end":{"line":262,"column":null}},"73":{"start":{"line":255,"column":12},"end":{"line":260,"column":null}},"74":{"start":{"line":261,"column":12},"end":{"line":261,"column":null}},"75":{"start":{"line":263,"column":8},"end":{"line":263,"column":null}},"76":{"start":{"line":264,"column":8},"end":{"line":268,"column":null}},"77":{"start":{"line":272,"column":28},"end":{"line":300,"column":null}},"78":{"start":{"line":273,"column":4},"end":{"line":299,"column":null}},"79":{"start":{"line":274,"column":40},"end":{"line":274,"column":null}},"80":{"start":{"line":276,"column":21},"end":{"line":280,"column":null}},"81":{"start":{"line":282,"column":25},"end":{"line":286,"column":null}},"82":{"start":{"line":288,"column":8},"end":{"line":292,"column":null}},"83":{"start":{"line":294,"column":8},"end":{"line":297,"column":null}},"84":{"start":{"line":295,"column":12},"end":{"line":295,"column":null}},"85":{"start":{"line":296,"column":12},"end":{"line":296,"column":null}},"86":{"start":{"line":298,"column":8},"end":{"line":298,"column":null}},"87":{"start":{"line":302,"column":23},"end":{"line":321,"column":null}},"88":{"start":{"line":304,"column":36},"end":{"line":304,"column":null}},"89":{"start":{"line":305,"column":4},"end":{"line":319,"column":null}},"90":{"start":{"line":306,"column":8},"end":{"line":318,"column":null}},"91":{"start":{"line":307,"column":25},"end":{"line":310,"column":null}},"92":{"start":{"line":311,"column":12},"end":{"line":315,"column":null}},"93":{"start":{"line":320,"column":4},"end":{"line":320,"column":null}}},"fnMap":{"0":{"name":"getAdminToken","decl":{"start":{"line":28,"column":15},"end":{"line":28,"column":48}},"loc":{"start":{"line":28,"column":48},"end":{"line":41,"column":null}},"line":28},"1":{"name":"getKeycloakTokens","decl":{"start":{"line":44,"column":15},"end":{"line":44,"column":33}},"loc":{"start":{"line":44,"column":69},"end":{"line":62,"column":null}},"line":44},"2":{"name":"(anonymous_2)","decl":{"start":{"line":64,"column":22},"end":{"line":64,"column":29}},"loc":{"start":{"line":64,"column":76},"end":{"line":220,"column":null}},"line":64},"3":{"name":"(anonymous_3)","decl":{"start":{"line":154,"column":60},"end":{"line":154,"column":61}},"loc":{"start":{"line":154,"column":72},"end":{"line":154,"column":93}},"line":154},"4":{"name":"(anonymous_4)","decl":{"start":{"line":222,"column":22},"end":{"line":222,"column":29}},"loc":{"start":{"line":222,"column":76},"end":{"line":270,"column":null}},"line":222},"5":{"name":"(anonymous_5)","decl":{"start":{"line":272,"column":28},"end":{"line":272,"column":35}},"loc":{"start":{"line":272,"column":82},"end":{"line":300,"column":null}},"line":272},"6":{"name":"(anonymous_6)","decl":{"start":{"line":302,"column":23},"end":{"line":302,"column":30}},"loc":{"start":{"line":302,"column":77},"end":{"line":321,"column":null}},"line":302}},"branchMap":{"0":{"loc":{"start":{"line":6,"column":21},"end":{"line":6,"column":null}},"type":"binary-expr","locations":[{"start":{"line":6,"column":21},"end":{"line":6,"column":49}},{"start":{"line":6,"column":49},"end":{"line":6,"column":null}}],"line":6},"1":{"loc":{"start":{"line":7,"column":23},"end":{"line":7,"column":null}},"type":"binary-expr","locations":[{"start":{"line":7,"column":23},"end":{"line":7,"column":53}},{"start":{"line":7,"column":53},"end":{"line":7,"column":null}}],"line":7},"2":{"loc":{"start":{"line":8,"column":27},"end":{"line":8,"column":null}},"type":"binary-expr","locations":[{"start":{"line":8,"column":27},"end":{"line":8,"column":61}},{"start":{"line":8,"column":61},"end":{"line":8,"column":null}}],"line":8},"3":{"loc":{"start":{"line":9,"column":28},"end":{"line":9,"column":null}},"type":"binary-expr","locations":[{"start":{"line":9,"column":28},"end":{"line":9,"column":63}},{"start":{"line":9,"column":63},"end":{"line":9,"column":null}}],"line":9},"4":{"loc":{"start":{"line":10,"column":32},"end":{"line":10,"column":null}},"type":"binary-expr","locations":[{"start":{"line":10,"column":32},"end":{"line":10,"column":71}},{"start":{"line":10,"column":71},"end":{"line":10,"column":null}}],"line":10},"5":{"loc":{"start":{"line":87,"column":8},"end":{"line":94,"column":null}},"type":"if","locations":[{"start":{"line":87,"column":8},"end":{"line":94,"column":null}},{"start":{},"end":{}}],"line":87},"6":{"loc":{"start":{"line":87,"column":12},"end":{"line":87,"column":65}},"type":"binary-expr","locations":[{"start":{"line":87,"column":12},"end":{"line":87,"column":34}},{"start":{"line":87,"column":34},"end":{"line":87,"column":65}}],"line":87},"7":{"loc":{"start":{"line":102,"column":8},"end":{"line":109,"column":null}},"type":"if","locations":[{"start":{"line":102,"column":8},"end":{"line":109,"column":null}},{"start":{},"end":{}}],"line":102},"8":{"loc":{"start":{"line":102,"column":12},"end":{"line":102,"column":59}},"type":"binary-expr","locations":[{"start":{"line":102,"column":12},"end":{"line":102,"column":31}},{"start":{"line":102,"column":31},"end":{"line":102,"column":59}}],"line":102},"9":{"loc":{"start":{"line":132,"column":31},"end":{"line":132,"column":null}},"type":"binary-expr","locations":[{"start":{"line":132,"column":31},"end":{"line":132,"column":66}},{"start":{"line":132,"column":66},"end":{"line":132,"column":null}}],"line":132},"10":{"loc":{"start":{"line":135,"column":8},"end":{"line":165,"column":null}},"type":"if","locations":[{"start":{"line":135,"column":8},"end":{"line":165,"column":null}},{"start":{},"end":{}}],"line":135},"11":{"loc":{"start":{"line":145,"column":66},"end":{"line":145,"column":109}},"type":"binary-expr","locations":[{"start":{"line":145,"column":66},"end":{"line":145,"column":93}},{"start":{"line":145,"column":93},"end":{"line":145,"column":109}}],"line":145},"12":{"loc":{"start":{"line":155,"column":16},"end":{"line":161,"column":null}},"type":"if","locations":[{"start":{"line":155,"column":16},"end":{"line":161,"column":null}},{"start":{},"end":{}}],"line":155},"13":{"loc":{"start":{"line":163,"column":62},"end":{"line":163,"column":103}},"type":"binary-expr","locations":[{"start":{"line":163,"column":62},"end":{"line":163,"column":88}},{"start":{"line":163,"column":88},"end":{"line":163,"column":103}}],"line":163},"14":{"loc":{"start":{"line":194,"column":8},"end":{"line":202,"column":null}},"type":"if","locations":[{"start":{"line":194,"column":8},"end":{"line":202,"column":null}},{"start":{},"end":{}}],"line":194},"15":{"loc":{"start":{"line":197,"column":25},"end":{"line":197,"column":null}},"type":"binary-expr","locations":[{"start":{"line":197,"column":25},"end":{"line":197,"column":53}},{"start":{"line":197,"column":53},"end":{"line":197,"column":null}}],"line":197},"16":{"loc":{"start":{"line":206,"column":22},"end":{"line":206,"column":null}},"type":"binary-expr","locations":[{"start":{"line":206,"column":22},"end":{"line":206,"column":60}},{"start":{"line":206,"column":60},"end":{"line":206,"column":null}}],"line":206},"17":{"loc":{"start":{"line":208,"column":8},"end":{"line":211,"column":null}},"type":"if","locations":[{"start":{"line":208,"column":8},"end":{"line":211,"column":null}},{"start":{},"end":{}}],"line":208},"18":{"loc":{"start":{"line":213,"column":40},"end":{"line":213,"column":62}},"type":"binary-expr","locations":[{"start":{"line":213,"column":40},"end":{"line":213,"column":49}},{"start":{"line":213,"column":49},"end":{"line":213,"column":62}}],"line":213},"19":{"loc":{"start":{"line":231,"column":12},"end":{"line":238,"column":null}},"type":"if","locations":[{"start":{"line":231,"column":12},"end":{"line":238,"column":null}},{"start":{},"end":{}}],"line":231},"20":{"loc":{"start":{"line":254,"column":8},"end":{"line":262,"column":null}},"type":"if","locations":[{"start":{"line":254,"column":8},"end":{"line":262,"column":null}},{"start":{},"end":{}}],"line":254},"21":{"loc":{"start":{"line":294,"column":8},"end":{"line":297,"column":null}},"type":"if","locations":[{"start":{"line":294,"column":8},"end":{"line":297,"column":null}},{"start":{},"end":{}}],"line":294},"22":{"loc":{"start":{"line":305,"column":4},"end":{"line":319,"column":null}},"type":"if","locations":[{"start":{"line":305,"column":4},"end":{"line":319,"column":null}},{"start":{},"end":{}}],"line":305}},"s":{"0":1,"1":1,"2":1,"3":1,"4":1,"5":1,"6":1,"7":1,"8":2,"9":2,"10":2,"11":3,"12":3,"13":2,"14":1,"15":3,"16":3,"17":3,"18":3,"19":0,"20":0,"21":2,"22":2,"23":1,"24":1,"25":1,"26":1,"27":0,"28":0,"29":1,"30":1,"31":3,"32":3,"33":1,"34":1,"35":0,"36":1,"37":1,"38":1,"39":1,"40":1,"41":1,"42":0,"43":1,"44":1,"45":0,"46":0,"47":0,"48":0,"49":1,"50":1,"51":1,"52":1,"53":0,"54":1,"55":1,"56":0,"57":0,"58":0,"59":1,"60":1,"61":3,"62":3,"63":3,"64":3,"65":1,"66":1,"67":1,"68":1,"69":0,"70":0,"71":1,"72":1,"73":1,"74":1,"75":0,"76":0,"77":1,"78":0,"79":0,"80":0,"81":0,"82":0,"83":0,"84":0,"85":0,"86":0,"87":1,"88":0,"89":0,"90":0,"91":0,"92":0,"93":0},"f":{"0":2,"1":3,"2":3,"3":1,"4":3,"5":0,"6":0},"b":{"0":[1,1],"1":[1,1],"2":[1,1],"3":[1,1],"4":[1,1],"5":[1,1],"6":[2,2],"7":[0,1],"8":[1,1],"9":[1,0],"10":[1,2],"11":[0,0],"12":[1,0],"13":[0,0],"14":[1,0],"15":[1,0],"16":[1,0],"17":[0,1],"18":[0,0],"19":[1,0],"20":[1,0],"21":[0,0],"22":[0,0]},"meta":{"lastBranch":23,"lastFunction":7,"lastStatement":94,"seen":{"s:6:21:6:Infinity":0,"b:6:21:6:49:6:49:6:Infinity":0,"s:7:23:7:Infinity":1,"b:7:23:7:53:7:53:7:Infinity":1,"s:8:27:8:Infinity":2,"b:8:27:8:61:8:61:8:Infinity":2,"s:9:28:9:Infinity":3,"b:9:28:9:63:9:63:9:Infinity":3,"s:10:32:10:Infinity":4,"b:10:32:10:71:10:71:10:Infinity":4,"s:12:21:16:Infinity":5,"s:18:21:21:Infinity":6,"s:23:22:25:Infinity":7,"f:28:15:28:48":0,"s:29:17:34:Infinity":8,"s:35:21:39:Infinity":9,"s:40:4:40:Infinity":10,"f:44:15:44:33":1,"s:45:17:50:Infinity":11,"s:51:21:55:Infinity":12,"s:56:4:61:Infinity":13,"s:64:22:220:Infinity":14,"f:64:22:64:29":2,"s:65:4:219:Infinity":15,"s:66:46:66:Infinity":16,"s:70:8:79:Infinity":17,"s:71:12:71:Infinity":18,"s:73:12:77:Infinity":19,"s:78:12:78:Infinity":20,"s:82:30:85:Infinity":21,"b:87:8:94:Infinity:undefined:undefined:undefined:undefined":5,"s:87:8:94:Infinity":22,"b:87:12:87:34:87:34:87:65":6,"s:88:12:92:Infinity":23,"s:93:12:93:Infinity":24,"s:97:27:100:Infinity":25,"b:102:8:109:Infinity:undefined:undefined:undefined:undefined":7,"s:102:8:109:Infinity":26,"b:102:12:102:31:102:31:102:59":8,"s:103:12:107:Infinity":27,"s:108:12:108:Infinity":28,"s:112:31:129:Infinity":29,"s:132:31:132:Infinity":30,"b:132:31:132:66:132:66:132:Infinity":9,"s:133:31:133:Infinity":31,"b:135:8:165:Infinity:undefined:undefined:undefined:undefined":10,"s:135:8:165:Infinity":32,"s:138:12:146:Infinity":33,"s:139:16:143:Infinity":34,"s:145:16:145:Infinity":35,"b:145:66:145:93:145:93:145:109":11,"s:149:12:164:Infinity":36,"s:150:38:153:Infinity":37,"s:154:36:154:Infinity":38,"f:154:60:154:61":3,"s:154:72:154:93":39,"b:155:16:161:Infinity:undefined:undefined:undefined:undefined":12,"s:155:16:161:Infinity":40,"s:156:20:160:Infinity":41,"s:163:16:163:Infinity":42,"b:163:62:163:88:163:88:163:103":13,"s:173:8:184:Infinity":43,"s:174:12:174:Infinity":44,"s:176:28:176:Infinity":45,"s:177:12:177:Infinity":46,"s:178:12:182:Infinity":47,"s:183:12:183:Infinity":48,"s:186:8:192:Infinity":49,"b:194:8:202:Infinity:undefined:undefined:undefined:undefined":14,"s:194:8:202:Infinity":50,"s:195:12:200:Infinity":51,"b:197:25:197:53:197:53:197:Infinity":15,"s:201:12:201:Infinity":52,"s:205:25:205:Infinity":53,"s:206:22:206:Infinity":54,"b:206:22:206:60:206:60:206:Infinity":16,"b:208:8:211:Infinity:undefined:undefined:undefined:undefined":17,"s:208:8:211:Infinity":55,"s:209:12:209:Infinity":56,"s:210:12:210:Infinity":57,"s:213:8:213:Infinity":58,"b:213:40:213:49:213:49:213:62":18,"s:214:8:218:Infinity":59,"s:222:22:270:Infinity":60,"f:222:22:222:29":4,"s:223:4:269:Infinity":61,"s:224:39:224:Infinity":62,"s:227:8:245:Infinity":63,"s:228:12:228:Infinity":64,"s:230:28:230:Infinity":65,"b:231:12:238:Infinity:undefined:undefined:undefined:undefined":19,"s:231:12:238:Infinity":66,"s:232:16:236:Infinity":67,"s:237:16:237:Infinity":68,"s:239:12:243:Infinity":69,"s:244:12:244:Infinity":70,"s:247:8:252:Infinity":71,"b:254:8:262:Infinity:undefined:undefined:undefined:undefined":20,"s:254:8:262:Infinity":72,"s:255:12:260:Infinity":73,"s:261:12:261:Infinity":74,"s:263:8:263:Infinity":75,"s:264:8:268:Infinity":76,"s:272:28:300:Infinity":77,"f:272:28:272:35":5,"s:273:4:299:Infinity":78,"s:274:40:274:Infinity":79,"s:276:21:280:Infinity":80,"s:282:25:286:Infinity":81,"s:288:8:292:Infinity":82,"b:294:8:297:Infinity:undefined:undefined:undefined:undefined":21,"s:294:8:297:Infinity":83,"s:295:12:295:Infinity":84,"s:296:12:296:Infinity":85,"s:298:8:298:Infinity":86,"s:302:23:321:Infinity":87,"f:302:23:302:30":6,"s:304:36:304:Infinity":88,"b:305:4:319:Infinity:undefined:undefined:undefined:undefined":22,"s:305:4:319:Infinity":89,"s:306:8:318:Infinity":90,"s:307:25:310:Infinity":91,"s:311:12:315:Infinity":92,"s:320:4:320:Infinity":93}}}
,"/Users/duma/Projects/luma/backend/src/controllers/connection.controller.ts": {"path":"/Users/duma/Projects/luma/backend/src/controllers/connection.controller.ts","statementMap":{"0":{"start":{"line":6,"column":30},"end":{"line":32,"column":null}},"1":{"start":{"line":10,"column":4},"end":{"line":31,"column":null}},"2":{"start":{"line":11,"column":23},"end":{"line":11,"column":null}},"3":{"start":{"line":13,"column":28},"end":{"line":25,"column":null}},"4":{"start":{"line":27,"column":8},"end":{"line":27,"column":null}},"5":{"start":{"line":29,"column":8},"end":{"line":29,"column":null}},"6":{"start":{"line":30,"column":8},"end":{"line":30,"column":null}},"7":{"start":{"line":34,"column":37},"end":{"line":90,"column":null}},"8":{"start":{"line":38,"column":4},"end":{"line":89,"column":null}},"9":{"start":{"line":39,"column":28},"end":{"line":39,"column":null}},"10":{"start":{"line":40,"column":32},"end":{"line":40,"column":null}},"11":{"start":{"line":42,"column":8},"end":{"line":45,"column":null}},"12":{"start":{"line":43,"column":12},"end":{"line":43,"column":null}},"13":{"start":{"line":44,"column":12},"end":{"line":44,"column":null}},"14":{"start":{"line":48,"column":35},"end":{"line":55,"column":null}},"15":{"start":{"line":57,"column":8},"end":{"line":60,"column":null}},"16":{"start":{"line":58,"column":12},"end":{"line":58,"column":null}},"17":{"start":{"line":59,"column":12},"end":{"line":59,"column":null}},"18":{"start":{"line":62,"column":27},"end":{"line":72,"column":null}},"19":{"start":{"line":75,"column":8},"end":{"line":83,"column":null}},"20":{"start":{"line":85,"column":8},"end":{"line":85,"column":null}},"21":{"start":{"line":87,"column":8},"end":{"line":87,"column":null}},"22":{"start":{"line":88,"column":8},"end":{"line":88,"column":null}},"23":{"start":{"line":92,"column":42},"end":{"line":159,"column":null}},"24":{"start":{"line":96,"column":4},"end":{"line":158,"column":null}},"25":{"start":{"line":97,"column":23},"end":{"line":97,"column":null}},"26":{"start":{"line":98,"column":19},"end":{"line":98,"column":null}},"27":{"start":{"line":99,"column":27},"end":{"line":99,"column":null}},"28":{"start":{"line":101,"column":8},"end":{"line":104,"column":null}},"29":{"start":{"line":102,"column":12},"end":{"line":102,"column":null}},"30":{"start":{"line":103,"column":12},"end":{"line":103,"column":null}},"31":{"start":{"line":106,"column":27},"end":{"line":108,"column":null}},"32":{"start":{"line":110,"column":8},"end":{"line":113,"column":null}},"33":{"start":{"line":111,"column":12},"end":{"line":111,"column":null}},"34":{"start":{"line":112,"column":12},"end":{"line":112,"column":null}},"35":{"start":{"line":115,"column":8},"end":{"line":118,"column":null}},"36":{"start":{"line":116,"column":12},"end":{"line":116,"column":null}},"37":{"start":{"line":117,"column":12},"end":{"line":117,"column":null}},"38":{"start":{"line":120,"column":8},"end":{"line":123,"column":null}},"39":{"start":{"line":121,"column":12},"end":{"line":121,"column":null}},"40":{"start":{"line":122,"column":12},"end":{"line":122,"column":null}},"41":{"start":{"line":125,"column":8},"end":{"line":131,"column":null}},"42":{"start":{"line":128,"column":12},"end":{"line":128,"column":null}},"43":{"start":{"line":129,"column":12},"end":{"line":129,"column":null}},"44":{"start":{"line":130,"column":12},"end":{"line":130,"column":null}},"45":{"start":{"line":134,"column":34},"end":{"line":141,"column":null}},"46":{"start":{"line":144,"column":8},"end":{"line":152,"column":null}},"47":{"start":{"line":154,"column":8},"end":{"line":154,"column":null}},"48":{"start":{"line":156,"column":8},"end":{"line":156,"column":null}},"49":{"start":{"line":157,"column":8},"end":{"line":157,"column":null}}},"fnMap":{"0":{"name":"(anonymous_0)","decl":{"start":{"line":6,"column":30},"end":{"line":6,"column":null}},"loc":{"start":{"line":9,"column":20},"end":{"line":32,"column":null}},"line":9},"1":{"name":"(anonymous_1)","decl":{"start":{"line":34,"column":37},"end":{"line":34,"column":null}},"loc":{"start":{"line":37,"column":20},"end":{"line":90,"column":null}},"line":37},"2":{"name":"(anonymous_2)","decl":{"start":{"line":92,"column":42},"end":{"line":92,"column":null}},"loc":{"start":{"line":95,"column":20},"end":{"line":159,"column":null}},"line":95}},"branchMap":{"0":{"loc":{"start":{"line":42,"column":8},"end":{"line":45,"column":null}},"type":"if","locations":[{"start":{"line":42,"column":8},"end":{"line":45,"column":null}},{"start":{},"end":{}}],"line":42},"1":{"loc":{"start":{"line":42,"column":12},"end":{"line":42,"column":57}},"type":"binary-expr","locations":[{"start":{"line":42,"column":12},"end":{"line":42,"column":28}},{"start":{"line":42,"column":28},"end":{"line":42,"column":57}}],"line":42},"2":{"loc":{"start":{"line":57,"column":8},"end":{"line":60,"column":null}},"type":"if","locations":[{"start":{"line":57,"column":8},"end":{"line":60,"column":null}},{"start":{},"end":{}}],"line":57},"3":{"loc":{"start":{"line":101,"column":8},"end":{"line":104,"column":null}},"type":"if","locations":[{"start":{"line":101,"column":8},"end":{"line":104,"column":null}},{"start":{},"end":{}}],"line":101},"4":{"loc":{"start":{"line":101,"column":12},"end":{"line":101,"column":60}},"type":"binary-expr","locations":[{"start":{"line":101,"column":12},"end":{"line":101,"column":37}},{"start":{"line":101,"column":37},"end":{"line":101,"column":60}}],"line":101},"5":{"loc":{"start":{"line":110,"column":8},"end":{"line":113,"column":null}},"type":"if","locations":[{"start":{"line":110,"column":8},"end":{"line":113,"column":null}},{"start":{},"end":{}}],"line":110},"6":{"loc":{"start":{"line":115,"column":8},"end":{"line":118,"column":null}},"type":"if","locations":[{"start":{"line":115,"column":8},"end":{"line":118,"column":null}},{"start":{},"end":{}}],"line":115},"7":{"loc":{"start":{"line":120,"column":8},"end":{"line":123,"column":null}},"type":"if","locations":[{"start":{"line":120,"column":8},"end":{"line":123,"column":null}},{"start":{},"end":{}}],"line":120},"8":{"loc":{"start":{"line":125,"column":8},"end":{"line":131,"column":null}},"type":"if","locations":[{"start":{"line":125,"column":8},"end":{"line":131,"column":null}},{"start":{},"end":{}}],"line":125}},"s":{"0":1,"1":1,"2":1,"3":1,"4":1,"5":0,"6":0,"7":1,"8":3,"9":3,"10":3,"11":3,"12":1,"13":1,"14":2,"15":2,"16":1,"17":1,"18":1,"19":1,"20":1,"21":0,"22":0,"23":1,"24":4,"25":4,"26":4,"27":4,"28":4,"29":1,"30":1,"31":3,"32":3,"33":0,"34":0,"35":3,"36":1,"37":1,"38":2,"39":0,"40":0,"41":2,"42":1,"43":1,"44":1,"45":1,"46":1,"47":1,"48":0,"49":0},"f":{"0":1,"1":3,"2":4},"b":{"0":[1,2],"1":[3,3],"2":[1,1],"3":[1,3],"4":[4,2],"5":[0,3],"6":[1,2],"7":[0,2],"8":[1,1]},"meta":{"lastBranch":9,"lastFunction":3,"lastStatement":50,"seen":{"s:6:30:32:Infinity":0,"f:6:30:6:Infinity":0,"s:10:4:31:Infinity":1,"s:11:23:11:Infinity":2,"s:13:28:25:Infinity":3,"s:27:8:27:Infinity":4,"s:29:8:29:Infinity":5,"s:30:8:30:Infinity":6,"s:34:37:90:Infinity":7,"f:34:37:34:Infinity":1,"s:38:4:89:Infinity":8,"s:39:28:39:Infinity":9,"s:40:32:40:Infinity":10,"b:42:8:45:Infinity:undefined:undefined:undefined:undefined":0,"s:42:8:45:Infinity":11,"b:42:12:42:28:42:28:42:57":1,"s:43:12:43:Infinity":12,"s:44:12:44:Infinity":13,"s:48:35:55:Infinity":14,"b:57:8:60:Infinity:undefined:undefined:undefined:undefined":2,"s:57:8:60:Infinity":15,"s:58:12:58:Infinity":16,"s:59:12:59:Infinity":17,"s:62:27:72:Infinity":18,"s:75:8:83:Infinity":19,"s:85:8:85:Infinity":20,"s:87:8:87:Infinity":21,"s:88:8:88:Infinity":22,"s:92:42:159:Infinity":23,"f:92:42:92:Infinity":2,"s:96:4:158:Infinity":24,"s:97:23:97:Infinity":25,"s:98:19:98:Infinity":26,"s:99:27:99:Infinity":27,"b:101:8:104:Infinity:undefined:undefined:undefined:undefined":3,"s:101:8:104:Infinity":28,"b:101:12:101:37:101:37:101:60":4,"s:102:12:102:Infinity":29,"s:103:12:103:Infinity":30,"s:106:27:108:Infinity":31,"b:110:8:113:Infinity:undefined:undefined:undefined:undefined":5,"s:110:8:113:Infinity":32,"s:111:12:111:Infinity":33,"s:112:12:112:Infinity":34,"b:115:8:118:Infinity:undefined:undefined:undefined:undefined":6,"s:115:8:118:Infinity":35,"s:116:12:116:Infinity":36,"s:117:12:117:Infinity":37,"b:120:8:123:Infinity:undefined:undefined:undefined:undefined":7,"s:120:8:123:Infinity":38,"s:121:12:121:Infinity":39,"s:122:12:122:Infinity":40,"b:125:8:131:Infinity:undefined:undefined:undefined:undefined":8,"s:125:8:131:Infinity":41,"s:128:12:128:Infinity":42,"s:129:12:129:Infinity":43,"s:130:12:130:Infinity":44,"s:134:34:141:Infinity":45,"s:144:8:152:Infinity":46,"s:154:8:154:Infinity":47,"s:156:8:156:Infinity":48,"s:157:8:157:Infinity":49}}}
,"/Users/duma/Projects/luma/backend/src/controllers/content.controller.ts": {"path":"/Users/duma/Projects/luma/backend/src/controllers/content.controller.ts","statementMap":{"0":{"start":{"line":7,"column":23},"end":{"line":10,"column":null}},"1":{"start":{"line":8,"column":4},"end":{"line":8,"column":null}},"2":{"start":{"line":8,"column":30},"end":{"line":8,"column":null}},"3":{"start":{"line":9,"column":4},"end":{"line":9,"column":null}},"4":{"start":{"line":12,"column":28},"end":{"line":43,"column":null}},"5":{"start":{"line":45,"column":28},"end":{"line":45,"column":null}},"6":{"start":{"line":48,"column":26},"end":{"line":167,"column":null}},"7":{"start":{"line":52,"column":4},"end":{"line":166,"column":null}},"8":{"start":{"line":53,"column":25},"end":{"line":53,"column":null}},"9":{"start":{"line":54,"column":26},"end":{"line":54,"column":null}},"10":{"start":{"line":55,"column":27},"end":{"line":55,"column":null}},"11":{"start":{"line":56,"column":23},"end":{"line":56,"column":null}},"12":{"start":{"line":57,"column":22},"end":{"line":57,"column":null}},"13":{"start":{"line":58,"column":23},"end":{"line":58,"column":null}},"14":{"start":{"line":60,"column":27},"end":{"line":63,"column":null}},"15":{"start":{"line":65,"column":8},"end":{"line":67,"column":null}},"16":{"start":{"line":66,"column":12},"end":{"line":66,"column":null}},"17":{"start":{"line":69,"column":8},"end":{"line":71,"column":null}},"18":{"start":{"line":70,"column":12},"end":{"line":70,"column":null}},"19":{"start":{"line":73,"column":8},"end":{"line":75,"column":null}},"20":{"start":{"line":74,"column":12},"end":{"line":74,"column":null}},"21":{"start":{"line":77,"column":33},"end":{"line":114,"column":null}},"22":{"start":{"line":117,"column":23},"end":{"line":117,"column":null}},"23":{"start":{"line":118,"column":8},"end":{"line":125,"column":null}},"24":{"start":{"line":119,"column":33},"end":{"line":121,"column":null}},"25":{"start":{"line":122,"column":12},"end":{"line":124,"column":null}},"26":{"start":{"line":123,"column":16},"end":{"line":123,"column":null}},"27":{"start":{"line":127,"column":32},"end":{"line":152,"column":null}},"28":{"start":{"line":128,"column":28},"end":{"line":128,"column":null}},"29":{"start":{"line":129,"column":12},"end":{"line":135,"column":null}},"30":{"start":{"line":130,"column":16},"end":{"line":134,"column":null}},"31":{"start":{"line":131,"column":20},"end":{"line":131,"column":null}},"32":{"start":{"line":133,"column":20},"end":{"line":133,"column":null}},"33":{"start":{"line":137,"column":28},"end":{"line":137,"column":null}},"34":{"start":{"line":138,"column":28},"end":{"line":138,"column":null}},"35":{"start":{"line":140,"column":32},"end":{"line":145,"column":null}},"36":{"start":{"line":147,"column":12},"end":{"line":151,"column":null}},"37":{"start":{"line":154,"column":8},"end":{"line":162,"column":null}},"38":{"start":{"line":164,"column":8},"end":{"line":164,"column":null}},"39":{"start":{"line":165,"column":8},"end":{"line":165,"column":null}},"40":{"start":{"line":170,"column":34},"end":{"line":225,"column":null}},"41":{"start":{"line":174,"column":4},"end":{"line":224,"column":null}},"42":{"start":{"line":175,"column":24},"end":{"line":175,"column":null}},"43":{"start":{"line":176,"column":24},"end":{"line":176,"column":null}},"44":{"start":{"line":177,"column":25},"end":{"line":177,"column":null}},"45":{"start":{"line":180,"column":27},"end":{"line":184,"column":null}},"46":{"start":{"line":187,"column":23},"end":{"line":195,"column":null}},"47":{"start":{"line":197,"column":26},"end":{"line":197,"column":null}},"48":{"start":{"line":199,"column":8},"end":{"line":215,"column":null}},"49":{"start":{"line":200,"column":12},"end":{"line":214,"column":null}},"50":{"start":{"line":201,"column":16},"end":{"line":201,"column":null}},"51":{"start":{"line":201,"column":73},"end":{"line":201,"column":null}},"52":{"start":{"line":203,"column":26},"end":{"line":203,"column":null}},"53":{"start":{"line":204,"column":22},"end":{"line":204,"column":null}},"54":{"start":{"line":205,"column":22},"end":{"line":205,"column":null}},"55":{"start":{"line":207,"column":20},"end":{"line":209,"column":null}},"56":{"start":{"line":210,"column":26},"end":{"line":210,"column":null}},"57":{"start":{"line":211,"column":33},"end":{"line":211,"column":null}},"58":{"start":{"line":213,"column":16},"end":{"line":213,"column":null}},"59":{"start":{"line":217,"column":8},"end":{"line":220,"column":null}},"60":{"start":{"line":222,"column":8},"end":{"line":222,"column":null}},"61":{"start":{"line":223,"column":8},"end":{"line":223,"column":null}},"62":{"start":{"line":228,"column":30},"end":{"line":336,"column":null}},"63":{"start":{"line":232,"column":4},"end":{"line":335,"column":null}},"64":{"start":{"line":233,"column":19},"end":{"line":233,"column":null}},"65":{"start":{"line":234,"column":23},"end":{"line":234,"column":null}},"66":{"start":{"line":236,"column":24},"end":{"line":268,"column":null}},"67":{"start":{"line":270,"column":8},"end":{"line":273,"column":null}},"68":{"start":{"line":271,"column":12},"end":{"line":271,"column":null}},"69":{"start":{"line":272,"column":12},"end":{"line":272,"column":null}},"70":{"start":{"line":276,"column":24},"end":{"line":276,"column":null}},"71":{"start":{"line":277,"column":8},"end":{"line":289,"column":null}},"72":{"start":{"line":278,"column":33},"end":{"line":280,"column":null}},"73":{"start":{"line":282,"column":12},"end":{"line":288,"column":null}},"74":{"start":{"line":283,"column":16},"end":{"line":287,"column":null}},"75":{"start":{"line":284,"column":20},"end":{"line":284,"column":null}},"76":{"start":{"line":286,"column":20},"end":{"line":286,"column":null}},"77":{"start":{"line":292,"column":31},"end":{"line":292,"column":null}},"78":{"start":{"line":293,"column":8},"end":{"line":317,"column":null}},"79":{"start":{"line":294,"column":40},"end":{"line":311,"column":null}},"80":{"start":{"line":313,"column":12},"end":{"line":316,"column":null}},"81":{"start":{"line":320,"column":32},"end":{"line":320,"column":null}},"82":{"start":{"line":321,"column":8},"end":{"line":325,"column":null}},"83":{"start":{"line":322,"column":12},"end":{"line":322,"column":null}},"84":{"start":{"line":323,"column":12},"end":{"line":323,"column":null}},"85":{"start":{"line":327,"column":8},"end":{"line":331,"column":null}},"86":{"start":{"line":333,"column":8},"end":{"line":333,"column":null}},"87":{"start":{"line":334,"column":8},"end":{"line":334,"column":null}},"88":{"start":{"line":339,"column":29},"end":{"line":381,"column":null}},"89":{"start":{"line":343,"column":4},"end":{"line":380,"column":null}},"90":{"start":{"line":344,"column":30},"end":{"line":344,"column":null}},"91":{"start":{"line":345,"column":38},"end":{"line":345,"column":null}},"92":{"start":{"line":347,"column":24},"end":{"line":370,"column":null}},"93":{"start":{"line":356,"column":84},"end":{"line":356,"column":110}},"94":{"start":{"line":372,"column":8},"end":{"line":372,"column":null}},"95":{"start":{"line":374,"column":8},"end":{"line":377,"column":null}},"96":{"start":{"line":375,"column":12},"end":{"line":375,"column":null}},"97":{"start":{"line":376,"column":12},"end":{"line":376,"column":null}},"98":{"start":{"line":378,"column":8},"end":{"line":378,"column":null}},"99":{"start":{"line":379,"column":8},"end":{"line":379,"column":null}},"100":{"start":{"line":384,"column":29},"end":{"line":420,"column":null}},"101":{"start":{"line":388,"column":4},"end":{"line":419,"column":null}},"102":{"start":{"line":389,"column":19},"end":{"line":389,"column":null}},"103":{"start":{"line":390,"column":30},"end":{"line":390,"column":null}},"104":{"start":{"line":391,"column":38},"end":{"line":391,"column":null}},"105":{"start":{"line":392,"column":24},"end":{"line":409,"column":null}},"106":{"start":{"line":411,"column":8},"end":{"line":411,"column":null}},"107":{"start":{"line":413,"column":8},"end":{"line":416,"column":null}},"108":{"start":{"line":414,"column":12},"end":{"line":414,"column":null}},"109":{"start":{"line":415,"column":12},"end":{"line":415,"column":null}},"110":{"start":{"line":417,"column":8},"end":{"line":417,"column":null}},"111":{"start":{"line":418,"column":8},"end":{"line":418,"column":null}},"112":{"start":{"line":423,"column":29},"end":{"line":439,"column":null}},"113":{"start":{"line":427,"column":4},"end":{"line":438,"column":null}},"114":{"start":{"line":428,"column":19},"end":{"line":428,"column":null}},"115":{"start":{"line":430,"column":8},"end":{"line":432,"column":null}},"116":{"start":{"line":434,"column":8},"end":{"line":434,"column":null}},"117":{"start":{"line":436,"column":8},"end":{"line":436,"column":null}},"118":{"start":{"line":437,"column":8},"end":{"line":437,"column":null}},"119":{"start":{"line":442,"column":34},"end":{"line":463,"column":null}},"120":{"start":{"line":446,"column":4},"end":{"line":462,"column":null}},"121":{"start":{"line":447,"column":19},"end":{"line":447,"column":null}},"122":{"start":{"line":449,"column":8},"end":{"line":456,"column":null}},"123":{"start":{"line":458,"column":8},"end":{"line":458,"column":null}},"124":{"start":{"line":460,"column":8},"end":{"line":460,"column":null}},"125":{"start":{"line":461,"column":8},"end":{"line":461,"column":null}},"126":{"start":{"line":466,"column":26},"end":{"line":527,"column":null}},"127":{"start":{"line":470,"column":4},"end":{"line":526,"column":null}},"128":{"start":{"line":471,"column":19},"end":{"line":471,"column":null}},"129":{"start":{"line":472,"column":32},"end":{"line":472,"column":null}},"130":{"start":{"line":474,"column":8},"end":{"line":477,"column":null}},"131":{"start":{"line":475,"column":12},"end":{"line":475,"column":null}},"132":{"start":{"line":476,"column":12},"end":{"line":476,"column":null}},"133":{"start":{"line":479,"column":24},"end":{"line":496,"column":null}},"134":{"start":{"line":499,"column":24},"end":{"line":507,"column":null}},"135":{"start":{"line":510,"column":8},"end":{"line":520,"column":null}},"136":{"start":{"line":511,"column":12},"end":{"line":519,"column":null}},"137":{"start":{"line":522,"column":8},"end":{"line":522,"column":null}},"138":{"start":{"line":524,"column":8},"end":{"line":524,"column":null}},"139":{"start":{"line":525,"column":8},"end":{"line":525,"column":null}},"140":{"start":{"line":530,"column":27},"end":{"line":564,"column":null}},"141":{"start":{"line":534,"column":4},"end":{"line":563,"column":null}},"142":{"start":{"line":535,"column":19},"end":{"line":535,"column":null}},"143":{"start":{"line":536,"column":22},"end":{"line":536,"column":null}},"144":{"start":{"line":537,"column":23},"end":{"line":537,"column":null}},"145":{"start":{"line":539,"column":25},"end":{"line":557,"column":null}},"146":{"start":{"line":559,"column":8},"end":{"line":559,"column":null}},"147":{"start":{"line":561,"column":8},"end":{"line":561,"column":null}},"148":{"start":{"line":562,"column":8},"end":{"line":562,"column":null}},"149":{"start":{"line":567,"column":27},"end":{"line":615,"column":null}},"150":{"start":{"line":571,"column":4},"end":{"line":614,"column":null}},"151":{"start":{"line":572,"column":19},"end":{"line":572,"column":null}},"152":{"start":{"line":573,"column":23},"end":{"line":573,"column":null}},"153":{"start":{"line":575,"column":8},"end":{"line":580,"column":null}},"154":{"start":{"line":583,"column":31},"end":{"line":591,"column":null}},"155":{"start":{"line":594,"column":8},"end":{"line":604,"column":null}},"156":{"start":{"line":595,"column":12},"end":{"line":603,"column":null}},"157":{"start":{"line":606,"column":8},"end":{"line":606,"column":null}},"158":{"start":{"line":608,"column":8},"end":{"line":611,"column":null}},"159":{"start":{"line":609,"column":12},"end":{"line":609,"column":null}},"160":{"start":{"line":610,"column":12},"end":{"line":610,"column":null}},"161":{"start":{"line":612,"column":8},"end":{"line":612,"column":null}},"162":{"start":{"line":613,"column":8},"end":{"line":613,"column":null}},"163":{"start":{"line":618,"column":29},"end":{"line":650,"column":null}},"164":{"start":{"line":622,"column":4},"end":{"line":649,"column":null}},"165":{"start":{"line":623,"column":19},"end":{"line":623,"column":null}},"166":{"start":{"line":624,"column":23},"end":{"line":624,"column":null}},"167":{"start":{"line":626,"column":8},"end":{"line":633,"column":null}},"168":{"start":{"line":636,"column":8},"end":{"line":643,"column":null}},"169":{"start":{"line":645,"column":8},"end":{"line":645,"column":null}},"170":{"start":{"line":647,"column":8},"end":{"line":647,"column":null}},"171":{"start":{"line":648,"column":8},"end":{"line":648,"column":null}},"172":{"start":{"line":653,"column":31},"end":{"line":687,"column":null}},"173":{"start":{"line":657,"column":4},"end":{"line":686,"column":null}},"174":{"start":{"line":658,"column":19},"end":{"line":658,"column":null}},"175":{"start":{"line":659,"column":23},"end":{"line":659,"column":null}},"176":{"start":{"line":661,"column":8},"end":{"line":666,"column":null}},"177":{"start":{"line":669,"column":8},"end":{"line":676,"column":null}},"178":{"start":{"line":678,"column":8},"end":{"line":678,"column":null}},"179":{"start":{"line":680,"column":8},"end":{"line":683,"column":null}},"180":{"start":{"line":681,"column":12},"end":{"line":681,"column":null}},"181":{"start":{"line":682,"column":12},"end":{"line":682,"column":null}},"182":{"start":{"line":684,"column":8},"end":{"line":684,"column":null}},"183":{"start":{"line":685,"column":8},"end":{"line":685,"column":null}},"184":{"start":{"line":690,"column":30},"end":{"line":722,"column":null}},"185":{"start":{"line":694,"column":4},"end":{"line":721,"column":null}},"186":{"start":{"line":695,"column":19},"end":{"line":695,"column":null}},"187":{"start":{"line":696,"column":23},"end":{"line":696,"column":null}},"188":{"start":{"line":698,"column":8},"end":{"line":705,"column":null}},"189":{"start":{"line":708,"column":8},"end":{"line":715,"column":null}},"190":{"start":{"line":717,"column":8},"end":{"line":717,"column":null}},"191":{"start":{"line":719,"column":8},"end":{"line":719,"column":null}},"192":{"start":{"line":720,"column":8},"end":{"line":720,"column":null}},"193":{"start":{"line":725,"column":32},"end":{"line":767,"column":null}},"194":{"start":{"line":729,"column":4},"end":{"line":766,"column":null}},"195":{"start":{"line":730,"column":23},"end":{"line":730,"column":null}},"196":{"start":{"line":731,"column":22},"end":{"line":731,"column":null}},"197":{"start":{"line":732,"column":23},"end":{"line":732,"column":null}},"198":{"start":{"line":734,"column":26},"end":{"line":760,"column":null}},"199":{"start":{"line":762,"column":8},"end":{"line":762,"column":null}},"200":{"start":{"line":762,"column":43},"end":{"line":762,"column":52}},"201":{"start":{"line":764,"column":8},"end":{"line":764,"column":null}},"202":{"start":{"line":765,"column":8},"end":{"line":765,"column":null}},"203":{"start":{"line":770,"column":31},"end":{"line":814,"column":null}},"204":{"start":{"line":774,"column":4},"end":{"line":813,"column":null}},"205":{"start":{"line":775,"column":19},"end":{"line":775,"column":null}},"206":{"start":{"line":776,"column":27},"end":{"line":776,"column":null}},"207":{"start":{"line":777,"column":23},"end":{"line":777,"column":null}},"208":{"start":{"line":779,"column":8},"end":{"line":782,"column":null}},"209":{"start":{"line":780,"column":12},"end":{"line":780,"column":null}},"210":{"start":{"line":781,"column":12},"end":{"line":781,"column":null}},"211":{"start":{"line":788,"column":24},"end":{"line":791,"column":null}},"212":{"start":{"line":793,"column":8},"end":{"line":796,"column":null}},"213":{"start":{"line":794,"column":12},"end":{"line":794,"column":null}},"214":{"start":{"line":795,"column":12},"end":{"line":795,"column":null}},"215":{"start":{"line":799,"column":8},"end":{"line":802,"column":null}},"216":{"start":{"line":800,"column":12},"end":{"line":800,"column":null}},"217":{"start":{"line":801,"column":12},"end":{"line":801,"column":null}},"218":{"start":{"line":804,"column":8},"end":{"line":807,"column":null}},"219":{"start":{"line":809,"column":8},"end":{"line":809,"column":null}},"220":{"start":{"line":811,"column":8},"end":{"line":811,"column":null}},"221":{"start":{"line":812,"column":8},"end":{"line":812,"column":null}},"222":{"start":{"line":817,"column":27},"end":{"line":835,"column":null}},"223":{"start":{"line":818,"column":4},"end":{"line":834,"column":null}},"224":{"start":{"line":819,"column":8},"end":{"line":821,"column":null}},"225":{"start":{"line":820,"column":12},"end":{"line":820,"column":null}},"226":{"start":{"line":823,"column":25},"end":{"line":823,"column":null}},"227":{"start":{"line":825,"column":8},"end":{"line":830,"column":null}},"228":{"start":{"line":832,"column":8},"end":{"line":832,"column":null}},"229":{"start":{"line":833,"column":8},"end":{"line":833,"column":null}}},"fnMap":{"0":{"name":"(anonymous_0)","decl":{"start":{"line":7,"column":23},"end":{"line":7,"column":24}},"loc":{"start":{"line":7,"column":73},"end":{"line":10,"column":null}},"line":7},"1":{"name":"(anonymous_1)","decl":{"start":{"line":48,"column":26},"end":{"line":48,"column":null}},"loc":{"start":{"line":51,"column":20},"end":{"line":167,"column":null}},"line":51},"2":{"name":"(anonymous_2)","decl":{"start":{"line":127,"column":44},"end":{"line":127,"column":45}},"loc":{"start":{"line":127,"column":59},"end":{"line":152,"column":9}},"line":127},"3":{"name":"(anonymous_3)","decl":{"start":{"line":170,"column":34},"end":{"line":170,"column":null}},"loc":{"start":{"line":173,"column":20},"end":{"line":225,"column":null}},"line":173},"4":{"name":"(anonymous_4)","decl":{"start":{"line":200,"column":40},"end":{"line":200,"column":49}},"loc":{"start":{"line":200,"column":49},"end":{"line":214,"column":13}},"line":200},"5":{"name":"(anonymous_5)","decl":{"start":{"line":228,"column":30},"end":{"line":228,"column":null}},"loc":{"start":{"line":231,"column":20},"end":{"line":336,"column":null}},"line":231},"6":{"name":"(anonymous_6)","decl":{"start":{"line":339,"column":29},"end":{"line":339,"column":null}},"loc":{"start":{"line":342,"column":20},"end":{"line":381,"column":null}},"line":342},"7":{"name":"(anonymous_7)","decl":{"start":{"line":356,"column":53},"end":{"line":356,"column":54}},"loc":{"start":{"line":356,"column":84},"end":{"line":356,"column":110}},"line":356},"8":{"name":"(anonymous_8)","decl":{"start":{"line":384,"column":29},"end":{"line":384,"column":null}},"loc":{"start":{"line":387,"column":20},"end":{"line":420,"column":null}},"line":387},"9":{"name":"(anonymous_9)","decl":{"start":{"line":423,"column":29},"end":{"line":423,"column":null}},"loc":{"start":{"line":426,"column":20},"end":{"line":439,"column":null}},"line":426},"10":{"name":"(anonymous_10)","decl":{"start":{"line":442,"column":34},"end":{"line":442,"column":null}},"loc":{"start":{"line":445,"column":20},"end":{"line":463,"column":null}},"line":445},"11":{"name":"(anonymous_11)","decl":{"start":{"line":466,"column":26},"end":{"line":466,"column":null}},"loc":{"start":{"line":469,"column":20},"end":{"line":527,"column":null}},"line":469},"12":{"name":"(anonymous_12)","decl":{"start":{"line":530,"column":27},"end":{"line":530,"column":null}},"loc":{"start":{"line":533,"column":20},"end":{"line":564,"column":null}},"line":533},"13":{"name":"(anonymous_13)","decl":{"start":{"line":567,"column":27},"end":{"line":567,"column":null}},"loc":{"start":{"line":570,"column":20},"end":{"line":615,"column":null}},"line":570},"14":{"name":"(anonymous_14)","decl":{"start":{"line":618,"column":29},"end":{"line":618,"column":null}},"loc":{"start":{"line":621,"column":20},"end":{"line":650,"column":null}},"line":621},"15":{"name":"(anonymous_15)","decl":{"start":{"line":653,"column":31},"end":{"line":653,"column":null}},"loc":{"start":{"line":656,"column":20},"end":{"line":687,"column":null}},"line":656},"16":{"name":"(anonymous_16)","decl":{"start":{"line":690,"column":30},"end":{"line":690,"column":null}},"loc":{"start":{"line":693,"column":20},"end":{"line":722,"column":null}},"line":693},"17":{"name":"(anonymous_17)","decl":{"start":{"line":725,"column":32},"end":{"line":725,"column":null}},"loc":{"start":{"line":728,"column":20},"end":{"line":767,"column":null}},"line":728},"18":{"name":"(anonymous_18)","decl":{"start":{"line":762,"column":31},"end":{"line":762,"column":32}},"loc":{"start":{"line":762,"column":43},"end":{"line":762,"column":52}},"line":762},"19":{"name":"(anonymous_19)","decl":{"start":{"line":770,"column":31},"end":{"line":770,"column":null}},"loc":{"start":{"line":773,"column":20},"end":{"line":814,"column":null}},"line":773},"20":{"name":"(anonymous_20)","decl":{"start":{"line":817,"column":27},"end":{"line":817,"column":34}},"loc":{"start":{"line":817,"column":70},"end":{"line":835,"column":null}},"line":817}},"branchMap":{"0":{"loc":{"start":{"line":8,"column":4},"end":{"line":8,"column":null}},"type":"if","locations":[{"start":{"line":8,"column":4},"end":{"line":8,"column":null}},{"start":{},"end":{}}],"line":8},"1":{"loc":{"start":{"line":9,"column":11},"end":{"line":9,"column":null}},"type":"binary-expr","locations":[{"start":{"line":9,"column":11},"end":{"line":9,"column":20}},{"start":{"line":9,"column":20},"end":{"line":9,"column":null}}],"line":9},"2":{"loc":{"start":{"line":53,"column":25},"end":{"line":53,"column":null}},"type":"cond-expr","locations":[{"start":{"line":53,"column":66},"end":{"line":53,"column":87}},{"start":{"line":53,"column":87},"end":{"line":53,"column":null}}],"line":53},"3":{"loc":{"start":{"line":54,"column":26},"end":{"line":54,"column":null}},"type":"cond-expr","locations":[{"start":{"line":54,"column":59},"end":{"line":54,"column":66}},{"start":{"line":54,"column":66},"end":{"line":54,"column":null}}],"line":54},"4":{"loc":{"start":{"line":54,"column":66},"end":{"line":54,"column":null}},"type":"cond-expr","locations":[{"start":{"line":54,"column":100},"end":{"line":54,"column":108}},{"start":{"line":54,"column":108},"end":{"line":54,"column":null}}],"line":54},"5":{"loc":{"start":{"line":56,"column":23},"end":{"line":56,"column":null}},"type":"cond-expr","locations":[{"start":{"line":56,"column":62},"end":{"line":56,"column":81}},{"start":{"line":56,"column":81},"end":{"line":56,"column":null}}],"line":56},"6":{"loc":{"start":{"line":57,"column":22},"end":{"line":57,"column":null}},"type":"binary-expr","locations":[{"start":{"line":57,"column":22},"end":{"line":57,"column":98}},{"start":{"line":57,"column":98},"end":{"line":57,"column":null}}],"line":57},"7":{"loc":{"start":{"line":57,"column":32},"end":{"line":57,"column":93}},"type":"cond-expr","locations":[{"start":{"line":57,"column":70},"end":{"line":57,"column":88}},{"start":{"line":57,"column":88},"end":{"line":57,"column":93}}],"line":57},"8":{"loc":{"start":{"line":58,"column":23},"end":{"line":58,"column":null}},"type":"binary-expr","locations":[{"start":{"line":58,"column":23},"end":{"line":58,"column":100}},{"start":{"line":58,"column":100},"end":{"line":58,"column":null}}],"line":58},"9":{"loc":{"start":{"line":58,"column":33},"end":{"line":58,"column":95}},"type":"cond-expr","locations":[{"start":{"line":58,"column":72},"end":{"line":58,"column":91}},{"start":{"line":58,"column":91},"end":{"line":58,"column":95}}],"line":58},"10":{"loc":{"start":{"line":65,"column":8},"end":{"line":67,"column":null}},"type":"if","locations":[{"start":{"line":65,"column":8},"end":{"line":67,"column":null}},{"start":{},"end":{}}],"line":65},"11":{"loc":{"start":{"line":69,"column":8},"end":{"line":71,"column":null}},"type":"if","locations":[{"start":{"line":69,"column":8},"end":{"line":71,"column":null}},{"start":{},"end":{}}],"line":69},"12":{"loc":{"start":{"line":73,"column":8},"end":{"line":75,"column":null}},"type":"if","locations":[{"start":{"line":73,"column":8},"end":{"line":75,"column":null}},{"start":{},"end":{}}],"line":73},"13":{"loc":{"start":{"line":108,"column":54},"end":{"line":108,"column":84}},"type":"binary-expr","locations":[{"start":{"line":108,"column":54},"end":{"line":108,"column":74}},{"start":{"line":108,"column":74},"end":{"line":108,"column":84}}],"line":108},"14":{"loc":{"start":{"line":118,"column":8},"end":{"line":125,"column":null}},"type":"if","locations":[{"start":{"line":118,"column":8},"end":{"line":125,"column":null}},{"start":{},"end":{}}],"line":118},"15":{"loc":{"start":{"line":122,"column":12},"end":{"line":124,"column":null}},"type":"if","locations":[{"start":{"line":122,"column":12},"end":{"line":124,"column":null}},{"start":{},"end":{}}],"line":122},"16":{"loc":{"start":{"line":122,"column":16},"end":{"line":122,"column":66}},"type":"binary-expr","locations":[{"start":{"line":122,"column":16},"end":{"line":122,"column":32}},{"start":{"line":122,"column":32},"end":{"line":122,"column":66}}],"line":122},"17":{"loc":{"start":{"line":129,"column":12},"end":{"line":135,"column":null}},"type":"if","locations":[{"start":{"line":129,"column":12},"end":{"line":135,"column":null}},{"start":{},"end":{}}],"line":129},"18":{"loc":{"start":{"line":130,"column":16},"end":{"line":134,"column":null}},"type":"if","locations":[{"start":{"line":130,"column":16},"end":{"line":134,"column":null}},{"start":{"line":132,"column":23},"end":{"line":134,"column":null}}],"line":130},"19":{"loc":{"start":{"line":133,"column":32},"end":{"line":133,"column":null}},"type":"binary-expr","locations":[{"start":{"line":133,"column":32},"end":{"line":133,"column":58}},{"start":{"line":133,"column":58},"end":{"line":133,"column":null}}],"line":133},"20":{"loc":{"start":{"line":140,"column":32},"end":{"line":145,"column":null}},"type":"cond-expr","locations":[{"start":{"line":140,"column":76},"end":{"line":145,"column":16}},{"start":{"line":145,"column":16},"end":{"line":145,"column":null}}],"line":140},"21":{"loc":{"start":{"line":140,"column":32},"end":{"line":140,"column":76}},"type":"binary-expr","locations":[{"start":{"line":140,"column":32},"end":{"line":140,"column":52}},{"start":{"line":140,"column":52},"end":{"line":140,"column":64}},{"start":{"line":140,"column":64},"end":{"line":140,"column":76}}],"line":140},"22":{"loc":{"start":{"line":177,"column":25},"end":{"line":177,"column":null}},"type":"binary-expr","locations":[{"start":{"line":177,"column":25},"end":{"line":177,"column":67}},{"start":{"line":177,"column":67},"end":{"line":177,"column":null}}],"line":177},"23":{"loc":{"start":{"line":199,"column":8},"end":{"line":215,"column":null}},"type":"if","locations":[{"start":{"line":199,"column":8},"end":{"line":215,"column":null}},{"start":{},"end":{}}],"line":199},"24":{"loc":{"start":{"line":199,"column":12},"end":{"line":199,"column":48}},"type":"binary-expr","locations":[{"start":{"line":199,"column":12},"end":{"line":199,"column":31}},{"start":{"line":199,"column":31},"end":{"line":199,"column":48}}],"line":199},"25":{"loc":{"start":{"line":201,"column":16},"end":{"line":201,"column":null}},"type":"if","locations":[{"start":{"line":201,"column":16},"end":{"line":201,"column":null}},{"start":{},"end":{}}],"line":201},"26":{"loc":{"start":{"line":201,"column":20},"end":{"line":201,"column":73}},"type":"binary-expr","locations":[{"start":{"line":201,"column":20},"end":{"line":201,"column":47}},{"start":{"line":201,"column":47},"end":{"line":201,"column":73}}],"line":201},"27":{"loc":{"start":{"line":270,"column":8},"end":{"line":273,"column":null}},"type":"if","locations":[{"start":{"line":270,"column":8},"end":{"line":273,"column":null}},{"start":{},"end":{}}],"line":270},"28":{"loc":{"start":{"line":277,"column":8},"end":{"line":289,"column":null}},"type":"if","locations":[{"start":{"line":277,"column":8},"end":{"line":289,"column":null}},{"start":{},"end":{}}],"line":277},"29":{"loc":{"start":{"line":277,"column":12},"end":{"line":277,"column":41}},"type":"binary-expr","locations":[{"start":{"line":277,"column":12},"end":{"line":277,"column":33}},{"start":{"line":277,"column":33},"end":{"line":277,"column":41}}],"line":277},"30":{"loc":{"start":{"line":282,"column":12},"end":{"line":288,"column":null}},"type":"if","locations":[{"start":{"line":282,"column":12},"end":{"line":288,"column":null}},{"start":{},"end":{}}],"line":282},"31":{"loc":{"start":{"line":282,"column":16},"end":{"line":282,"column":66}},"type":"binary-expr","locations":[{"start":{"line":282,"column":16},"end":{"line":282,"column":32}},{"start":{"line":282,"column":32},"end":{"line":282,"column":66}}],"line":282},"32":{"loc":{"start":{"line":283,"column":16},"end":{"line":287,"column":null}},"type":"if","locations":[{"start":{"line":283,"column":16},"end":{"line":287,"column":null}},{"start":{"line":285,"column":23},"end":{"line":287,"column":null}}],"line":283},"33":{"loc":{"start":{"line":286,"column":32},"end":{"line":286,"column":null}},"type":"binary-expr","locations":[{"start":{"line":286,"column":32},"end":{"line":286,"column":67}},{"start":{"line":286,"column":67},"end":{"line":286,"column":null}}],"line":286},"34":{"loc":{"start":{"line":293,"column":8},"end":{"line":317,"column":null}},"type":"if","locations":[{"start":{"line":293,"column":8},"end":{"line":317,"column":null}},{"start":{},"end":{}}],"line":293},"35":{"loc":{"start":{"line":321,"column":8},"end":{"line":325,"column":null}},"type":"if","locations":[{"start":{"line":321,"column":8},"end":{"line":325,"column":null}},{"start":{},"end":{}}],"line":321},"36":{"loc":{"start":{"line":351,"column":29},"end":{"line":351,"column":null}},"type":"cond-expr","locations":[{"start":{"line":351,"column":52},"end":{"line":351,"column":85}},{"start":{"line":351,"column":85},"end":{"line":351,"column":null}}],"line":351},"37":{"loc":{"start":{"line":352,"column":22},"end":{"line":359,"column":null}},"type":"cond-expr","locations":[{"start":{"line":352,"column":29},"end":{"line":359,"column":20}},{"start":{"line":359,"column":20},"end":{"line":359,"column":null}}],"line":352},"38":{"loc":{"start":{"line":374,"column":8},"end":{"line":377,"column":null}},"type":"if","locations":[{"start":{"line":374,"column":8},"end":{"line":377,"column":null}},{"start":{},"end":{}}],"line":374},"39":{"loc":{"start":{"line":396,"column":29},"end":{"line":396,"column":null}},"type":"cond-expr","locations":[{"start":{"line":396,"column":52},"end":{"line":396,"column":85}},{"start":{"line":396,"column":85},"end":{"line":396,"column":null}}],"line":396},"40":{"loc":{"start":{"line":413,"column":8},"end":{"line":416,"column":null}},"type":"if","locations":[{"start":{"line":413,"column":8},"end":{"line":416,"column":null}},{"start":{},"end":{}}],"line":413},"41":{"loc":{"start":{"line":474,"column":8},"end":{"line":477,"column":null}},"type":"if","locations":[{"start":{"line":474,"column":8},"end":{"line":477,"column":null}},{"start":{},"end":{}}],"line":474},"42":{"loc":{"start":{"line":474,"column":12},"end":{"line":474,"column":61}},"type":"binary-expr","locations":[{"start":{"line":474,"column":12},"end":{"line":474,"column":28}},{"start":{"line":474,"column":28},"end":{"line":474,"column":61}}],"line":474},"43":{"loc":{"start":{"line":510,"column":8},"end":{"line":520,"column":null}},"type":"if","locations":[{"start":{"line":510,"column":8},"end":{"line":520,"column":null}},{"start":{},"end":{}}],"line":510},"44":{"loc":{"start":{"line":510,"column":12},"end":{"line":510,"column":71}},"type":"binary-expr","locations":[{"start":{"line":510,"column":12},"end":{"line":510,"column":32}},{"start":{"line":510,"column":32},"end":{"line":510,"column":71}}],"line":510},"45":{"loc":{"start":{"line":536,"column":22},"end":{"line":536,"column":null}},"type":"binary-expr","locations":[{"start":{"line":536,"column":22},"end":{"line":536,"column":98}},{"start":{"line":536,"column":98},"end":{"line":536,"column":null}}],"line":536},"46":{"loc":{"start":{"line":536,"column":32},"end":{"line":536,"column":93}},"type":"cond-expr","locations":[{"start":{"line":536,"column":70},"end":{"line":536,"column":88}},{"start":{"line":536,"column":88},"end":{"line":536,"column":93}}],"line":536},"47":{"loc":{"start":{"line":537,"column":23},"end":{"line":537,"column":null}},"type":"binary-expr","locations":[{"start":{"line":537,"column":23},"end":{"line":537,"column":100}},{"start":{"line":537,"column":100},"end":{"line":537,"column":null}}],"line":537},"48":{"loc":{"start":{"line":537,"column":33},"end":{"line":537,"column":95}},"type":"cond-expr","locations":[{"start":{"line":537,"column":72},"end":{"line":537,"column":91}},{"start":{"line":537,"column":91},"end":{"line":537,"column":95}}],"line":537},"49":{"loc":{"start":{"line":594,"column":8},"end":{"line":604,"column":null}},"type":"if","locations":[{"start":{"line":594,"column":8},"end":{"line":604,"column":null}},{"start":{},"end":{}}],"line":594},"50":{"loc":{"start":{"line":594,"column":12},"end":{"line":594,"column":75}},"type":"binary-expr","locations":[{"start":{"line":594,"column":12},"end":{"line":594,"column":39}},{"start":{"line":594,"column":39},"end":{"line":594,"column":75}}],"line":594},"51":{"loc":{"start":{"line":608,"column":8},"end":{"line":611,"column":null}},"type":"if","locations":[{"start":{"line":608,"column":8},"end":{"line":611,"column":null}},{"start":{},"end":{}}],"line":608},"52":{"loc":{"start":{"line":680,"column":8},"end":{"line":683,"column":null}},"type":"if","locations":[{"start":{"line":680,"column":8},"end":{"line":683,"column":null}},{"start":{},"end":{}}],"line":680},"53":{"loc":{"start":{"line":731,"column":22},"end":{"line":731,"column":null}},"type":"binary-expr","locations":[{"start":{"line":731,"column":22},"end":{"line":731,"column":98}},{"start":{"line":731,"column":98},"end":{"line":731,"column":null}}],"line":731},"54":{"loc":{"start":{"line":731,"column":32},"end":{"line":731,"column":93}},"type":"cond-expr","locations":[{"start":{"line":731,"column":70},"end":{"line":731,"column":88}},{"start":{"line":731,"column":88},"end":{"line":731,"column":93}}],"line":731},"55":{"loc":{"start":{"line":732,"column":23},"end":{"line":732,"column":null}},"type":"binary-expr","locations":[{"start":{"line":732,"column":23},"end":{"line":732,"column":100}},{"start":{"line":732,"column":100},"end":{"line":732,"column":null}}],"line":732},"56":{"loc":{"start":{"line":732,"column":33},"end":{"line":732,"column":95}},"type":"cond-expr","locations":[{"start":{"line":732,"column":72},"end":{"line":732,"column":91}},{"start":{"line":732,"column":91},"end":{"line":732,"column":95}}],"line":732},"57":{"loc":{"start":{"line":779,"column":8},"end":{"line":782,"column":null}},"type":"if","locations":[{"start":{"line":779,"column":8},"end":{"line":782,"column":null}},{"start":{},"end":{}}],"line":779},"58":{"loc":{"start":{"line":793,"column":8},"end":{"line":796,"column":null}},"type":"if","locations":[{"start":{"line":793,"column":8},"end":{"line":796,"column":null}},{"start":{},"end":{}}],"line":793},"59":{"loc":{"start":{"line":799,"column":8},"end":{"line":802,"column":null}},"type":"if","locations":[{"start":{"line":799,"column":8},"end":{"line":802,"column":null}},{"start":{},"end":{}}],"line":799},"60":{"loc":{"start":{"line":799,"column":12},"end":{"line":799,"column":80}},"type":"binary-expr","locations":[{"start":{"line":799,"column":12},"end":{"line":799,"column":43}},{"start":{"line":799,"column":43},"end":{"line":799,"column":80}}],"line":799},"61":{"loc":{"start":{"line":819,"column":8},"end":{"line":821,"column":null}},"type":"if","locations":[{"start":{"line":819,"column":8},"end":{"line":821,"column":null}},{"start":{},"end":{}}],"line":819}},"s":{"0":1,"1":3,"2":0,"3":3,"4":1,"5":1,"6":1,"7":2,"8":2,"9":2,"10":2,"11":2,"12":2,"13":2,"14":2,"15":2,"16":0,"17":2,"18":0,"19":2,"20":0,"21":2,"22":2,"23":2,"24":2,"25":2,"26":1,"27":2,"28":3,"29":3,"30":1,"31":0,"32":1,"33":3,"34":3,"35":3,"36":3,"37":2,"38":0,"39":0,"40":1,"41":1,"42":1,"43":1,"44":1,"45":1,"46":1,"47":1,"48":1,"49":1,"50":2,"51":0,"52":2,"53":2,"54":2,"55":2,"56":2,"57":2,"58":2,"59":1,"60":0,"61":0,"62":1,"63":3,"64":3,"65":3,"66":3,"67":3,"68":1,"69":1,"70":2,"71":2,"72":1,"73":1,"74":0,"75":0,"76":0,"77":2,"78":2,"79":2,"80":2,"81":2,"82":2,"83":1,"84":1,"85":2,"86":0,"87":0,"88":1,"89":2,"90":2,"91":2,"92":2,"93":0,"94":1,"95":1,"96":1,"97":1,"98":0,"99":0,"100":1,"101":0,"102":0,"103":0,"104":0,"105":0,"106":0,"107":0,"108":0,"109":0,"110":0,"111":0,"112":1,"113":0,"114":0,"115":0,"116":0,"117":0,"118":0,"119":1,"120":0,"121":0,"122":0,"123":0,"124":0,"125":0,"126":1,"127":0,"128":0,"129":0,"130":0,"131":0,"132":0,"133":0,"134":0,"135":0,"136":0,"137":0,"138":0,"139":0,"140":1,"141":0,"142":0,"143":0,"144":0,"145":0,"146":0,"147":0,"148":0,"149":1,"150":0,"151":0,"152":0,"153":0,"154":0,"155":0,"156":0,"157":0,"158":0,"159":0,"160":0,"161":0,"162":0,"163":1,"164":0,"165":0,"166":0,"167":0,"168":0,"169":0,"170":0,"171":0,"172":1,"173":0,"174":0,"175":0,"176":0,"177":0,"178":0,"179":0,"180":0,"181":0,"182":0,"183":0,"184":1,"185":0,"186":0,"187":0,"188":0,"189":0,"190":0,"191":0,"192":0,"193":1,"194":0,"195":0,"196":0,"197":0,"198":0,"199":0,"200":0,"201":0,"202":0,"203":1,"204":0,"205":0,"206":0,"207":0,"208":0,"209":0,"210":0,"211":0,"212":0,"213":0,"214":0,"215":0,"216":0,"217":0,"218":0,"219":0,"220":0,"221":0,"222":1,"223":0,"224":0,"225":0,"226":0,"227":0,"228":0,"229":0},"f":{"0":3,"1":2,"2":3,"3":1,"4":2,"5":3,"6":2,"7":0,"8":0,"9":0,"10":0,"11":0,"12":0,"13":0,"14":0,"15":0,"16":0,"17":0,"18":0,"19":0,"20":0},"b":{"0":[0,3],"1":[3,0],"2":[0,2],"3":[0,2],"4":[0,2],"5":[0,2],"6":[2,0],"7":[0,2],"8":[2,2],"9":[0,2],"10":[0,2],"11":[0,2],"12":[0,2],"13":[2,0],"14":[2,0],"15":[1,1],"16":[2,1],"17":[1,2],"18":[0,1],"19":[1,0],"20":[1,2],"21":[3,1,1],"22":[1,0],"23":[1,0],"24":[1,1],"25":[0,2],"26":[2,2],"27":[1,2],"28":[1,1],"29":[2,1],"30":[0,1],"31":[1,0],"32":[0,0],"33":[0,0],"34":[2,0],"35":[1,1],"36":[0,1],"37":[0,1],"38":[1,0],"39":[0,0],"40":[0,0],"41":[0,0],"42":[0,0],"43":[0,0],"44":[0,0],"45":[0,0],"46":[0,0],"47":[0,0],"48":[0,0],"49":[0,0],"50":[0,0],"51":[0,0],"52":[0,0],"53":[0,0],"54":[0,0],"55":[0,0],"56":[0,0],"57":[0,0],"58":[0,0],"59":[0,0],"60":[0,0],"61":[0,0]},"meta":{"lastBranch":62,"lastFunction":21,"lastStatement":230,"seen":{"s:7:23:10:Infinity":0,"f:7:23:7:24":0,"b:8:4:8:Infinity:undefined:undefined:undefined:undefined":0,"s:8:4:8:Infinity":1,"s:8:30:8:Infinity":2,"s:9:4:9:Infinity":3,"b:9:11:9:20:9:20:9:Infinity":1,"s:12:28:43:Infinity":4,"s:45:28:45:Infinity":5,"s:48:26:167:Infinity":6,"f:48:26:48:Infinity":1,"s:52:4:166:Infinity":7,"s:53:25:53:Infinity":8,"b:53:66:53:87:53:87:53:Infinity":2,"s:54:26:54:Infinity":9,"b:54:59:54:66:54:66:54:Infinity":3,"b:54:100:54:108:54:108:54:Infinity":4,"s:55:27:55:Infinity":10,"s:56:23:56:Infinity":11,"b:56:62:56:81:56:81:56:Infinity":5,"s:57:22:57:Infinity":12,"b:57:22:57:98:57:98:57:Infinity":6,"b:57:70:57:88:57:88:57:93":7,"s:58:23:58:Infinity":13,"b:58:23:58:100:58:100:58:Infinity":8,"b:58:72:58:91:58:91:58:95":9,"s:60:27:63:Infinity":14,"b:65:8:67:Infinity:undefined:undefined:undefined:undefined":10,"s:65:8:67:Infinity":15,"s:66:12:66:Infinity":16,"b:69:8:71:Infinity:undefined:undefined:undefined:undefined":11,"s:69:8:71:Infinity":17,"s:70:12:70:Infinity":18,"b:73:8:75:Infinity:undefined:undefined:undefined:undefined":12,"s:73:8:75:Infinity":19,"s:74:12:74:Infinity":20,"s:77:33:114:Infinity":21,"b:108:54:108:74:108:74:108:84":13,"s:117:23:117:Infinity":22,"b:118:8:125:Infinity:undefined:undefined:undefined:undefined":14,"s:118:8:125:Infinity":23,"s:119:33:121:Infinity":24,"b:122:12:124:Infinity:undefined:undefined:undefined:undefined":15,"s:122:12:124:Infinity":25,"b:122:16:122:32:122:32:122:66":16,"s:123:16:123:Infinity":26,"s:127:32:152:Infinity":27,"f:127:44:127:45":2,"s:128:28:128:Infinity":28,"b:129:12:135:Infinity:undefined:undefined:undefined:undefined":17,"s:129:12:135:Infinity":29,"b:130:16:134:Infinity:132:23:134:Infinity":18,"s:130:16:134:Infinity":30,"s:131:20:131:Infinity":31,"s:133:20:133:Infinity":32,"b:133:32:133:58:133:58:133:Infinity":19,"s:137:28:137:Infinity":33,"s:138:28:138:Infinity":34,"s:140:32:145:Infinity":35,"b:140:76:145:16:145:16:145:Infinity":20,"b:140:32:140:52:140:52:140:64:140:64:140:76":21,"s:147:12:151:Infinity":36,"s:154:8:162:Infinity":37,"s:164:8:164:Infinity":38,"s:165:8:165:Infinity":39,"s:170:34:225:Infinity":40,"f:170:34:170:Infinity":3,"s:174:4:224:Infinity":41,"s:175:24:175:Infinity":42,"s:176:24:176:Infinity":43,"s:177:25:177:Infinity":44,"b:177:25:177:67:177:67:177:Infinity":22,"s:180:27:184:Infinity":45,"s:187:23:195:Infinity":46,"s:197:26:197:Infinity":47,"b:199:8:215:Infinity:undefined:undefined:undefined:undefined":23,"s:199:8:215:Infinity":48,"b:199:12:199:31:199:31:199:48":24,"s:200:12:214:Infinity":49,"f:200:40:200:49":4,"b:201:16:201:Infinity:undefined:undefined:undefined:undefined":25,"s:201:16:201:Infinity":50,"b:201:20:201:47:201:47:201:73":26,"s:201:73:201:Infinity":51,"s:203:26:203:Infinity":52,"s:204:22:204:Infinity":53,"s:205:22:205:Infinity":54,"s:207:20:209:Infinity":55,"s:210:26:210:Infinity":56,"s:211:33:211:Infinity":57,"s:213:16:213:Infinity":58,"s:217:8:220:Infinity":59,"s:222:8:222:Infinity":60,"s:223:8:223:Infinity":61,"s:228:30:336:Infinity":62,"f:228:30:228:Infinity":5,"s:232:4:335:Infinity":63,"s:233:19:233:Infinity":64,"s:234:23:234:Infinity":65,"s:236:24:268:Infinity":66,"b:270:8:273:Infinity:undefined:undefined:undefined:undefined":27,"s:270:8:273:Infinity":67,"s:271:12:271:Infinity":68,"s:272:12:272:Infinity":69,"s:276:24:276:Infinity":70,"b:277:8:289:Infinity:undefined:undefined:undefined:undefined":28,"s:277:8:289:Infinity":71,"b:277:12:277:33:277:33:277:41":29,"s:278:33:280:Infinity":72,"b:282:12:288:Infinity:undefined:undefined:undefined:undefined":30,"s:282:12:288:Infinity":73,"b:282:16:282:32:282:32:282:66":31,"b:283:16:287:Infinity:285:23:287:Infinity":32,"s:283:16:287:Infinity":74,"s:284:20:284:Infinity":75,"s:286:20:286:Infinity":76,"b:286:32:286:67:286:67:286:Infinity":33,"s:292:31:292:Infinity":77,"b:293:8:317:Infinity:undefined:undefined:undefined:undefined":34,"s:293:8:317:Infinity":78,"s:294:40:311:Infinity":79,"s:313:12:316:Infinity":80,"s:320:32:320:Infinity":81,"b:321:8:325:Infinity:undefined:undefined:undefined:undefined":35,"s:321:8:325:Infinity":82,"s:322:12:322:Infinity":83,"s:323:12:323:Infinity":84,"s:327:8:331:Infinity":85,"s:333:8:333:Infinity":86,"s:334:8:334:Infinity":87,"s:339:29:381:Infinity":88,"f:339:29:339:Infinity":6,"s:343:4:380:Infinity":89,"s:344:30:344:Infinity":90,"s:345:38:345:Infinity":91,"s:347:24:370:Infinity":92,"b:351:52:351:85:351:85:351:Infinity":36,"b:352:29:359:20:359:20:359:Infinity":37,"f:356:53:356:54":7,"s:356:84:356:110":93,"s:372:8:372:Infinity":94,"b:374:8:377:Infinity:undefined:undefined:undefined:undefined":38,"s:374:8:377:Infinity":95,"s:375:12:375:Infinity":96,"s:376:12:376:Infinity":97,"s:378:8:378:Infinity":98,"s:379:8:379:Infinity":99,"s:384:29:420:Infinity":100,"f:384:29:384:Infinity":8,"s:388:4:419:Infinity":101,"s:389:19:389:Infinity":102,"s:390:30:390:Infinity":103,"s:391:38:391:Infinity":104,"s:392:24:409:Infinity":105,"b:396:52:396:85:396:85:396:Infinity":39,"s:411:8:411:Infinity":106,"b:413:8:416:Infinity:undefined:undefined:undefined:undefined":40,"s:413:8:416:Infinity":107,"s:414:12:414:Infinity":108,"s:415:12:415:Infinity":109,"s:417:8:417:Infinity":110,"s:418:8:418:Infinity":111,"s:423:29:439:Infinity":112,"f:423:29:423:Infinity":9,"s:427:4:438:Infinity":113,"s:428:19:428:Infinity":114,"s:430:8:432:Infinity":115,"s:434:8:434:Infinity":116,"s:436:8:436:Infinity":117,"s:437:8:437:Infinity":118,"s:442:34:463:Infinity":119,"f:442:34:442:Infinity":10,"s:446:4:462:Infinity":120,"s:447:19:447:Infinity":121,"s:449:8:456:Infinity":122,"s:458:8:458:Infinity":123,"s:460:8:460:Infinity":124,"s:461:8:461:Infinity":125,"s:466:26:527:Infinity":126,"f:466:26:466:Infinity":11,"s:470:4:526:Infinity":127,"s:471:19:471:Infinity":128,"s:472:32:472:Infinity":129,"b:474:8:477:Infinity:undefined:undefined:undefined:undefined":41,"s:474:8:477:Infinity":130,"b:474:12:474:28:474:28:474:61":42,"s:475:12:475:Infinity":131,"s:476:12:476:Infinity":132,"s:479:24:496:Infinity":133,"s:499:24:507:Infinity":134,"b:510:8:520:Infinity:undefined:undefined:undefined:undefined":43,"s:510:8:520:Infinity":135,"b:510:12:510:32:510:32:510:71":44,"s:511:12:519:Infinity":136,"s:522:8:522:Infinity":137,"s:524:8:524:Infinity":138,"s:525:8:525:Infinity":139,"s:530:27:564:Infinity":140,"f:530:27:530:Infinity":12,"s:534:4:563:Infinity":141,"s:535:19:535:Infinity":142,"s:536:22:536:Infinity":143,"b:536:22:536:98:536:98:536:Infinity":45,"b:536:70:536:88:536:88:536:93":46,"s:537:23:537:Infinity":144,"b:537:23:537:100:537:100:537:Infinity":47,"b:537:72:537:91:537:91:537:95":48,"s:539:25:557:Infinity":145,"s:559:8:559:Infinity":146,"s:561:8:561:Infinity":147,"s:562:8:562:Infinity":148,"s:567:27:615:Infinity":149,"f:567:27:567:Infinity":13,"s:571:4:614:Infinity":150,"s:572:19:572:Infinity":151,"s:573:23:573:Infinity":152,"s:575:8:580:Infinity":153,"s:583:31:591:Infinity":154,"b:594:8:604:Infinity:undefined:undefined:undefined:undefined":49,"s:594:8:604:Infinity":155,"b:594:12:594:39:594:39:594:75":50,"s:595:12:603:Infinity":156,"s:606:8:606:Infinity":157,"b:608:8:611:Infinity:undefined:undefined:undefined:undefined":51,"s:608:8:611:Infinity":158,"s:609:12:609:Infinity":159,"s:610:12:610:Infinity":160,"s:612:8:612:Infinity":161,"s:613:8:613:Infinity":162,"s:618:29:650:Infinity":163,"f:618:29:618:Infinity":14,"s:622:4:649:Infinity":164,"s:623:19:623:Infinity":165,"s:624:23:624:Infinity":166,"s:626:8:633:Infinity":167,"s:636:8:643:Infinity":168,"s:645:8:645:Infinity":169,"s:647:8:647:Infinity":170,"s:648:8:648:Infinity":171,"s:653:31:687:Infinity":172,"f:653:31:653:Infinity":15,"s:657:4:686:Infinity":173,"s:658:19:658:Infinity":174,"s:659:23:659:Infinity":175,"s:661:8:666:Infinity":176,"s:669:8:676:Infinity":177,"s:678:8:678:Infinity":178,"b:680:8:683:Infinity:undefined:undefined:undefined:undefined":52,"s:680:8:683:Infinity":179,"s:681:12:681:Infinity":180,"s:682:12:682:Infinity":181,"s:684:8:684:Infinity":182,"s:685:8:685:Infinity":183,"s:690:30:722:Infinity":184,"f:690:30:690:Infinity":16,"s:694:4:721:Infinity":185,"s:695:19:695:Infinity":186,"s:696:23:696:Infinity":187,"s:698:8:705:Infinity":188,"s:708:8:715:Infinity":189,"s:717:8:717:Infinity":190,"s:719:8:719:Infinity":191,"s:720:8:720:Infinity":192,"s:725:32:767:Infinity":193,"f:725:32:725:Infinity":17,"s:729:4:766:Infinity":194,"s:730:23:730:Infinity":195,"s:731:22:731:Infinity":196,"b:731:22:731:98:731:98:731:Infinity":53,"b:731:70:731:88:731:88:731:93":54,"s:732:23:732:Infinity":197,"b:732:23:732:100:732:100:732:Infinity":55,"b:732:72:732:91:732:91:732:95":56,"s:734:26:760:Infinity":198,"s:762:8:762:Infinity":199,"f:762:31:762:32":18,"s:762:43:762:52":200,"s:764:8:764:Infinity":201,"s:765:8:765:Infinity":202,"s:770:31:814:Infinity":203,"f:770:31:770:Infinity":19,"s:774:4:813:Infinity":204,"s:775:19:775:Infinity":205,"s:776:27:776:Infinity":206,"s:777:23:777:Infinity":207,"b:779:8:782:Infinity:undefined:undefined:undefined:undefined":57,"s:779:8:782:Infinity":208,"s:780:12:780:Infinity":209,"s:781:12:781:Infinity":210,"s:788:24:791:Infinity":211,"b:793:8:796:Infinity:undefined:undefined:undefined:undefined":58,"s:793:8:796:Infinity":212,"s:794:12:794:Infinity":213,"s:795:12:795:Infinity":214,"b:799:8:802:Infinity:undefined:undefined:undefined:undefined":59,"s:799:8:802:Infinity":215,"b:799:12:799:43:799:43:799:80":60,"s:800:12:800:Infinity":216,"s:801:12:801:Infinity":217,"s:804:8:807:Infinity":218,"s:809:8:809:Infinity":219,"s:811:8:811:Infinity":220,"s:812:8:812:Infinity":221,"s:817:27:835:Infinity":222,"f:817:27:817:34":20,"s:818:4:834:Infinity":223,"b:819:8:821:Infinity:undefined:undefined:undefined:undefined":61,"s:819:8:821:Infinity":224,"s:820:12:820:Infinity":225,"s:823:25:823:Infinity":226,"s:825:8:830:Infinity":227,"s:832:8:832:Infinity":228,"s:833:8:833:Infinity":229}}}
,"/Users/duma/Projects/luma/backend/src/controllers/groups.controller.ts": {"path":"/Users/duma/Projects/luma/backend/src/controllers/groups.controller.ts","statementMap":{"0":{"start":{"line":7,"column":26},"end":{"line":16,"column":null}},"1":{"start":{"line":18,"column":25},"end":{"line":136,"column":null}},"2":{"start":{"line":22,"column":4},"end":{"line":135,"column":null}},"3":{"start":{"line":23,"column":24},"end":{"line":23,"column":null}},"4":{"start":{"line":24,"column":24},"end":{"line":24,"column":null}},"5":{"start":{"line":25,"column":22},"end":{"line":25,"column":null}},"6":{"start":{"line":26,"column":23},"end":{"line":26,"column":null}},"7":{"start":{"line":27,"column":24},"end":{"line":27,"column":null}},"8":{"start":{"line":28,"column":24},"end":{"line":28,"column":null}},"9":{"start":{"line":29,"column":25},"end":{"line":29,"column":null}},"10":{"start":{"line":30,"column":28},"end":{"line":30,"column":null}},"11":{"start":{"line":31,"column":31},"end":{"line":31,"column":null}},"12":{"start":{"line":33,"column":25},"end":{"line":33,"column":null}},"13":{"start":{"line":35,"column":8},"end":{"line":40,"column":null}},"14":{"start":{"line":36,"column":12},"end":{"line":39,"column":null}},"15":{"start":{"line":42,"column":8},"end":{"line":44,"column":null}},"16":{"start":{"line":43,"column":12},"end":{"line":43,"column":null}},"17":{"start":{"line":45,"column":8},"end":{"line":47,"column":null}},"18":{"start":{"line":46,"column":12},"end":{"line":46,"column":null}},"19":{"start":{"line":49,"column":8},"end":{"line":53,"column":null}},"20":{"start":{"line":50,"column":12},"end":{"line":52,"column":null}},"21":{"start":{"line":55,"column":35},"end":{"line":66,"column":null}},"22":{"start":{"line":68,"column":21},"end":{"line":68,"column":null}},"23":{"start":{"line":71,"column":8},"end":{"line":105,"column":null}},"24":{"start":{"line":72,"column":12},"end":{"line":86,"column":null}},"25":{"start":{"line":73,"column":16},"end":{"line":73,"column":null}},"26":{"start":{"line":73,"column":73},"end":{"line":73,"column":null}},"27":{"start":{"line":75,"column":26},"end":{"line":75,"column":null}},"28":{"start":{"line":76,"column":22},"end":{"line":76,"column":null}},"29":{"start":{"line":77,"column":22},"end":{"line":77,"column":null}},"30":{"start":{"line":79,"column":20},"end":{"line":81,"column":null}},"31":{"start":{"line":82,"column":26},"end":{"line":82,"column":null}},"32":{"start":{"line":83,"column":33},"end":{"line":83,"column":null}},"33":{"start":{"line":85,"column":16},"end":{"line":85,"column":null}},"34":{"start":{"line":89,"column":12},"end":{"line":104,"column":null}},"35":{"start":{"line":90,"column":16},"end":{"line":90,"column":null}},"36":{"start":{"line":90,"column":65},"end":{"line":90,"column":null}},"37":{"start":{"line":91,"column":16},"end":{"line":91,"column":null}},"38":{"start":{"line":91,"column":65},"end":{"line":91,"column":null}},"39":{"start":{"line":93,"column":36},"end":{"line":101,"column":null}},"40":{"start":{"line":94,"column":30},"end":{"line":94,"column":null}},"41":{"start":{"line":95,"column":26},"end":{"line":95,"column":null}},"42":{"start":{"line":96,"column":26},"end":{"line":96,"column":null}},"43":{"start":{"line":97,"column":30},"end":{"line":99,"column":null}},"44":{"start":{"line":100,"column":20},"end":{"line":100,"column":null}},"45":{"start":{"line":103,"column":16},"end":{"line":103,"column":null}},"46":{"start":{"line":108,"column":32},"end":{"line":108,"column":null}},"47":{"start":{"line":110,"column":8},"end":{"line":127,"column":null}},"48":{"start":{"line":111,"column":52},"end":{"line":124,"column":14}},"49":{"start":{"line":129,"column":8},"end":{"line":129,"column":null}},"50":{"start":{"line":130,"column":8},"end":{"line":134,"column":null}},"51":{"start":{"line":138,"column":27},"end":{"line":193,"column":null}},"52":{"start":{"line":142,"column":4},"end":{"line":192,"column":null}},"53":{"start":{"line":143,"column":21},"end":{"line":143,"column":null}},"54":{"start":{"line":145,"column":22},"end":{"line":164,"column":null}},"55":{"start":{"line":166,"column":8},"end":{"line":174,"column":null}},"56":{"start":{"line":176,"column":8},"end":{"line":184,"column":null}},"57":{"start":{"line":177,"column":12},"end":{"line":182,"column":null}},"58":{"start":{"line":183,"column":12},"end":{"line":183,"column":null}},"59":{"start":{"line":186,"column":8},"end":{"line":186,"column":null}},"60":{"start":{"line":187,"column":8},"end":{"line":191,"column":null}},"61":{"start":{"line":195,"column":24},"end":{"line":243,"column":null}},"62":{"start":{"line":199,"column":4},"end":{"line":242,"column":null}},"63":{"start":{"line":200,"column":24},"end":{"line":200,"column":null}},"64":{"start":{"line":201,"column":22},"end":{"line":209,"column":null}},"65":{"start":{"line":211,"column":8},"end":{"line":218,"column":null}},"66":{"start":{"line":212,"column":12},"end":{"line":216,"column":null}},"67":{"start":{"line":217,"column":12},"end":{"line":217,"column":null}},"68":{"start":{"line":220,"column":8},"end":{"line":234,"co
[...]
tart":{"line":402,"column":36},"end":{"line":404,"column":null}},"110":{"start":{"line":405,"column":8},"end":{"line":408,"column":null}},"111":{"start":{"line":406,"column":12},"end":{"line":406,"column":null}},"112":{"start":{"line":407,"column":12},"end":{"line":407,"column":null}},"113":{"start":{"line":411,"column":8},"end":{"line":414,"column":null}},"114":{"start":{"line":412,"column":12},"end":{"line":412,"column":null}},"115":{"start":{"line":413,"column":12},"end":{"line":413,"column":null}},"116":{"start":{"line":416,"column":8},"end":{"line":424,"column":null}},"117":{"start":{"line":426,"column":8},"end":{"line":426,"column":null}},"118":{"start":{"line":428,"column":8},"end":{"line":428,"column":null}},"119":{"start":{"line":429,"column":8},"end":{"line":429,"column":null}},"120":{"start":{"line":433,"column":32},"end":{"line":466,"column":null}},"121":{"start":{"line":437,"column":4},"end":{"line":465,"column":null}},"122":{"start":{"line":438,"column":24},"end":{"line":438,"column":null}},"123":{"start":{"line":439,"column":25},"end":{"line":439,"column":null}},"124":{"start":{"line":440,"column":25},"end":{"line":440,"column":null}},"125":{"start":{"line":442,"column":8},"end":{"line":445,"column":null}},"126":{"start":{"line":443,"column":12},"end":{"line":443,"column":null}},"127":{"start":{"line":444,"column":12},"end":{"line":444,"column":null}},"128":{"start":{"line":448,"column":36},"end":{"line":450,"column":null}},"129":{"start":{"line":451,"column":8},"end":{"line":454,"column":null}},"130":{"start":{"line":452,"column":12},"end":{"line":452,"column":null}},"131":{"start":{"line":453,"column":12},"end":{"line":453,"column":null}},"132":{"start":{"line":456,"column":24},"end":{"line":459,"column":null}},"133":{"start":{"line":461,"column":8},"end":{"line":461,"column":null}},"134":{"start":{"line":463,"column":8},"end":{"line":463,"column":null}},"135":{"start":{"line":464,"column":8},"end":{"line":464,"column":null}}},"fnMap":{"0":{"name":"(anonymous_0)","decl":{"start":{"line":18,"column":25},"end":{"line":18,"column":null}},"loc":{"start":{"line":21,"column":20},"end":{"line":136,"column":null}},"line":21},"1":{"name":"(anonymous_1)","decl":{"start":{"line":72,"column":35},"end":{"line":72,"column":44}},"loc":{"start":{"line":72,"column":44},"end":{"line":86,"column":13}},"line":72},"2":{"name":"(anonymous_2)","decl":{"start":{"line":89,"column":24},"end":{"line":89,"column":25}},"loc":{"start":{"line":89,"column":34},"end":{"line":104,"column":13}},"line":89},"3":{"name":"(anonymous_3)","decl":{"start":{"line":93,"column":36},"end":{"line":93,"column":37}},"loc":{"start":{"line":93,"column":66},"end":{"line":101,"column":null}},"line":93},"4":{"name":"(anonymous_4)","decl":{"start":{"line":111,"column":40},"end":{"line":111,"column":41}},"loc":{"start":{"line":111,"column":52},"end":{"line":124,"column":14}},"line":111},"5":{"name":"(anonymous_5)","decl":{"start":{"line":138,"column":27},"end":{"line":138,"column":null}},"loc":{"start":{"line":141,"column":20},"end":{"line":193,"column":null}},"line":141},"6":{"name":"(anonymous_6)","decl":{"start":{"line":195,"column":24},"end":{"line":195,"column":null}},"loc":{"start":{"line":198,"column":20},"end":{"line":243,"column":null}},"line":198},"7":{"name":"(anonymous_7)","decl":{"start":{"line":245,"column":25},"end":{"line":245,"column":null}},"loc":{"start":{"line":248,"column":20},"end":{"line":309,"column":null}},"line":248},"8":{"name":"(anonymous_8)","decl":{"start":{"line":311,"column":26},"end":{"line":311,"column":null}},"loc":{"start":{"line":314,"column":20},"end":{"line":358,"column":null}},"line":314},"9":{"name":"(anonymous_9)","decl":{"start":{"line":362,"column":31},"end":{"line":362,"column":null}},"loc":{"start":{"line":365,"column":20},"end":{"line":391,"column":null}},"line":365},"10":{"name":"(anonymous_10)","decl":{"start":{"line":378,"column":29},"end":{"line":378,"column":35}},"loc":{"start":{"line":378,"column":35},"end":{"line":386,"column":10}},"line":378},"11":{"name":"(anonymous_11)","decl":{"start":{"line":393,"column":28},"end":{"line":393,"column":null}},"loc":{"start":{"line":396,"column":20},"end":{"line":431,"column":null}},"line":396},"12":{"name":"(anonymous_12)","decl":{"start":{"line":433,"column":32},"end":{"line":433,"column":null}},"loc":{"start":{"line":436,"column":20},"end":{"line":466,"column":null}},"line":436}},"branchMap":{"0":{"loc":{"start":{"line":23,"column":24},"end":{"line":23,"column":null}},"type":"cond-expr","locations":[{"start":{"line":23,"column":63},"end":{"line":23,"column":82}},{"start":{"line":23,"column":82},"end":{"line":23,"column":null}}],"line":23},"1":{"loc":{"start":{"line":24,"column":24},"end":{"line":24,"column":null}},"type":"cond-expr","locations":[{"start":{"line":24,"column":63},"end":{"line":24,"column":82}},{"start":{"line":24,"column":82},"end":{"line":24,"column":null}}],"line":24},"2":{"loc":{"start":{"line":25,"column":22},"end":{"line":25,"column":null}},"type":"binary-expr","locations":[{"start":{"line":25,"column":22},"end":{"line":25,"column":98}},{"start":{"line":25,"column":98},"end":{"line":25,"column":null}}],"line":25},"3":{"loc":{"start":{"line":25,"column":32},"end":{"line":25,"column":93}},"type":"cond-expr","locations":[{"start":{"line":25,"column":70},"end":{"line":25,"column":88}},{"start":{"line":25,"column":88},"end":{"line":25,"column":93}}],"line":25},"4":{"loc":{"start":{"line":26,"column":23},"end":{"line":26,"column":null}},"type":"binary-expr","locations":[{"start":{"line":26,"column":23},"end":{"line":26,"column":100}},{"start":{"line":26,"column":100},"end":{"line":26,"column":null}}],"line":26},"5":{"loc":{"start":{"line":26,"column":33},"end":{"line":26,"column":95}},"type":"cond-expr","locations":[{"start":{"line":26,"column":72},"end":{"line":26,"column":91}},{"start":{"line":26,"column":91},"end":{"line":26,"column":95}}],"line":26},"6":{"loc":{"start":{"line":27,"column":24},"end":{"line":27,"column":null}},"type":"cond-expr","locations":[{"start":{"line":27,"column":45},"end":{"line":27,"column":88}},{"start":{"line":27,"column":88},"end":{"line":27,"column":null}}],"line":27},"7":{"loc":{"start":{"line":28,"column":24},"end":{"line":28,"column":null}},"type":"cond-expr","locations":[{"start":{"line":28,"column":46},"end":{"line":28,"column":90}},{"start":{"line":28,"column":90},"end":{"line":28,"column":null}}],"line":28},"8":{"loc":{"start":{"line":29,"column":25},"end":{"line":29,"column":null}},"type":"binary-expr","locations":[{"start":{"line":29,"column":25},"end":{"line":29,"column":103}},{"start":{"line":29,"column":103},"end":{"line":29,"column":null}}],"line":29},"9":{"loc":{"start":{"line":29,"column":35},"end":{"line":29,"column":98}},"type":"cond-expr","locations":[{"start":{"line":29,"column":74},"end":{"line":29,"column":93}},{"start":{"line":29,"column":93},"end":{"line":29,"column":98}}],"line":29},"10":{"loc":{"start":{"line":30,"column":28},"end":{"line":30,"column":null}},"type":"cond-expr","locations":[{"start":{"line":30,"column":65},"end":{"line":30,"column":82}},{"start":{"line":30,"column":82},"end":{"line":30,"column":null}}],"line":30},"11":{"loc":{"start":{"line":31,"column":31},"end":{"line":31,"column":null}},"type":"cond-expr","locations":[{"start":{"line":31,"column":71},"end":{"line":31,"column":91}},{"start":{"line":31,"column":91},"end":{"line":31,"column":null}}],"line":31},"12":{"loc":{"start":{"line":35,"column":8},"end":{"line":40,"column":null}},"type":"if","locations":[{"start":{"line":35,"column":8},"end":{"line":40,"column":null}},{"start":{},"end":{}}],"line":35},"13":{"loc":{"start":{"line":42,"column":8},"end":{"line":44,"column":null}},"type":"if","locations":[{"start":{"line":42,"column":8},"end":{"line":44,"column":null}},{"start":{},"end":{}}],"line":42},"14":{"loc":{"start":{"line":45,"column":8},"end":{"line":47,"column":null}},"type":"if","locations":[{"start":{"line":45,"column":8},"end":{"line":47,"column":null}},{"start":{},"end":{}}],"line":45},"15":{"loc":{"start":{"line":49,"column":8},"end":{"line":53,"column":null}},"type":"if","locations":[{"start":{"line":49,"column":8},"end":{"line":53,"column":null}},{"start":{},"end":{}}],"line":49},"16":{"loc":{"start":{"line":71,"column":8},"end":{"line":105,"column":null}},"type":"if","locations":[{"start":{"line":71,"column":8},"end":{"line":105,"column":null}},{"start":{},"end":{}}],"line":71},"17":{"loc":{"start":{"line":71,"column":12},"end":{"line":71,"column":98}},"type":"binary-expr","locations":[{"start":{"line":71,"column":12},"end":{"line":71,"column":37}},{"start":{"line":71,"column":37},"end":{"line":71,"column":62}},{"start":{"line":71,"column":62},"end":{"line":71,"column":81}},{"start":{"line":71,"column":81},"end":{"line":71,"column":98}}],"line":71},"18":{"loc":{"start":{"line":73,"column":16},"end":{"line":73,"column":null}},"type":"if","locations":[{"start":{"line":73,"column":16},"end":{"line":73,"column":null}},{"start":{},"end":{}}],"line":73},"19":{"loc":{"start":{"line":73,"column":20},"end":{"line":73,"column":73}},"type":"binary-expr","locations":[{"start":{"line":73,"column":20},"end":{"line":73,"column":47}},{"start":{"line":73,"column":47},"end":{"line":73,"column":73}}],"line":73},"20":{"loc":{"start":{"line":90,"column":16},"end":{"line":90,"column":null}},"type":"if","locations":[{"start":{"line":90,"column":16},"end":{"line":90,"column":null}},{"start":{},"end":{}}],"line":90},"21":{"loc":{"start":{"line":90,"column":20},"end":{"line":90,"column":65}},"type":"binary-expr","locations":[{"start":{"line":90,"column":20},"end":{"line":90,"column":43}},{"start":{"line":90,"column":43},"end":{"line":90,"column":65}}],"line":90},"22":{"loc":{"start":{"line":91,"column":16},"end":{"line":91,"column":null}},"type":"if","locations":[{"start":{"line":91,"column":16},"end":{"line":91,"column":null}},{"start":{},"end":{}}],"line":91},"23":{"loc":{"start":{"line":91,"column":20},"end":{"line":91,"column":65}},"type":"binary-expr","locations":[{"start":{"line":91,"column":20},"end":{"line":91,"column":43}},{"start":{"line":91,"column":43},"end":{"line":91,"column":65}}],"line":91},"24":{"loc":{"start":{"line":176,"column":8},"end":{"line":184,"column":null}},"type":"if","locations":[{"start":{"line":176,"column":8},"end":{"line":184,"column":null}},{"start":{},"end":{}}],"line":176},"25":{"loc":{"start":{"line":211,"column":8},"end":{"line":218,"column":null}},"type":"if","locations":[{"start":{"line":211,"column":8},"end":{"line":218,"column":null}},{"start":{},"end":{}}],"line":211},"26":{"loc":{"start":{"line":228,"column":24},"end":{"line":232,"column":null}},"type":"cond-expr","locations":[{"start":{"line":228,"column":42},"end":{"line":232,"column":16}},{"start":{"line":232,"column":16},"end":{"line":232,"column":null}}],"line":228},"27":{"loc":{"start":{"line":255,"column":8},"end":{"line":262,"column":null}},"type":"if","locations":[{"start":{"line":255,"column":8},"end":{"line":262,"column":null}},{"start":{},"end":{}}],"line":255},"28":{"loc":{"start":{"line":274,"column":8},"end":{"line":281,"column":null}},"type":"if","locations":[{"start":{"line":274,"column":8},"end":{"line":281,"column":null}},{"start":{},"end":{}}],"line":274},"29":{"loc":{"start":{"line":321,"column":8},"end":{"line":328,"column":null}},"type":"if","locations":[{"start":{"line":321,"column":8},"end":{"line":328,"column":null}},{"start":{},"end":{}}],"line":321},"30":{"loc":{"start":{"line":405,"column":8},"end":{"line":408,"column":null}},"type":"if","locations":[{"start":{"line":405,"column":8},"end":{"line":408,"column":null}},{"start":{},"end":{}}],"line":405},"31":{"loc":{"start":{"line":405,"column":12},"end":{"line":405,"column":74}},"type":"binary-expr","locations":[{"start":{"line":405,"column":12},"end":{"line":405,"column":36}},{"start":{"line":405,"column":36},"end":{"line":405,"column":74}}],"line":405},"32":{"loc":{"start":{"line":411,"column":8},"end":{"line":414,"column":null}},"type":"if","locations":[{"start":{"line":411,"column":8},"end":{"line":414,"column":null}},{"start":{},"end":{}}],"line":411},"33":{"loc":{"start":{"line":442,"column":8},"end":{"line":445,"column":null}},"type":"if","locations":[{"start":{"line":442,"column":8},"end":{"line":445,"column":null}},{"start":{},"end":{}}],"line":442},"34":{"loc":{"start":{"line":451,"column":8},"end":{"line":454,"column":null}},"type":"if","locations":[{"start":{"line":451,"column":8},"end":{"line":454,"column":null}},{"start":{},"end":{}}],"line":451},"35":{"loc":{"start":{"line":451,"column":12},"end":{"line":451,"column":74}},"type":"binary-expr","locations":[{"start":{"line":451,"column":12},"end":{"line":451,"column":36}},{"start":{"line":451,"column":36},"end":{"line":451,"column":74}}],"line":451}},"s":{"0":1,"1":1,"2":2,"3":2,"4":2,"5":2,"6":2,"7":2,"8":2,"9":2,"10":2,"11":2,"12":2,"13":2,"14":0,"15":2,"16":0,"17":2,"18":0,"19":2,"20":0,"21":2,"22":2,"23":2,"24":1,"25":2,"26":0,"27":2,"28":2,"29":2,"30":2,"31":2,"32":2,"33":2,"34":1,"35":0,"36":0,"37":0,"38":0,"39":0,"40":0,"41":0,"42":0,"43":0,"44":0,"45":0,"46":2,"47":2,"48":2,"49":0,"50":0,"51":1,"52":2,"53":2,"54":2,"55":1,"56":1,"57":1,"58":1,"59":0,"60":0,"61":1,"62":2,"63":2,"64":2,"65":2,"66":1,"67":1,"68":1,"69":0,"70":0,"71":1,"72":2,"73":2,"74":2,"75":2,"76":0,"77":0,"78":2,"79":2,"80":1,"81":1,"82":1,"83":1,"84":0,"85":0,"86":1,"87":0,"88":0,"89":0,"90":0,"91":0,"92":0,"93":0,"94":0,"95":0,"96":0,"97":1,"98":0,"99":0,"100":0,"101":0,"102":0,"103":0,"104":0,"105":1,"106":0,"107":0,"108":0,"109":0,"110":0,"111":0,"112":0,"113":0,"114":0,"115":0,"116":0,"117":0,"118":0,"119":0,"120":1,"121":0,"122":0,"123":0,"124":0,"125":0,"126":0,"127":0,"128":0,"129":0,"130":0,"131":0,"132":0,"133":0,"134":0,"135":0},"f":{"0":2,"1":2,"2":0,"3":0,"4":2,"5":2,"6":2,"7":2,"8":0,"9":0,"10":0,"11":0,"12":0},"b":{"0":[0,2],"1":[0,2],"2":[2,0],"3":[0,2],"4":[2,2],"5":[0,2],"6":[1,1],"7":[1,1],"8":[2,0],"9":[1,1],"10":[0,2],"11":[0,2],"12":[0,2],"13":[0,2],"14":[0,2],"15":[0,2],"16":[1,1],"17":[2,1,1,1],"18":[0,2],"19":[2,2],"20":[0,0],"21":[0,0],"22":[0,0],"23":[0,0],"24":[1,0],"25":[1,1],"26":[1,0],"27":[0,2],"28":[1,1],"29":[0,0],"30":[0,0],"31":[0,0],"32":[0,0],"33":[0,0],"34":[0,0],"35":[0,0]},"meta":{"lastBranch":36,"lastFunction":13,"lastStatement":136,"seen":{"s:7:26:16:Infinity":0,"s:18:25:136:Infinity":1,"f:18:25:18:Infinity":0,"s:22:4:135:Infinity":2,"s:23:24:23:Infinity":3,"b:23:63:23:82:23:82:23:Infinity":0,"s:24:24:24:Infinity":4,"b:24:63:24:82:24:82:24:Infinity":1,"s:25:22:25:Infinity":5,"b:25:22:25:98:25:98:25:Infinity":2,"b:25:70:25:88:25:88:25:93":3,"s:26:23:26:Infinity":6,"b:26:23:26:100:26:100:26:Infinity":4,"b:26:72:26:91:26:91:26:95":5,"s:27:24:27:Infinity":7,"b:27:45:27:88:27:88:27:Infinity":6,"s:28:24:28:Infinity":8,"b:28:46:28:90:28:90:28:Infinity":7,"s:29:25:29:Infinity":9,"b:29:25:29:103:29:103:29:Infinity":8,"b:29:74:29:93:29:93:29:98":9,"s:30:28:30:Infinity":10,"b:30:65:30:82:30:82:30:Infinity":10,"s:31:31:31:Infinity":11,"b:31:71:31:91:31:91:31:Infinity":11,"s:33:25:33:Infinity":12,"b:35:8:40:Infinity:undefined:undefined:undefined:undefined":12,"s:35:8:40:Infinity":13,"s:36:12:39:Infinity":14,"b:42:8:44:Infinity:undefined:undefined:undefined:undefined":13,"s:42:8:44:Infinity":15,"s:43:12:43:Infinity":16,"b:45:8:47:Infinity:undefined:undefined:undefined:undefined":14,"s:45:8:47:Infinity":17,"s:46:12:46:Infinity":18,"b:49:8:53:Infinity:undefined:undefined:undefined:undefined":15,"s:49:8:53:Infinity":19,"s:50:12:52:Infinity":20,"s:55:35:66:Infinity":21,"s:68:21:68:Infinity":22,"b:71:8:105:Infinity:undefined:undefined:undefined:undefined":16,"s:71:8:105:Infinity":23,"b:71:12:71:37:71:37:71:62:71:62:71:81:71:81:71:98":17,"s:72:12:86:Infinity":24,"f:72:35:72:44":1,"b:73:16:73:Infinity:undefined:undefined:undefined:undefined":18,"s:73:16:73:Infinity":25,"b:73:20:73:47:73:47:73:73":19,"s:73:73:73:Infinity":26,"s:75:26:75:Infinity":27,"s:76:22:76:Infinity":28,"s:77:22:77:Infinity":29,"s:79:20:81:Infinity":30,"s:82:26:82:Infinity":31,"s:83:33:83:Infinity":32,"s:85:16:85:Infinity":33,"s:89:12:104:Infinity":34,"f:89:24:89:25":2,"b:90:16:90:Infinity:undefined:undefined:undefined:undefined":20,"s:90:16:90:Infinity":35,"b:90:20:90:43:90:43:90:65":21,"s:90:65:90:Infinity":36,"b:91:16:91:Infinity:undefined:undefined:undefined:undefined":22,"s:91:16:91:Infinity":37,"b:91:20:91:43:91:43:91:65":23,"s:91:65:91:Infinity":38,"s:93:36:101:Infinity":39,"f:93:36:93:37":3,"s:94:30:94:Infinity":40,"s:95:26:95:Infinity":41,"s:96:26:96:Infinity":42,"s:97:30:99:Infinity":43,"s:100:20:100:Infinity":44,"s:103:16:103:Infinity":45,"s:108:32:108:Infinity":46,"s:110:8:127:Infinity":47,"f:111:40:111:41":4,"s:111:52:124:14":48,"s:129:8:129:Infinity":49,"s:130:8:134:Infinity":50,"s:138:27:193:Infinity":51,"f:138:27:138:Infinity":5,"s:142:4:192:Infinity":52,"s:143:21:143:Infinity":53,"s:145:22:164:Infinity":54,"s:166:8:174:Infinity":55,"b:176:8:184:Infinity:undefined:undefined:undefined:undefined":24,"s:176:8:184:Infinity":56,"s:177:12:182:Infinity":57,"s:183:12:183:Infinity":58,"s:186:8:186:Infinity":59,"s:187:8:191:Infinity":60,"s:195:24:243:Infinity":61,"f:195:24:195:Infinity":6,"s:199:4:242:Infinity":62,"s:200:24:200:Infinity":63,"s:201:22:209:Infinity":64,"b:211:8:218:Infinity:undefined:undefined:undefined:undefined":25,"s:211:8:218:Infinity":65,"s:212:12:216:Infinity":66,"s:217:12:217:Infinity":67,"s:220:8:234:Infinity":68,"b:228:42:232:16:232:16:232:Infinity":26,"s:236:8:236:Infinity":69,"s:237:8:241:Infinity":70,"s:245:25:309:Infinity":71,"f:245:25:245:Infinity":7,"s:249:4:308:Infinity":72,"s:250:24:250:Infinity":73,"s:251:22:253:Infinity":74,"b:255:8:262:Infinity:undefined:undefined:undefined:undefined":27,"s:255:8:262:Infinity":75,"s:256:12:260:Infinity":76,"s:261:12:261:Infinity":77,"s:265:31:272:Infinity":78,"b:274:8:281:Infinity:undefined:undefined:undefined:undefined":28,"s:274:8:281:Infinity":79,"s:275:12:279:Infinity":80,"s:280:12:280:Infinity":81,"s:284:8:295:Infinity":82,"s:297:8:300:Infinity":83,"s:302:8:302:Infinity":84,"s:303:8:307:Infinity":85,"s:311:26:358:Infinity":86,"f:311:26:311:Infinity":8,"s:315:4:357:Infinity":87,"s:316:24:316:Infinity":88,"s:317:22:319:Infinity":89,"b:321:8:328:Infinity:undefined:undefined:undefined:undefined":29,"s:321:8:328:Infinity":90,"s:322:12:326:Infinity":91,"s:327:12:327:Infinity":92,"s:331:8:344:Infinity":93,"s:346:8:349:Infinity":94,"s:351:8:351:Infinity":95,"s:352:8:356:Infinity":96,"s:362:31:391:Infinity":97,"f:362:31:362:Infinity":9,"s:366:4:390:Infinity":98,"s:367:24:367:Infinity":99,"s:368:24:376:Infinity":100,"s:378:8:386:Infinity":101,"f:378:29:378:35":10,"s:378:35:386:10":102,"s:388:8:388:Infinity":103,"s:389:8:389:Infinity":104,"s:393:28:431:Infinity":105,"f:393:28:393:Infinity":11,"s:397:4:430:Infinity":106,"s:398:24:398:Infinity":107,"s:399:25:399:Infinity":108,"s:402:36:404:Infinity":109,"b:405:8:408:Infinity:undefined:undefined:undefined:undefined":30,"s:405:8:408:Infinity":110,"b:405:12:405:36:405:36:405:74":31,"s:406:12:406:Infinity":111,"s:407:12:407:Infinity":112,"b:411:8:414:Infinity:undefined:undefined:undefined:undefined":32,"s:411:8:414:Infinity":113,"s:412:12:412:Infinity":114,"s:413:12:413:Infinity":115,"s:416:8:424:Infinity":116,"s:426:8:426:Infinity":117,"s:428:8:428:Infinity":118,"s:429:8:429:Infinity":119,"s:433:32:466:Infinity":120,"f:433:32:433:Infinity":12,"s:437:4:465:Infinity":121,"s:438:24:438:Infinity":122,"s:439:25:439:Infinity":123,"s:440:25:440:Infinity":124,"b:442:8:445:Infinity:undefined:undefined:undefined:undefined":33,"s:442:8:445:Infinity":125,"s:443:12:443:Infinity":126,"s:444:12:444:Infinity":127,"s:448:36:450:Infinity":128,"b:451:8:454:Infinity:undefined:undefined:undefined:undefined":34,"s:451:8:454:Infinity":129,"b:451:12:451:36:451:36:451:74":35,"s:452:12:452:Infinity":130,"s:453:12:453:Infinity":131,"s:456:24:459:Infinity":132,"s:461:8:461:Infinity":133,"s:463:8:463:Infinity":134,"s:464:8:464:Infinity":135}}}
}
